04-Apr-2023 08:38:50.372 INFO [main] org.apache.catalina.startup.VersionLoggerListener.log 서버 버전 이름:    Apache Tomcat/8.5.87
04-Apr-2023 08:38:50.379 INFO [main] org.apache.catalina.startup.VersionLoggerListener.log Server 빌드 시각:  Feb 27 2023 19:32:33 UTC
04-Apr-2023 08:38:50.379 INFO [main] org.apache.catalina.startup.VersionLoggerListener.log Server 버전 번호:  8.5.87.0
04-Apr-2023 08:38:50.379 INFO [main] org.apache.catalina.startup.VersionLoggerListener.log 운영체제 이름:     Windows 10
04-Apr-2023 08:38:50.379 INFO [main] org.apache.catalina.startup.VersionLoggerListener.log 운영체제 버전:     10.0
04-Apr-2023 08:38:50.379 INFO [main] org.apache.catalina.startup.VersionLoggerListener.log 아키텍처:          amd64
04-Apr-2023 08:38:50.380 INFO [main] org.apache.catalina.startup.VersionLoggerListener.log 자바 홈:           C:\Program Files\Java\jdk-20
04-Apr-2023 08:38:50.380 INFO [main] org.apache.catalina.startup.VersionLoggerListener.log JVM 버전:          20+36-2344
04-Apr-2023 08:38:50.380 INFO [main] org.apache.catalina.startup.VersionLoggerListener.log JVM 벤더:          Oracle Corporation
04-Apr-2023 08:38:50.380 INFO [main] org.apache.catalina.startup.VersionLoggerListener.log CATALINA_BASE:     C:\majun\23.03.25_JSP\apache-tomcat-8.5.87
04-Apr-2023 08:38:50.381 INFO [main] org.apache.catalina.startup.VersionLoggerListener.log CATALINA_HOME:     C:\majun\23.03.25_JSP\apache-tomcat-8.5.87
04-Apr-2023 08:38:50.381 INFO [main] org.apache.catalina.startup.VersionLoggerListener.log 명령 행 아규먼트:  --add-opens=java.base/java.lang=ALL-UNNAMED
04-Apr-2023 08:38:50.382 INFO [main] org.apache.catalina.startup.VersionLoggerListener.log 명령 행 아규먼트:  --add-opens=java.base/java.io=ALL-UNNAMED
04-Apr-2023 08:38:50.382 INFO [main] org.apache.catalina.startup.VersionLoggerListener.log 명령 행 아규먼트:  --add-opens=java.base/java.util=ALL-UNNAMED
04-Apr-2023 08:38:50.382 INFO [main] org.apache.catalina.startup.VersionLoggerListener.log 명령 행 아규먼트:  --add-opens=java.base/java.util.concurrent=ALL-UNNAMED
04-Apr-2023 08:38:50.383 INFO [main] org.apache.catalina.startup.VersionLoggerListener.log 명령 행 아규먼트:  --add-opens=java.rmi/sun.rmi.transport=ALL-UNNAMED
04-Apr-2023 08:38:50.383 INFO [main] org.apache.catalina.startup.VersionLoggerListener.log 명령 행 아규먼트:  -Djava.util.logging.config.file=C:\majun\23.03.25_JSP\apache-tomcat-8.5.87\conf\logging.properties
04-Apr-2023 08:38:50.383 INFO [main] org.apache.catalina.startup.VersionLoggerListener.log 명령 행 아규먼트:  -Djava.util.logging.manager=org.apache.juli.ClassLoaderLogManager
04-Apr-2023 08:38:50.384 INFO [main] org.apache.catalina.startup.VersionLoggerListener.log 명령 행 아규먼트:  -Djdk.tls.ephemeralDHKeySize=2048
04-Apr-2023 08:38:50.384 INFO [main] org.apache.catalina.startup.VersionLoggerListener.log 명령 행 아규먼트:  -Djava.protocol.handler.pkgs=org.apache.catalina.webresources
04-Apr-2023 08:38:50.384 INFO [main] org.apache.catalina.startup.VersionLoggerListener.log 명령 행 아규먼트:  -Dignore.endorsed.dirs=
04-Apr-2023 08:38:50.385 INFO [main] org.apache.catalina.startup.VersionLoggerListener.log 명령 행 아규먼트:  -Dcatalina.base=C:\majun\23.03.25_JSP\apache-tomcat-8.5.87
04-Apr-2023 08:38:50.385 INFO [main] org.apache.catalina.startup.VersionLoggerListener.log 명령 행 아규먼트:  -Dcatalina.home=C:\majun\23.03.25_JSP\apache-tomcat-8.5.87
04-Apr-2023 08:38:50.385 INFO [main] org.apache.catalina.startup.VersionLoggerListener.log 명령 행 아규먼트:  -Djava.io.tmpdir=C:\majun\23.03.25_JSP\apache-tomcat-8.5.87\temp
04-Apr-2023 08:38:50.386 INFO [main] org.apache.catalina.core.AprLifecycleListener.lifecycleEvent APR 버전 [1.7.2]을(를) 사용한, APR 기반 Apache Tomcat Native 라이브러리 [1.2.36]을(를) 로드했습니다.
04-Apr-2023 08:38:50.386 INFO [main] org.apache.catalina.core.AprLifecycleListener.lifecycleEvent APR 용량정보들: IPv6 [true], sendfile [true], accept filters [false], random [true], UDS [{4}].
04-Apr-2023 08:38:50.387 INFO [main] org.apache.catalina.core.AprLifecycleListener.lifecycleEvent APR/OpenSSL 설정: useAprConnector [false], useOpenSSL [true]
04-Apr-2023 08:38:50.392 INFO [main] org.apache.catalina.core.AprLifecycleListener.initializeSSL OpenSSL이 성공적으로 초기화되었습니다: [OpenSSL 1.1.1t  7 Feb 2023]
04-Apr-2023 08:38:50.460 INFO [main] org.apache.coyote.AbstractProtocol.init 프로토콜 핸들러 ["http-nio-8000"]을(를) 초기화합니다.
04-Apr-2023 08:38:50.483 INFO [main] org.apache.catalina.startup.Catalina.load Initialization processed in 1145 ms
04-Apr-2023 08:38:50.529 INFO [main] org.apache.catalina.core.StandardService.startInternal 서비스 [Catalina]을(를) 시작합니다.
04-Apr-2023 08:38:50.531 INFO [main] org.apache.catalina.core.StandardEngine.startInternal 서버 엔진을 시작합니다: [Apache Tomcat/8.5.87]
04-Apr-2023 08:38:50.538 INFO [localhost-startStop-1] org.apache.catalina.startup.HostConfig.deployDirectory 웹 애플리케이션 디렉토리 [C:\majun\23.03.25_JSP\apache-tomcat-8.5.87\webapps\docs]을(를) 배치합니다.
04-Apr-2023 08:38:51.134 INFO [localhost-startStop-1] org.apache.jasper.servlet.TldScanner.scanJars 적어도 하나의 JAR가 TLD들을 찾기 위해 스캔되었으나 아무 것도 찾지 못했습니다. 스캔했으나 TLD가 없는 JAR들의 전체 목록을 보시려면, 로그 레벨을 디버그 레벨로 설정하십시오. 스캔 과정에서 불필요한 JAR들을 건너뛰면, 시스템 시작 시간과 JSP 컴파일 시간을 단축시킬 수 있습니다.
04-Apr-2023 08:38:51.232 INFO [localhost-startStop-1] org.apache.catalina.startup.HostConfig.deployDirectory 웹 애플리케이션 디렉토리 [C:\majun\23.03.25_JSP\apache-tomcat-8.5.87\webapps\docs]에 대한 배치가 [690] 밀리초에 완료되었습니다.
04-Apr-2023 08:38:51.234 INFO [localhost-startStop-1] org.apache.catalina.startup.HostConfig.deployDirectory 웹 애플리케이션 디렉토리 [C:\majun\23.03.25_JSP\apache-tomcat-8.5.87\webapps\examples]을(를) 배치합니다.
04-Apr-2023 08:38:52.035 INFO [localhost-startStop-1] org.apache.jasper.servlet.TldScanner.scanJars 적어도 하나의 JAR가 TLD들을 찾기 위해 스캔되었으나 아무 것도 찾지 못했습니다. 스캔했으나 TLD가 없는 JAR들의 전체 목록을 보시려면, 로그 레벨을 디버그 레벨로 설정하십시오. 스캔 과정에서 불필요한 JAR들을 건너뛰면, 시스템 시작 시간과 JSP 컴파일 시간을 단축시킬 수 있습니다.
04-Apr-2023 08:38:52.087 INFO [localhost-startStop-1] org.apache.catalina.startup.HostConfig.deployDirectory 웹 애플리케이션 디렉토리 [C:\majun\23.03.25_JSP\apache-tomcat-8.5.87\webapps\examples]에 대한 배치가 [853] 밀리초에 완료되었습니다.
04-Apr-2023 08:38:52.089 INFO [localhost-startStop-1] org.apache.catalina.startup.HostConfig.deployDirectory 웹 애플리케이션 디렉토리 [C:\majun\23.03.25_JSP\apache-tomcat-8.5.87\webapps\host-manager]을(를) 배치합니다.
04-Apr-2023 08:38:52.304 INFO [localhost-startStop-1] org.apache.jasper.servlet.TldScanner.scanJars 적어도 하나의 JAR가 TLD들을 찾기 위해 스캔되었으나 아무 것도 찾지 못했습니다. 스캔했으나 TLD가 없는 JAR들의 전체 목록을 보시려면, 로그 레벨을 디버그 레벨로 설정하십시오. 스캔 과정에서 불필요한 JAR들을 건너뛰면, 시스템 시작 시간과 JSP 컴파일 시간을 단축시킬 수 있습니다.
04-Apr-2023 08:38:52.316 INFO [localhost-startStop-1] org.apache.catalina.startup.HostConfig.deployDirectory 웹 애플리케이션 디렉토리 [C:\majun\23.03.25_JSP\apache-tomcat-8.5.87\webapps\host-manager]에 대한 배치가 [227] 밀리초에 완료되었습니다.
04-Apr-2023 08:38:52.317 INFO [localhost-startStop-1] org.apache.catalina.startup.HostConfig.deployDirectory 웹 애플리케이션 디렉토리 [C:\majun\23.03.25_JSP\apache-tomcat-8.5.87\webapps\manager]을(를) 배치합니다.
04-Apr-2023 08:38:52.520 INFO [localhost-startStop-1] org.apache.jasper.servlet.TldScanner.scanJars 적어도 하나의 JAR가 TLD들을 찾기 위해 스캔되었으나 아무 것도 찾지 못했습니다. 스캔했으나 TLD가 없는 JAR들의 전체 목록을 보시려면, 로그 레벨을 디버그 레벨로 설정하십시오. 스캔 과정에서 불필요한 JAR들을 건너뛰면, 시스템 시작 시간과 JSP 컴파일 시간을 단축시킬 수 있습니다.
04-Apr-2023 08:38:52.528 INFO [localhost-startStop-1] org.apache.catalina.startup.HostConfig.deployDirectory 웹 애플리케이션 디렉토리 [C:\majun\23.03.25_JSP\apache-tomcat-8.5.87\webapps\manager]에 대한 배치가 [210] 밀리초에 완료되었습니다.
04-Apr-2023 08:38:52.528 INFO [localhost-startStop-1] org.apache.catalina.startup.HostConfig.deployDirectory 웹 애플리케이션 디렉토리 [C:\majun\23.03.25_JSP\apache-tomcat-8.5.87\webapps\ROOT]을(를) 배치합니다.
04-Apr-2023 08:38:52.771 INFO [localhost-startStop-1] org.apache.jasper.servlet.TldScanner.scanJars 적어도 하나의 JAR가 TLD들을 찾기 위해 스캔되었으나 아무 것도 찾지 못했습니다. 스캔했으나 TLD가 없는 JAR들의 전체 목록을 보시려면, 로그 레벨을 디버그 레벨로 설정하십시오. 스캔 과정에서 불필요한 JAR들을 건너뛰면, 시스템 시작 시간과 JSP 컴파일 시간을 단축시킬 수 있습니다.
04-Apr-2023 08:38:52.788 INFO [localhost-startStop-1] org.apache.catalina.startup.HostConfig.deployDirectory 웹 애플리케이션 디렉토리 [C:\majun\23.03.25_JSP\apache-tomcat-8.5.87\webapps\ROOT]에 대한 배치가 [260] 밀리초에 완료되었습니다.
04-Apr-2023 08:38:52.791 INFO [main] org.apache.coyote.AbstractProtocol.start 프로토콜 핸들러 ["http-nio-8000"]을(를) 시작합니다.
04-Apr-2023 08:38:52.838 INFO [main] org.apache.catalina.startup.Catalina.start Server startup in 2353 ms
