05-Sep-2023 07:52:46.449 INFO [main] org.apache.catalina.startup.VersionLoggerListener.log 서버 버전 이름:    Apache Tomcat/8.5.87
05-Sep-2023 07:52:46.451 INFO [main] org.apache.catalina.startup.VersionLoggerListener.log Server 빌드 시각:  Feb 27 2023 19:32:33 UTC
05-Sep-2023 07:52:46.452 INFO [main] org.apache.catalina.startup.VersionLoggerListener.log Server 버전 번호:  8.5.87.0
05-Sep-2023 07:52:46.452 INFO [main] org.apache.catalina.startup.VersionLoggerListener.log 운영체제 이름:     Windows 11
05-Sep-2023 07:52:46.452 INFO [main] org.apache.catalina.startup.VersionLoggerListener.log 운영체제 버전:     10.0
05-Sep-2023 07:52:46.452 INFO [main] org.apache.catalina.startup.VersionLoggerListener.log 아키텍처:          amd64
05-Sep-2023 07:52:46.452 INFO [main] org.apache.catalina.startup.VersionLoggerListener.log 자바 홈:           C:\Program Files\Java\jdk-20
05-Sep-2023 07:52:46.452 INFO [main] org.apache.catalina.startup.VersionLoggerListener.log JVM 버전:          20+36-2344
05-Sep-2023 07:52:46.452 INFO [main] org.apache.catalina.startup.VersionLoggerListener.log JVM 벤더:          Oracle Corporation
05-Sep-2023 07:52:46.453 INFO [main] org.apache.catalina.startup.VersionLoggerListener.log CATALINA_BASE:     C:\majun\23.03.25_JSP\apache-tomcat-8.5.87
05-Sep-2023 07:52:46.453 INFO [main] org.apache.catalina.startup.VersionLoggerListener.log CATALINA_HOME:     C:\majun\23.03.25_JSP\apache-tomcat-8.5.87
05-Sep-2023 07:52:46.453 INFO [main] org.apache.catalina.startup.VersionLoggerListener.log 명령 행 아규먼트:  --add-opens=java.base/java.lang=ALL-UNNAMED
05-Sep-2023 07:52:46.453 INFO [main] org.apache.catalina.startup.VersionLoggerListener.log 명령 행 아규먼트:  --add-opens=java.base/java.io=ALL-UNNAMED
05-Sep-2023 07:52:46.454 INFO [main] org.apache.catalina.startup.VersionLoggerListener.log 명령 행 아규먼트:  --add-opens=java.base/java.util=ALL-UNNAMED
05-Sep-2023 07:52:46.454 INFO [main] org.apache.catalina.startup.VersionLoggerListener.log 명령 행 아규먼트:  --add-opens=java.base/java.util.concurrent=ALL-UNNAMED
05-Sep-2023 07:52:46.454 INFO [main] org.apache.catalina.startup.VersionLoggerListener.log 명령 행 아규먼트:  --add-opens=java.rmi/sun.rmi.transport=ALL-UNNAMED
05-Sep-2023 07:52:46.454 INFO [main] org.apache.catalina.startup.VersionLoggerListener.log 명령 행 아규먼트:  -Djava.util.logging.config.file=C:\majun\23.03.25_JSP\apache-tomcat-8.5.87\conf\logging.properties
05-Sep-2023 07:52:46.454 INFO [main] org.apache.catalina.startup.VersionLoggerListener.log 명령 행 아규먼트:  -Djava.util.logging.manager=org.apache.juli.ClassLoaderLogManager
05-Sep-2023 07:52:46.454 INFO [main] org.apache.catalina.startup.VersionLoggerListener.log 명령 행 아규먼트:  -Djdk.tls.ephemeralDHKeySize=2048
05-Sep-2023 07:52:46.454 INFO [main] org.apache.catalina.startup.VersionLoggerListener.log 명령 행 아규먼트:  -Djava.protocol.handler.pkgs=org.apache.catalina.webresources
05-Sep-2023 07:52:46.456 INFO [main] org.apache.catalina.startup.VersionLoggerListener.log 명령 행 아규먼트:  -Dignore.endorsed.dirs=
05-Sep-2023 07:52:46.456 INFO [main] org.apache.catalina.startup.VersionLoggerListener.log 명령 행 아규먼트:  -Dcatalina.base=C:\majun\23.03.25_JSP\apache-tomcat-8.5.87
05-Sep-2023 07:52:46.456 INFO [main] org.apache.catalina.startup.VersionLoggerListener.log 명령 행 아규먼트:  -Dcatalina.home=C:\majun\23.03.25_JSP\apache-tomcat-8.5.87
05-Sep-2023 07:52:46.456 INFO [main] org.apache.catalina.startup.VersionLoggerListener.log 명령 행 아규먼트:  -Djava.io.tmpdir=C:\majun\23.03.25_JSP\apache-tomcat-8.5.87\temp
05-Sep-2023 07:52:46.456 INFO [main] org.apache.catalina.core.AprLifecycleListener.lifecycleEvent APR 버전 [1.7.2]을(를) 사용한, APR 기반 Apache Tomcat Native 라이브러리 [1.2.36]을(를) 로드했습니다.
05-Sep-2023 07:52:46.456 INFO [main] org.apache.catalina.core.AprLifecycleListener.lifecycleEvent APR 용량정보들: IPv6 [true], sendfile [true], accept filters [false], random [true], UDS [{4}].
05-Sep-2023 07:52:46.456 INFO [main] org.apache.catalina.core.AprLifecycleListener.lifecycleEvent APR/OpenSSL 설정: useAprConnector [false], useOpenSSL [true]
05-Sep-2023 07:52:46.460 INFO [main] org.apache.catalina.core.AprLifecycleListener.initializeSSL OpenSSL이 성공적으로 초기화되었습니다: [OpenSSL 1.1.1t  7 Feb 2023]
05-Sep-2023 07:52:46.523 INFO [main] org.apache.coyote.AbstractProtocol.init 프로토콜 핸들러 ["http-nio-8000"]을(를) 초기화합니다.
05-Sep-2023 07:52:46.546 INFO [main] org.apache.coyote.AbstractProtocol.init 프로토콜 핸들러 ["ajp-nio-0:0:0:0:0:0:0:1-8009"]을(를) 초기화합니다.
05-Sep-2023 07:52:46.548 INFO [main] org.apache.catalina.startup.Catalina.load Initialization processed in 613 ms
05-Sep-2023 07:52:46.582 INFO [main] org.apache.catalina.core.StandardService.startInternal 서비스 [Catalina]을(를) 시작합니다.
05-Sep-2023 07:52:46.582 INFO [main] org.apache.catalina.core.StandardEngine.startInternal 서버 엔진을 시작합니다: [Apache Tomcat/8.5.87]
05-Sep-2023 07:52:46.590 INFO [localhost-startStop-1] org.apache.catalina.startup.HostConfig.deployDirectory 웹 애플리케이션 디렉토리 [C:\majun\23.03.25_JSP\apache-tomcat-8.5.87\webapps\docs]을(를) 배치합니다.
05-Sep-2023 07:52:47.057 INFO [localhost-startStop-1] org.apache.jasper.servlet.TldScanner.scanJars 적어도 하나의 JAR가 TLD들을 찾기 위해 스캔되었으나 아무 것도 찾지 못했습니다. 스캔했으나 TLD가 없는 JAR들의 전체 목록을 보시려면, 로그 레벨을 디버그 레벨로 설정하십시오. 스캔 과정에서 불필요한 JAR들을 건너뛰면, 시스템 시작 시간과 JSP 컴파일 시간을 단축시킬 수 있습니다.
05-Sep-2023 07:52:47.148 INFO [localhost-startStop-1] org.apache.catalina.startup.HostConfig.deployDirectory 웹 애플리케이션 디렉토리 [C:\majun\23.03.25_JSP\apache-tomcat-8.5.87\webapps\docs]에 대한 배치가 [555] 밀리초에 완료되었습니다.
05-Sep-2023 07:52:47.150 INFO [localhost-startStop-1] org.apache.catalina.startup.HostConfig.deployDirectory 웹 애플리케이션 디렉토리 [C:\majun\23.03.25_JSP\apache-tomcat-8.5.87\webapps\examples]을(를) 배치합니다.
05-Sep-2023 07:52:47.946 INFO [localhost-startStop-1] org.apache.jasper.servlet.TldScanner.scanJars 적어도 하나의 JAR가 TLD들을 찾기 위해 스캔되었으나 아무 것도 찾지 못했습니다. 스캔했으나 TLD가 없는 JAR들의 전체 목록을 보시려면, 로그 레벨을 디버그 레벨로 설정하십시오. 스캔 과정에서 불필요한 JAR들을 건너뛰면, 시스템 시작 시간과 JSP 컴파일 시간을 단축시킬 수 있습니다.
05-Sep-2023 07:52:48.008 INFO [localhost-startStop-1] org.apache.catalina.startup.HostConfig.deployDirectory 웹 애플리케이션 디렉토리 [C:\majun\23.03.25_JSP\apache-tomcat-8.5.87\webapps\examples]에 대한 배치가 [857] 밀리초에 완료되었습니다.
05-Sep-2023 07:52:48.008 INFO [localhost-startStop-1] org.apache.catalina.startup.HostConfig.deployDirectory 웹 애플리케이션 디렉토리 [C:\majun\23.03.25_JSP\apache-tomcat-8.5.87\webapps\host-manager]을(를) 배치합니다.
05-Sep-2023 07:52:48.199 INFO [localhost-startStop-1] org.apache.jasper.servlet.TldScanner.scanJars 적어도 하나의 JAR가 TLD들을 찾기 위해 스캔되었으나 아무 것도 찾지 못했습니다. 스캔했으나 TLD가 없는 JAR들의 전체 목록을 보시려면, 로그 레벨을 디버그 레벨로 설정하십시오. 스캔 과정에서 불필요한 JAR들을 건너뛰면, 시스템 시작 시간과 JSP 컴파일 시간을 단축시킬 수 있습니다.
05-Sep-2023 07:52:48.207 INFO [localhost-startStop-1] org.apache.catalina.startup.HostConfig.deployDirectory 웹 애플리케이션 디렉토리 [C:\majun\23.03.25_JSP\apache-tomcat-8.5.87\webapps\host-manager]에 대한 배치가 [199] 밀리초에 완료되었습니다.
05-Sep-2023 07:52:48.207 INFO [localhost-startStop-1] org.apache.catalina.startup.HostConfig.deployDirectory 웹 애플리케이션 디렉토리 [C:\majun\23.03.25_JSP\apache-tomcat-8.5.87\webapps\manager]을(를) 배치합니다.
05-Sep-2023 07:52:48.379 INFO [localhost-startStop-1] org.apache.jasper.servlet.TldScanner.scanJars 적어도 하나의 JAR가 TLD들을 찾기 위해 스캔되었으나 아무 것도 찾지 못했습니다. 스캔했으나 TLD가 없는 JAR들의 전체 목록을 보시려면, 로그 레벨을 디버그 레벨로 설정하십시오. 스캔 과정에서 불필요한 JAR들을 건너뛰면, 시스템 시작 시간과 JSP 컴파일 시간을 단축시킬 수 있습니다.
05-Sep-2023 07:52:48.382 INFO [localhost-startStop-1] org.apache.catalina.startup.HostConfig.deployDirectory 웹 애플리케이션 디렉토리 [C:\majun\23.03.25_JSP\apache-tomcat-8.5.87\webapps\manager]에 대한 배치가 [174] 밀리초에 완료되었습니다.
05-Sep-2023 07:52:48.382 INFO [localhost-startStop-1] org.apache.catalina.startup.HostConfig.deployDirectory 웹 애플리케이션 디렉토리 [C:\majun\23.03.25_JSP\apache-tomcat-8.5.87\webapps\ROOT]을(를) 배치합니다.
05-Sep-2023 07:52:48.634 INFO [localhost-startStop-1] org.apache.jasper.servlet.TldScanner.scanJars 적어도 하나의 JAR가 TLD들을 찾기 위해 스캔되었으나 아무 것도 찾지 못했습니다. 스캔했으나 TLD가 없는 JAR들의 전체 목록을 보시려면, 로그 레벨을 디버그 레벨로 설정하십시오. 스캔 과정에서 불필요한 JAR들을 건너뛰면, 시스템 시작 시간과 JSP 컴파일 시간을 단축시킬 수 있습니다.
05-Sep-2023 07:52:48.649 INFO [localhost-startStop-1] org.apache.catalina.startup.HostConfig.deployDirectory 웹 애플리케이션 디렉토리 [C:\majun\23.03.25_JSP\apache-tomcat-8.5.87\webapps\ROOT]에 대한 배치가 [267] 밀리초에 완료되었습니다.
05-Sep-2023 07:52:48.652 INFO [main] org.apache.coyote.AbstractProtocol.start 프로토콜 핸들러 ["http-nio-8000"]을(를) 시작합니다.
05-Sep-2023 07:52:48.737 SEVERE [main] org.apache.catalina.core.StandardService.startInternal Failed to start connector [Connector[AJP/1.3-8009]]
	org.apache.catalina.LifecycleException: 프로토콜 핸들러 시작 실패
		at org.apache.catalina.connector.Connector.startInternal(Connector.java:1099)
		at org.apache.catalina.util.LifecycleBase.start(LifecycleBase.java:183)
		at org.apache.catalina.core.StandardService.startInternal(StandardService.java:447)
		at org.apache.catalina.util.LifecycleBase.start(LifecycleBase.java:183)
		at org.apache.catalina.core.StandardServer.startInternal(StandardServer.java:779)
		at org.apache.catalina.util.LifecycleBase.start(LifecycleBase.java:183)
		at org.apache.catalina.startup.Catalina.start(Catalina.java:695)
		at java.base/jdk.internal.reflect.DirectMethodHandleAccessor.invoke(DirectMethodHandleAccessor.java:104)
		at java.base/java.lang.reflect.Method.invoke(Method.java:578)
		at org.apache.catalina.startup.Bootstrap.start(Bootstrap.java:347)
		at org.apache.catalina.startup.Bootstrap.main(Bootstrap.java:478)
	Caused by: java.lang.IllegalArgumentException: AJP 연결자는 secretRequired="true"로 구성되었으나 보안 속성이 널 또는 ""입니다. 이 조합은 유효하지 않습니다.
		at org.apache.coyote.ajp.AbstractAjpProtocol.start(AbstractAjpProtocol.java:267)
		at org.apache.catalina.connector.Connector.startInternal(Connector.java:1097)
		... 10 more
05-Sep-2023 07:52:48.738 INFO [main] org.apache.catalina.startup.Catalina.start Server startup in 2190 ms
05-Sep-2023 07:53:53.601 SEVERE [http-nio-8000-exec-9] org.apache.jasper.compiler.JDTCompiler$1.findType 클래스 [java.lang.System](을)를 불러올 수 없습니다.
	org.eclipse.jdt.internal.compiler.classfmt.ClassFormatException
		at org.eclipse.jdt.internal.compiler.classfmt.ClassFileReader.<init>(ClassFileReader.java:406)
		at org.apache.jasper.compiler.JDTCompiler$1.findType(JDTCompiler.java:231)
		at org.apache.jasper.compiler.JDTCompiler$1.findType(JDTCompiler.java:207)
		at org.eclipse.jdt.internal.compiler.lookup.LookupEnvironment.askForType(LookupEnvironment.java:174)
		at org.eclipse.jdt.internal.compiler.lookup.PackageBinding.getType(PackageBinding.java:145)
		at org.eclipse.jdt.internal.compiler.lookup.Scope.findType(Scope.java:1926)
		at org.eclipse.jdt.internal.compiler.lookup.Scope.getTypeOrPackage(Scope.java:3254)
		at org.eclipse.jdt.internal.compiler.lookup.Scope.getBinding(Scope.java:2192)
		at org.eclipse.jdt.internal.compiler.ast.SingleNameReference.resolveType(SingleNameReference.java:987)
		at org.eclipse.jdt.internal.compiler.ast.MessageSend.resolveType(MessageSend.java:636)
		at org.eclipse.jdt.internal.compiler.ast.MessageSend.resolveType(MessageSend.java:636)
		at org.eclipse.jdt.internal.compiler.ast.MessageSend.resolveType(MessageSend.java:636)
		at org.eclipse.jdt.internal.compiler.ast.EqualExpression.resolveType(EqualExpression.java:827)
		at org.eclipse.jdt.internal.compiler.ast.Expression.resolveTypeExpecting(Expression.java:1056)
		at org.eclipse.jdt.internal.compiler.ast.IfStatement.resolve(IfStatement.java:273)
		at org.eclipse.jdt.internal.compiler.ast.Block.resolve(Block.java:117)
		at org.eclipse.jdt.internal.compiler.ast.IfStatement.resolve(IfStatement.java:276)
		at org.eclipse.jdt.internal.compiler.ast.Block.resolveUsing(Block.java:130)
		at org.eclipse.jdt.internal.compiler.ast.TryStatement.resolve(TryStatement.java:1073)
		at org.eclipse.jdt.internal.compiler.ast.AbstractMethodDeclaration.resolveStatements(AbstractMethodDeclaration.java:634)
		at org.eclipse.jdt.internal.compiler.ast.MethodDeclaration.resolveStatements(MethodDeclaration.java:306)
		at org.eclipse.jdt.internal.compiler.ast.AbstractMethodDeclaration.resolve(AbstractMethodDeclaration.java:544)
		at org.eclipse.jdt.internal.compiler.ast.TypeDeclaration.resolve(TypeDeclaration.java:1195)
		at org.eclipse.jdt.internal.compiler.ast.TypeDeclaration.resolve(TypeDeclaration.java:1308)
		at org.eclipse.jdt.internal.compiler.ast.CompilationUnitDeclaration.resolve(CompilationUnitDeclaration.java:593)
		at org.eclipse.jdt.internal.compiler.Compiler.process(Compiler.java:867)
		at org.eclipse.jdt.internal.compiler.Compiler.processCompiledUnits(Compiler.java:550)
		at org.eclipse.jdt.internal.compiler.Compiler.compile(Compiler.java:462)
		at org.eclipse.jdt.internal.compiler.Compiler.compile(Compiler.java:417)
		at org.apache.jasper.compiler.JDTCompiler.generateClass(JDTCompiler.java:587)
		at org.apache.jasper.compiler.Compiler.compile(Compiler.java:381)
		at org.apache.jasper.compiler.Compiler.compile(Compiler.java:351)
		at org.apache.jasper.compiler.Compiler.compile(Compiler.java:335)
		at org.apache.jasper.JspCompilationContext.compile(JspCompilationContext.java:597)
		at org.apache.jasper.servlet.JspServletWrapper.service(JspServletWrapper.java:398)
		at org.apache.jasper.servlet.JspServlet.serviceJspFile(JspServlet.java:383)
		at org.apache.jasper.servlet.JspServlet.service(JspServlet.java:331)
		at javax.servlet.http.HttpServlet.service(HttpServlet.java:582)
		at org.apache.catalina.core.ApplicationFilterChain.internalDoFilter(ApplicationFilterChain.java:212)
		at org.apache.catalina.core.ApplicationFilterChain.doFilter(ApplicationFilterChain.java:156)
		at org.apache.tomcat.websocket.server.WsFilter.doFilter(WsFilter.java:52)
		at org.apache.catalina.core.ApplicationFilterChain.internalDoFilter(ApplicationFilterChain.java:181)
		at org.apache.catalina.core.ApplicationFilterChain.doFilter(ApplicationFilterChain.java:156)
		at org.apache.catalina.core.StandardWrapperValve.invoke(StandardWrapperValve.java:167)
		at org.apache.catalina.core.StandardContextValve.invoke(StandardContextValve.java:90)
		at org.apache.catalina.authenticator.AuthenticatorBase.invoke(AuthenticatorBase.java:494)
		at org.apache.catalina.core.StandardHostValve.invoke(StandardHostValve.java:130)
		at org.apache.catalina.valves.ErrorReportValve.invoke(ErrorReportValve.java:93)
		at org.apache.catalina.valves.AbstractAccessLogValve.invoke(AbstractAccessLogValve.java:682)
		at org.apache.catalina.core.StandardEngineValve.invoke(StandardEngineValve.java:74)
		at org.apache.catalina.connector.CoyoteAdapter.service(CoyoteAdapter.java:343)
		at org.apache.coyote.http11.Http11Processor.service(Http11Processor.java:617)
		at org.apache.coyote.AbstractProcessorLight.process(AbstractProcessorLight.java:63)
		at org.apache.coyote.AbstractProtocol$ConnectionHandler.process(AbstractProtocol.java:932)
		at org.apache.tomcat.util.net.NioEndpoint$SocketProcessor.doRun(NioEndpoint.java:1695)
		at org.apache.tomcat.util.net.SocketProcessorBase.run(SocketProcessorBase.java:49)
		at org.apache.tomcat.util.threads.ThreadPoolExecutor.runWorker(ThreadPoolExecutor.java:1191)
		at org.apache.tomcat.util.threads.ThreadPoolExecutor$Worker.run(ThreadPoolExecutor.java:659)
		at org.apache.tomcat.util.threads.TaskThread$WrappingRunnable.run(TaskThread.java:61)
		at java.base/java.lang.Thread.run(Thread.java:1623)
05-Sep-2023 07:54:28.428 SEVERE [http-nio-8000-exec-10] org.apache.jasper.compiler.JDTCompiler$1.findType 클래스 [java.lang.System](을)를 불러올 수 없습니다.
	org.eclipse.jdt.internal.compiler.classfmt.ClassFormatException
		at org.eclipse.jdt.internal.compiler.classfmt.ClassFileReader.<init>(ClassFileReader.java:406)
		at org.apache.jasper.compiler.JDTCompiler$1.findType(JDTCompiler.java:231)
		at org.apache.jasper.compiler.JDTCompiler$1.findType(JDTCompiler.java:207)
		at org.eclipse.jdt.internal.compiler.lookup.LookupEnvironment.askForType(LookupEnvironment.java:174)
		at org.eclipse.jdt.internal.compiler.lookup.PackageBinding.getType(PackageBinding.java:145)
		at org.eclipse.jdt.internal.compiler.lookup.Scope.findType(Scope.java:1926)
		at org.eclipse.jdt.internal.compiler.lookup.Scope.getTypeOrPackage(Scope.java:3254)
		at org.eclipse.jdt.internal.compiler.lookup.Scope.getBinding(Scope.java:2192)
		at org.eclipse.jdt.internal.compiler.ast.SingleNameReference.resolveType(SingleNameReference.java:987)
		at org.eclipse.jdt.internal.compiler.ast.MessageSend.resolveType(MessageSend.java:636)
		at org.eclipse.jdt.internal.compiler.ast.MessageSend.resolveType(MessageSend.java:636)
		at org.eclipse.jdt.internal.compiler.ast.MessageSend.resolveType(MessageSend.java:636)
		at org.eclipse.jdt.internal.compiler.ast.EqualExpression.resolveType(EqualExpression.java:827)
		at org.eclipse.jdt.internal.compiler.ast.Expression.resolveTypeExpecting(Expression.java:1056)
		at org.eclipse.jdt.internal.compiler.ast.IfStatement.resolve(IfStatement.java:273)
		at org.eclipse.jdt.internal.compiler.ast.Block.resolve(Block.java:117)
		at org.eclipse.jdt.internal.compiler.ast.IfStatement.resolve(IfStatement.java:276)
		at org.eclipse.jdt.internal.compiler.ast.Block.resolveUsing(Block.java:130)
		at org.eclipse.jdt.internal.compiler.ast.TryStatement.resolve(TryStatement.java:1073)
		at org.eclipse.jdt.internal.compiler.ast.AbstractMethodDeclaration.resolveStatements(AbstractMethodDeclaration.java:634)
		at org.eclipse.jdt.internal.compiler.ast.MethodDeclaration.resolveStatements(MethodDeclaration.java:306)
		at org.eclipse.jdt.internal.compiler.ast.AbstractMethodDeclaration.resolve(AbstractMethodDeclaration.java:544)
		at org.eclipse.jdt.internal.compiler.ast.TypeDeclaration.resolve(TypeDeclaration.java:1195)
		at org.eclipse.jdt.internal.compiler.ast.TypeDeclaration.resolve(TypeDeclaration.java:1308)
		at org.eclipse.jdt.internal.compiler.ast.CompilationUnitDeclaration.resolve(CompilationUnitDeclaration.java:593)
		at org.eclipse.jdt.internal.compiler.Compiler.process(Compiler.java:867)
		at org.eclipse.jdt.internal.compiler.Compiler.processCompiledUnits(Compiler.java:550)
		at org.eclipse.jdt.internal.compiler.Compiler.compile(Compiler.java:462)
		at org.eclipse.jdt.internal.compiler.Compiler.compile(Compiler.java:417)
		at org.apache.jasper.compiler.JDTCompiler.generateClass(JDTCompiler.java:587)
		at org.apache.jasper.compiler.Compiler.compile(Compiler.java:381)
		at org.apache.jasper.compiler.Compiler.compile(Compiler.java:351)
		at org.apache.jasper.compiler.Compiler.compile(Compiler.java:335)
		at org.apache.jasper.JspCompilationContext.compile(JspCompilationContext.java:597)
		at org.apache.jasper.servlet.JspServletWrapper.service(JspServletWrapper.java:398)
		at org.apache.jasper.servlet.JspServlet.serviceJspFile(JspServlet.java:383)
		at org.apache.jasper.servlet.JspServlet.service(JspServlet.java:331)
		at javax.servlet.http.HttpServlet.service(HttpServlet.java:582)
		at org.apache.catalina.core.ApplicationFilterChain.internalDoFilter(ApplicationFilterChain.java:212)
		at org.apache.catalina.core.ApplicationFilterChain.doFilter(ApplicationFilterChain.java:156)
		at org.apache.tomcat.websocket.server.WsFilter.doFilter(WsFilter.java:52)
		at org.apache.catalina.core.ApplicationFilterChain.internalDoFilter(ApplicationFilterChain.java:181)
		at org.apache.catalina.core.ApplicationFilterChain.doFilter(ApplicationFilterChain.java:156)
		at org.apache.catalina.core.StandardWrapperValve.invoke(StandardWrapperValve.java:167)
		at org.apache.catalina.core.StandardContextValve.invoke(StandardContextValve.java:90)
		at org.apache.catalina.authenticator.AuthenticatorBase.invoke(AuthenticatorBase.java:494)
		at org.apache.catalina.core.StandardHostValve.invoke(StandardHostValve.java:130)
		at org.apache.catalina.valves.ErrorReportValve.invoke(ErrorReportValve.java:93)
		at org.apache.catalina.valves.AbstractAccessLogValve.invoke(AbstractAccessLogValve.java:682)
		at org.apache.catalina.core.StandardEngineValve.invoke(StandardEngineValve.java:74)
		at org.apache.catalina.connector.CoyoteAdapter.service(CoyoteAdapter.java:343)
		at org.apache.coyote.http11.Http11Processor.service(Http11Processor.java:617)
		at org.apache.coyote.AbstractProcessorLight.process(AbstractProcessorLight.java:63)
		at org.apache.coyote.AbstractProtocol$ConnectionHandler.process(AbstractProtocol.java:932)
		at org.apache.tomcat.util.net.NioEndpoint$SocketProcessor.doRun(NioEndpoint.java:1695)
		at org.apache.tomcat.util.net.SocketProcessorBase.run(SocketProcessorBase.java:49)
		at org.apache.tomcat.util.threads.ThreadPoolExecutor.runWorker(ThreadPoolExecutor.java:1191)
		at org.apache.tomcat.util.threads.ThreadPoolExecutor$Worker.run(ThreadPoolExecutor.java:659)
		at org.apache.tomcat.util.threads.TaskThread$WrappingRunnable.run(TaskThread.java:61)
		at java.base/java.lang.Thread.run(Thread.java:1623)
05-Sep-2023 07:59:14.378 INFO [Thread-1] org.apache.coyote.AbstractProtocol.pause 프로토콜 핸들러 ["http-nio-8000"]을(를) 일시 정지 중
05-Sep-2023 07:59:14.404 INFO [Thread-1] org.apache.coyote.AbstractProtocol.pause 프로토콜 핸들러 ["ajp-nio-0:0:0:0:0:0:0:1-8009"]을(를) 일시 정지 중
05-Sep-2023 07:59:14.405 INFO [Thread-1] org.apache.catalina.core.StandardService.stopInternal 서비스 [Catalina]을(를) 중지시킵니다.
05-Sep-2023 07:59:14.503 INFO [Thread-1] org.apache.coyote.AbstractProtocol.stop 프로토콜 핸들러 ["http-nio-8000"]을(를) 중지시킵니다.
05-Sep-2023 07:59:14.508 INFO [Thread-1] org.apache.coyote.AbstractProtocol.destroy 프로토콜 핸들러 ["http-nio-8000"]을(를) 소멸시킵니다.
05-Sep-2023 07:59:14.509 INFO [Thread-1] org.apache.coyote.AbstractProtocol.stop 프로토콜 핸들러 ["ajp-nio-0:0:0:0:0:0:0:1-8009"]을(를) 중지시킵니다.
05-Sep-2023 07:59:14.509 INFO [Thread-1] org.apache.coyote.AbstractProtocol.destroy 프로토콜 핸들러 ["ajp-nio-0:0:0:0:0:0:0:1-8009"]을(를) 소멸시킵니다.
