31-Oct-2023 16:40:53.707 INFO [main] org.apache.catalina.startup.VersionLoggerListener.log 서버 버전 이름:    Apache Tomcat/8.5.87
31-Oct-2023 16:40:53.709 INFO [main] org.apache.catalina.startup.VersionLoggerListener.log Server 빌드 시각:  Feb 27 2023 19:32:33 UTC
31-Oct-2023 16:40:53.709 INFO [main] org.apache.catalina.startup.VersionLoggerListener.log Server 버전 번호:  8.5.87.0
31-Oct-2023 16:40:53.709 INFO [main] org.apache.catalina.startup.VersionLoggerListener.log 운영체제 이름:     Windows 11
31-Oct-2023 16:40:53.709 INFO [main] org.apache.catalina.startup.VersionLoggerListener.log 운영체제 버전:     10.0
31-Oct-2023 16:40:53.710 INFO [main] org.apache.catalina.startup.VersionLoggerListener.log 아키텍처:          amd64
31-Oct-2023 16:40:53.710 INFO [main] org.apache.catalina.startup.VersionLoggerListener.log 자바 홈:           C:\Program Files\Java\jdk-20
31-Oct-2023 16:40:53.710 INFO [main] org.apache.catalina.startup.VersionLoggerListener.log JVM 버전:          20+36-2344
31-Oct-2023 16:40:53.710 INFO [main] org.apache.catalina.startup.VersionLoggerListener.log JVM 벤더:          Oracle Corporation
31-Oct-2023 16:40:53.710 INFO [main] org.apache.catalina.startup.VersionLoggerListener.log CATALINA_BASE:     C:\majun\23.03.25_JSP\apache-tomcat-8.5.87
31-Oct-2023 16:40:53.710 INFO [main] org.apache.catalina.startup.VersionLoggerListener.log CATALINA_HOME:     C:\majun\23.03.25_JSP\apache-tomcat-8.5.87
31-Oct-2023 16:40:53.712 INFO [main] org.apache.catalina.startup.VersionLoggerListener.log 명령 행 아규먼트:  --add-opens=java.base/java.lang=ALL-UNNAMED
31-Oct-2023 16:40:53.712 INFO [main] org.apache.catalina.startup.VersionLoggerListener.log 명령 행 아규먼트:  --add-opens=java.base/java.io=ALL-UNNAMED
31-Oct-2023 16:40:53.712 INFO [main] org.apache.catalina.startup.VersionLoggerListener.log 명령 행 아규먼트:  --add-opens=java.base/java.util=ALL-UNNAMED
31-Oct-2023 16:40:53.713 INFO [main] org.apache.catalina.startup.VersionLoggerListener.log 명령 행 아규먼트:  --add-opens=java.base/java.util.concurrent=ALL-UNNAMED
31-Oct-2023 16:40:53.713 INFO [main] org.apache.catalina.startup.VersionLoggerListener.log 명령 행 아규먼트:  --add-opens=java.rmi/sun.rmi.transport=ALL-UNNAMED
31-Oct-2023 16:40:53.713 INFO [main] org.apache.catalina.startup.VersionLoggerListener.log 명령 행 아규먼트:  -Djava.util.logging.config.file=C:\majun\23.03.25_JSP\apache-tomcat-8.5.87\conf\logging.properties
31-Oct-2023 16:40:53.713 INFO [main] org.apache.catalina.startup.VersionLoggerListener.log 명령 행 아규먼트:  -Djava.util.logging.manager=org.apache.juli.ClassLoaderLogManager
31-Oct-2023 16:40:53.713 INFO [main] org.apache.catalina.startup.VersionLoggerListener.log 명령 행 아규먼트:  -Djdk.tls.ephemeralDHKeySize=2048
31-Oct-2023 16:40:53.714 INFO [main] org.apache.catalina.startup.VersionLoggerListener.log 명령 행 아규먼트:  -Djava.protocol.handler.pkgs=org.apache.catalina.webresources
31-Oct-2023 16:40:53.714 INFO [main] org.apache.catalina.startup.VersionLoggerListener.log 명령 행 아규먼트:  -Dignore.endorsed.dirs=
31-Oct-2023 16:40:53.714 INFO [main] org.apache.catalina.startup.VersionLoggerListener.log 명령 행 아규먼트:  -Dcatalina.base=C:\majun\23.03.25_JSP\apache-tomcat-8.5.87
31-Oct-2023 16:40:53.714 INFO [main] org.apache.catalina.startup.VersionLoggerListener.log 명령 행 아규먼트:  -Dcatalina.home=C:\majun\23.03.25_JSP\apache-tomcat-8.5.87
31-Oct-2023 16:40:53.714 INFO [main] org.apache.catalina.startup.VersionLoggerListener.log 명령 행 아규먼트:  -Djava.io.tmpdir=C:\majun\23.03.25_JSP\apache-tomcat-8.5.87\temp
31-Oct-2023 16:40:53.714 INFO [main] org.apache.catalina.core.AprLifecycleListener.lifecycleEvent APR 버전 [1.7.2]을(를) 사용한, APR 기반 Apache Tomcat Native 라이브러리 [1.2.36]을(를) 로드했습니다.
31-Oct-2023 16:40:53.715 INFO [main] org.apache.catalina.core.AprLifecycleListener.lifecycleEvent APR 용량정보들: IPv6 [true], sendfile [true], accept filters [false], random [true], UDS [{4}].
31-Oct-2023 16:40:53.715 INFO [main] org.apache.catalina.core.AprLifecycleListener.lifecycleEvent APR/OpenSSL 설정: useAprConnector [false], useOpenSSL [true]
31-Oct-2023 16:40:53.720 INFO [main] org.apache.catalina.core.AprLifecycleListener.initializeSSL OpenSSL이 성공적으로 초기화되었습니다: [OpenSSL 1.1.1t  7 Feb 2023]
31-Oct-2023 16:40:53.791 INFO [main] org.apache.coyote.AbstractProtocol.init 프로토콜 핸들러 ["http-nio-8000"]을(를) 초기화합니다.
31-Oct-2023 16:40:53.813 INFO [main] org.apache.coyote.AbstractProtocol.init 프로토콜 핸들러 ["ajp-nio-0:0:0:0:0:0:0:1-8009"]을(를) 초기화합니다.
31-Oct-2023 16:40:53.814 INFO [main] org.apache.catalina.startup.Catalina.load Initialization processed in 570 ms
31-Oct-2023 16:40:53.854 INFO [main] org.apache.catalina.core.StandardService.startInternal 서비스 [Catalina]을(를) 시작합니다.
31-Oct-2023 16:40:53.854 INFO [main] org.apache.catalina.core.StandardEngine.startInternal 서버 엔진을 시작합니다: [Apache Tomcat/8.5.87]
31-Oct-2023 16:40:53.864 INFO [localhost-startStop-1] org.apache.catalina.startup.HostConfig.deployDirectory 웹 애플리케이션 디렉토리 [C:\majun\23.03.25_JSP\apache-tomcat-8.5.87\webapps\docs]을(를) 배치합니다.
31-Oct-2023 16:40:54.323 INFO [localhost-startStop-1] org.apache.jasper.servlet.TldScanner.scanJars 적어도 하나의 JAR가 TLD들을 찾기 위해 스캔되었으나 아무 것도 찾지 못했습니다. 스캔했으나 TLD가 없는 JAR들의 전체 목록을 보시려면, 로그 레벨을 디버그 레벨로 설정하십시오. 스캔 과정에서 불필요한 JAR들을 건너뛰면, 시스템 시작 시간과 JSP 컴파일 시간을 단축시킬 수 있습니다.
31-Oct-2023 16:40:54.411 INFO [localhost-startStop-1] org.apache.catalina.startup.HostConfig.deployDirectory 웹 애플리케이션 디렉토리 [C:\majun\23.03.25_JSP\apache-tomcat-8.5.87\webapps\docs]에 대한 배치가 [545] 밀리초에 완료되었습니다.
31-Oct-2023 16:40:54.411 INFO [localhost-startStop-1] org.apache.catalina.startup.HostConfig.deployDirectory 웹 애플리케이션 디렉토리 [C:\majun\23.03.25_JSP\apache-tomcat-8.5.87\webapps\examples]을(를) 배치합니다.
31-Oct-2023 16:40:54.929 INFO [localhost-startStop-1] org.apache.jasper.servlet.TldScanner.scanJars 적어도 하나의 JAR가 TLD들을 찾기 위해 스캔되었으나 아무 것도 찾지 못했습니다. 스캔했으나 TLD가 없는 JAR들의 전체 목록을 보시려면, 로그 레벨을 디버그 레벨로 설정하십시오. 스캔 과정에서 불필요한 JAR들을 건너뛰면, 시스템 시작 시간과 JSP 컴파일 시간을 단축시킬 수 있습니다.
31-Oct-2023 16:40:54.983 INFO [localhost-startStop-1] org.apache.catalina.startup.HostConfig.deployDirectory 웹 애플리케이션 디렉토리 [C:\majun\23.03.25_JSP\apache-tomcat-8.5.87\webapps\examples]에 대한 배치가 [572] 밀리초에 완료되었습니다.
31-Oct-2023 16:40:54.984 INFO [localhost-startStop-1] org.apache.catalina.startup.HostConfig.deployDirectory 웹 애플리케이션 디렉토리 [C:\majun\23.03.25_JSP\apache-tomcat-8.5.87\webapps\host-manager]을(를) 배치합니다.
31-Oct-2023 16:40:55.171 INFO [localhost-startStop-1] org.apache.jasper.servlet.TldScanner.scanJars 적어도 하나의 JAR가 TLD들을 찾기 위해 스캔되었으나 아무 것도 찾지 못했습니다. 스캔했으나 TLD가 없는 JAR들의 전체 목록을 보시려면, 로그 레벨을 디버그 레벨로 설정하십시오. 스캔 과정에서 불필요한 JAR들을 건너뛰면, 시스템 시작 시간과 JSP 컴파일 시간을 단축시킬 수 있습니다.
31-Oct-2023 16:40:55.181 INFO [localhost-startStop-1] org.apache.catalina.startup.HostConfig.deployDirectory 웹 애플리케이션 디렉토리 [C:\majun\23.03.25_JSP\apache-tomcat-8.5.87\webapps\host-manager]에 대한 배치가 [197] 밀리초에 완료되었습니다.
31-Oct-2023 16:40:55.181 INFO [localhost-startStop-1] org.apache.catalina.startup.HostConfig.deployDirectory 웹 애플리케이션 디렉토리 [C:\majun\23.03.25_JSP\apache-tomcat-8.5.87\webapps\manager]을(를) 배치합니다.
31-Oct-2023 16:40:55.355 INFO [localhost-startStop-1] org.apache.jasper.servlet.TldScanner.scanJars 적어도 하나의 JAR가 TLD들을 찾기 위해 스캔되었으나 아무 것도 찾지 못했습니다. 스캔했으나 TLD가 없는 JAR들의 전체 목록을 보시려면, 로그 레벨을 디버그 레벨로 설정하십시오. 스캔 과정에서 불필요한 JAR들을 건너뛰면, 시스템 시작 시간과 JSP 컴파일 시간을 단축시킬 수 있습니다.
31-Oct-2023 16:40:55.360 INFO [localhost-startStop-1] org.apache.catalina.startup.HostConfig.deployDirectory 웹 애플리케이션 디렉토리 [C:\majun\23.03.25_JSP\apache-tomcat-8.5.87\webapps\manager]에 대한 배치가 [179] 밀리초에 완료되었습니다.
31-Oct-2023 16:40:55.360 INFO [localhost-startStop-1] org.apache.catalina.startup.HostConfig.deployDirectory 웹 애플리케이션 디렉토리 [C:\majun\23.03.25_JSP\apache-tomcat-8.5.87\webapps\ROOT]을(를) 배치합니다.
31-Oct-2023 16:40:55.571 INFO [localhost-startStop-1] org.apache.jasper.servlet.TldScanner.scanJars 적어도 하나의 JAR가 TLD들을 찾기 위해 스캔되었으나 아무 것도 찾지 못했습니다. 스캔했으나 TLD가 없는 JAR들의 전체 목록을 보시려면, 로그 레벨을 디버그 레벨로 설정하십시오. 스캔 과정에서 불필요한 JAR들을 건너뛰면, 시스템 시작 시간과 JSP 컴파일 시간을 단축시킬 수 있습니다.
31-Oct-2023 16:40:55.585 INFO [localhost-startStop-1] org.apache.catalina.startup.HostConfig.deployDirectory 웹 애플리케이션 디렉토리 [C:\majun\23.03.25_JSP\apache-tomcat-8.5.87\webapps\ROOT]에 대한 배치가 [225] 밀리초에 완료되었습니다.
31-Oct-2023 16:40:55.587 INFO [main] org.apache.coyote.AbstractProtocol.start 프로토콜 핸들러 ["http-nio-8000"]을(를) 시작합니다.
31-Oct-2023 16:40:55.639 SEVERE [main] org.apache.catalina.core.StandardService.startInternal Failed to start connector [Connector[AJP/1.3-8009]]
	org.apache.catalina.LifecycleException: 프로토콜 핸들러 시작 실패
		at org.apache.catalina.connector.Connector.startInternal(Connector.java:1099)
		at org.apache.catalina.util.LifecycleBase.start(LifecycleBase.java:183)
		at org.apache.catalina.core.StandardService.startInternal(StandardService.java:447)
		at org.apache.catalina.util.LifecycleBase.start(LifecycleBase.java:183)
		at org.apache.catalina.core.StandardServer.startInternal(StandardServer.java:779)
		at org.apache.catalina.util.LifecycleBase.start(LifecycleBase.java:183)
		at org.apache.catalina.startup.Catalina.start(Catalina.java:695)
		at java.base/jdk.internal.reflect.DirectMethodHandleAccessor.invoke(DirectMethodHandleAccessor.java:104)
		at java.base/java.lang.reflect.Method.invoke(Method.java:578)
		at org.apache.catalina.startup.Bootstrap.start(Bootstrap.java:347)
		at org.apache.catalina.startup.Bootstrap.main(Bootstrap.java:478)
	Caused by: java.lang.IllegalArgumentException: AJP 연결자는 secretRequired="true"로 구성되었으나 보안 속성이 널 또는 ""입니다. 이 조합은 유효하지 않습니다.
		at org.apache.coyote.ajp.AbstractAjpProtocol.start(AbstractAjpProtocol.java:267)
		at org.apache.catalina.connector.Connector.startInternal(Connector.java:1097)
		... 10 more
31-Oct-2023 16:40:55.640 INFO [main] org.apache.catalina.startup.Catalina.start Server startup in 1824 ms
31-Oct-2023 20:33:10.201 INFO [Thread-1] org.apache.coyote.AbstractProtocol.pause 프로토콜 핸들러 ["http-nio-8000"]을(를) 일시 정지 중
31-Oct-2023 20:33:10.224 INFO [Thread-1] org.apache.coyote.AbstractProtocol.pause 프로토콜 핸들러 ["ajp-nio-0:0:0:0:0:0:0:1-8009"]을(를) 일시 정지 중
31-Oct-2023 20:33:10.225 INFO [Thread-1] org.apache.catalina.core.StandardService.stopInternal 서비스 [Catalina]을(를) 중지시킵니다.
31-Oct-2023 20:33:10.757 INFO [Thread-1] org.apache.coyote.AbstractProtocol.stop 프로토콜 핸들러 ["http-nio-8000"]을(를) 중지시킵니다.
31-Oct-2023 20:33:10.769 INFO [Thread-1] org.apache.coyote.AbstractProtocol.destroy 프로토콜 핸들러 ["http-nio-8000"]을(를) 소멸시킵니다.
31-Oct-2023 20:33:10.772 INFO [Thread-1] org.apache.coyote.AbstractProtocol.stop 프로토콜 핸들러 ["ajp-nio-0:0:0:0:0:0:0:1-8009"]을(를) 중지시킵니다.
31-Oct-2023 20:33:10.772 INFO [Thread-1] org.apache.coyote.AbstractProtocol.destroy 프로토콜 핸들러 ["ajp-nio-0:0:0:0:0:0:0:1-8009"]을(를) 소멸시킵니다.
