12-Apr-2023 12:32:05.026 INFO [main] org.apache.catalina.startup.VersionLoggerListener.log 서버 버전 이름:    Apache Tomcat/8.5.87
12-Apr-2023 12:32:05.031 INFO [main] org.apache.catalina.startup.VersionLoggerListener.log Server 빌드 시각:  Feb 27 2023 19:32:33 UTC
12-Apr-2023 12:32:05.032 INFO [main] org.apache.catalina.startup.VersionLoggerListener.log Server 버전 번호:  8.5.87.0
12-Apr-2023 12:32:05.032 INFO [main] org.apache.catalina.startup.VersionLoggerListener.log 운영체제 이름:     Windows 10
12-Apr-2023 12:32:05.032 INFO [main] org.apache.catalina.startup.VersionLoggerListener.log 운영체제 버전:     10.0
12-Apr-2023 12:32:05.033 INFO [main] org.apache.catalina.startup.VersionLoggerListener.log 아키텍처:          amd64
12-Apr-2023 12:32:05.033 INFO [main] org.apache.catalina.startup.VersionLoggerListener.log 자바 홈:           C:\Program Files\Java\jdk-20
12-Apr-2023 12:32:05.033 INFO [main] org.apache.catalina.startup.VersionLoggerListener.log JVM 버전:          20+36-2344
12-Apr-2023 12:32:05.033 INFO [main] org.apache.catalina.startup.VersionLoggerListener.log JVM 벤더:          Oracle Corporation
12-Apr-2023 12:32:05.033 INFO [main] org.apache.catalina.startup.VersionLoggerListener.log CATALINA_BASE:     C:\majun\23.03.25_JSP\apache-tomcat-8.5.87
12-Apr-2023 12:32:05.034 INFO [main] org.apache.catalina.startup.VersionLoggerListener.log CATALINA_HOME:     C:\majun\23.03.25_JSP\apache-tomcat-8.5.87
12-Apr-2023 12:32:05.034 INFO [main] org.apache.catalina.startup.VersionLoggerListener.log 명령 행 아규먼트:  --add-opens=java.base/java.lang=ALL-UNNAMED
12-Apr-2023 12:32:05.034 INFO [main] org.apache.catalina.startup.VersionLoggerListener.log 명령 행 아규먼트:  --add-opens=java.base/java.io=ALL-UNNAMED
12-Apr-2023 12:32:05.036 INFO [main] org.apache.catalina.startup.VersionLoggerListener.log 명령 행 아규먼트:  --add-opens=java.base/java.util=ALL-UNNAMED
12-Apr-2023 12:32:05.037 INFO [main] org.apache.catalina.startup.VersionLoggerListener.log 명령 행 아규먼트:  --add-opens=java.base/java.util.concurrent=ALL-UNNAMED
12-Apr-2023 12:32:05.038 INFO [main] org.apache.catalina.startup.VersionLoggerListener.log 명령 행 아규먼트:  --add-opens=java.rmi/sun.rmi.transport=ALL-UNNAMED
12-Apr-2023 12:32:05.039 INFO [main] org.apache.catalina.startup.VersionLoggerListener.log 명령 행 아규먼트:  -Djava.util.logging.config.file=C:\majun\23.03.25_JSP\apache-tomcat-8.5.87\conf\logging.properties
12-Apr-2023 12:32:05.039 INFO [main] org.apache.catalina.startup.VersionLoggerListener.log 명령 행 아규먼트:  -Djava.util.logging.manager=org.apache.juli.ClassLoaderLogManager
12-Apr-2023 12:32:05.040 INFO [main] org.apache.catalina.startup.VersionLoggerListener.log 명령 행 아규먼트:  -Djdk.tls.ephemeralDHKeySize=2048
12-Apr-2023 12:32:05.041 INFO [main] org.apache.catalina.startup.VersionLoggerListener.log 명령 행 아규먼트:  -Djava.protocol.handler.pkgs=org.apache.catalina.webresources
12-Apr-2023 12:32:05.042 INFO [main] org.apache.catalina.startup.VersionLoggerListener.log 명령 행 아규먼트:  -Dignore.endorsed.dirs=
12-Apr-2023 12:32:05.043 INFO [main] org.apache.catalina.startup.VersionLoggerListener.log 명령 행 아규먼트:  -Dcatalina.base=C:\majun\23.03.25_JSP\apache-tomcat-8.5.87
12-Apr-2023 12:32:05.043 INFO [main] org.apache.catalina.startup.VersionLoggerListener.log 명령 행 아규먼트:  -Dcatalina.home=C:\majun\23.03.25_JSP\apache-tomcat-8.5.87
12-Apr-2023 12:32:05.044 INFO [main] org.apache.catalina.startup.VersionLoggerListener.log 명령 행 아규먼트:  -Djava.io.tmpdir=C:\majun\23.03.25_JSP\apache-tomcat-8.5.87\temp
12-Apr-2023 12:32:05.045 INFO [main] org.apache.catalina.core.AprLifecycleListener.lifecycleEvent APR 버전 [1.7.2]을(를) 사용한, APR 기반 Apache Tomcat Native 라이브러리 [1.2.36]을(를) 로드했습니다.
12-Apr-2023 12:32:05.048 INFO [main] org.apache.catalina.core.AprLifecycleListener.lifecycleEvent APR 용량정보들: IPv6 [true], sendfile [true], accept filters [false], random [true], UDS [{4}].
12-Apr-2023 12:32:05.049 INFO [main] org.apache.catalina.core.AprLifecycleListener.lifecycleEvent APR/OpenSSL 설정: useAprConnector [false], useOpenSSL [true]
12-Apr-2023 12:32:05.055 INFO [main] org.apache.catalina.core.AprLifecycleListener.initializeSSL OpenSSL이 성공적으로 초기화되었습니다: [OpenSSL 1.1.1t  7 Feb 2023]
12-Apr-2023 12:32:05.123 INFO [main] org.apache.coyote.AbstractProtocol.init 프로토콜 핸들러 ["http-nio-8000"]을(를) 초기화합니다.
12-Apr-2023 12:32:05.154 INFO [main] org.apache.catalina.startup.Catalina.load Initialization processed in 601 ms
12-Apr-2023 12:32:05.197 INFO [main] org.apache.catalina.core.StandardService.startInternal 서비스 [Catalina]을(를) 시작합니다.
12-Apr-2023 12:32:05.199 INFO [main] org.apache.catalina.core.StandardEngine.startInternal 서버 엔진을 시작합니다: [Apache Tomcat/8.5.87]
12-Apr-2023 12:32:05.207 INFO [localhost-startStop-1] org.apache.catalina.startup.HostConfig.deployDirectory 웹 애플리케이션 디렉토리 [C:\majun\23.03.25_JSP\apache-tomcat-8.5.87\webapps\docs]을(를) 배치합니다.
12-Apr-2023 12:32:05.703 INFO [localhost-startStop-1] org.apache.jasper.servlet.TldScanner.scanJars 적어도 하나의 JAR가 TLD들을 찾기 위해 스캔되었으나 아무 것도 찾지 못했습니다. 스캔했으나 TLD가 없는 JAR들의 전체 목록을 보시려면, 로그 레벨을 디버그 레벨로 설정하십시오. 스캔 과정에서 불필요한 JAR들을 건너뛰면, 시스템 시작 시간과 JSP 컴파일 시간을 단축시킬 수 있습니다.
12-Apr-2023 12:32:05.808 INFO [localhost-startStop-1] org.apache.catalina.startup.HostConfig.deployDirectory 웹 애플리케이션 디렉토리 [C:\majun\23.03.25_JSP\apache-tomcat-8.5.87\webapps\docs]에 대한 배치가 [597] 밀리초에 완료되었습니다.
12-Apr-2023 12:32:05.812 INFO [localhost-startStop-1] org.apache.catalina.startup.HostConfig.deployDirectory 웹 애플리케이션 디렉토리 [C:\majun\23.03.25_JSP\apache-tomcat-8.5.87\webapps\examples]을(를) 배치합니다.
12-Apr-2023 12:32:06.599 INFO [localhost-startStop-1] org.apache.jasper.servlet.TldScanner.scanJars 적어도 하나의 JAR가 TLD들을 찾기 위해 스캔되었으나 아무 것도 찾지 못했습니다. 스캔했으나 TLD가 없는 JAR들의 전체 목록을 보시려면, 로그 레벨을 디버그 레벨로 설정하십시오. 스캔 과정에서 불필요한 JAR들을 건너뛰면, 시스템 시작 시간과 JSP 컴파일 시간을 단축시킬 수 있습니다.
12-Apr-2023 12:32:06.671 INFO [localhost-startStop-1] org.apache.catalina.startup.HostConfig.deployDirectory 웹 애플리케이션 디렉토리 [C:\majun\23.03.25_JSP\apache-tomcat-8.5.87\webapps\examples]에 대한 배치가 [859] 밀리초에 완료되었습니다.
12-Apr-2023 12:32:06.673 INFO [localhost-startStop-1] org.apache.catalina.startup.HostConfig.deployDirectory 웹 애플리케이션 디렉토리 [C:\majun\23.03.25_JSP\apache-tomcat-8.5.87\webapps\host-manager]을(를) 배치합니다.
12-Apr-2023 12:32:06.888 INFO [localhost-startStop-1] org.apache.jasper.servlet.TldScanner.scanJars 적어도 하나의 JAR가 TLD들을 찾기 위해 스캔되었으나 아무 것도 찾지 못했습니다. 스캔했으나 TLD가 없는 JAR들의 전체 목록을 보시려면, 로그 레벨을 디버그 레벨로 설정하십시오. 스캔 과정에서 불필요한 JAR들을 건너뛰면, 시스템 시작 시간과 JSP 컴파일 시간을 단축시킬 수 있습니다.
12-Apr-2023 12:32:06.902 INFO [localhost-startStop-1] org.apache.catalina.startup.HostConfig.deployDirectory 웹 애플리케이션 디렉토리 [C:\majun\23.03.25_JSP\apache-tomcat-8.5.87\webapps\host-manager]에 대한 배치가 [229] 밀리초에 완료되었습니다.
12-Apr-2023 12:32:06.904 INFO [localhost-startStop-1] org.apache.catalina.startup.HostConfig.deployDirectory 웹 애플리케이션 디렉토리 [C:\majun\23.03.25_JSP\apache-tomcat-8.5.87\webapps\manager]을(를) 배치합니다.
12-Apr-2023 12:32:07.131 INFO [localhost-startStop-1] org.apache.jasper.servlet.TldScanner.scanJars 적어도 하나의 JAR가 TLD들을 찾기 위해 스캔되었으나 아무 것도 찾지 못했습니다. 스캔했으나 TLD가 없는 JAR들의 전체 목록을 보시려면, 로그 레벨을 디버그 레벨로 설정하십시오. 스캔 과정에서 불필요한 JAR들을 건너뛰면, 시스템 시작 시간과 JSP 컴파일 시간을 단축시킬 수 있습니다.
12-Apr-2023 12:32:07.140 INFO [localhost-startStop-1] org.apache.catalina.startup.HostConfig.deployDirectory 웹 애플리케이션 디렉토리 [C:\majun\23.03.25_JSP\apache-tomcat-8.5.87\webapps\manager]에 대한 배치가 [236] 밀리초에 완료되었습니다.
12-Apr-2023 12:32:07.142 INFO [localhost-startStop-1] org.apache.catalina.startup.HostConfig.deployDirectory 웹 애플리케이션 디렉토리 [C:\majun\23.03.25_JSP\apache-tomcat-8.5.87\webapps\ROOT]을(를) 배치합니다.
12-Apr-2023 12:32:07.401 INFO [localhost-startStop-1] org.apache.jasper.servlet.TldScanner.scanJars 적어도 하나의 JAR가 TLD들을 찾기 위해 스캔되었으나 아무 것도 찾지 못했습니다. 스캔했으나 TLD가 없는 JAR들의 전체 목록을 보시려면, 로그 레벨을 디버그 레벨로 설정하십시오. 스캔 과정에서 불필요한 JAR들을 건너뛰면, 시스템 시작 시간과 JSP 컴파일 시간을 단축시킬 수 있습니다.
12-Apr-2023 12:32:07.423 INFO [localhost-startStop-1] org.apache.catalina.startup.HostConfig.deployDirectory 웹 애플리케이션 디렉토리 [C:\majun\23.03.25_JSP\apache-tomcat-8.5.87\webapps\ROOT]에 대한 배치가 [281] 밀리초에 완료되었습니다.
12-Apr-2023 12:32:07.427 INFO [main] org.apache.coyote.AbstractProtocol.start 프로토콜 핸들러 ["http-nio-8000"]을(를) 시작합니다.
12-Apr-2023 12:32:07.498 INFO [main] org.apache.catalina.startup.Catalina.start Server startup in 2342 ms
12-Apr-2023 17:55:11.406 INFO [main] org.apache.catalina.startup.VersionLoggerListener.log 서버 버전 이름:    Apache Tomcat/8.5.87
12-Apr-2023 17:55:11.410 INFO [main] org.apache.catalina.startup.VersionLoggerListener.log Server 빌드 시각:  Feb 27 2023 19:32:33 UTC
12-Apr-2023 17:55:11.410 INFO [main] org.apache.catalina.startup.VersionLoggerListener.log Server 버전 번호:  8.5.87.0
12-Apr-2023 17:55:11.411 INFO [main] org.apache.catalina.startup.VersionLoggerListener.log 운영체제 이름:     Windows 10
12-Apr-2023 17:55:11.411 INFO [main] org.apache.catalina.startup.VersionLoggerListener.log 운영체제 버전:     10.0
12-Apr-2023 17:55:11.411 INFO [main] org.apache.catalina.startup.VersionLoggerListener.log 아키텍처:          amd64
12-Apr-2023 17:55:11.411 INFO [main] org.apache.catalina.startup.VersionLoggerListener.log 자바 홈:           C:\Program Files\Java\jdk-20
12-Apr-2023 17:55:11.411 INFO [main] org.apache.catalina.startup.VersionLoggerListener.log JVM 버전:          20+36-2344
12-Apr-2023 17:55:11.412 INFO [main] org.apache.catalina.startup.VersionLoggerListener.log JVM 벤더:          Oracle Corporation
12-Apr-2023 17:55:11.412 INFO [main] org.apache.catalina.startup.VersionLoggerListener.log CATALINA_BASE:     C:\majun\23.03.25_JSP\apache-tomcat-8.5.87
12-Apr-2023 17:55:11.412 INFO [main] org.apache.catalina.startup.VersionLoggerListener.log CATALINA_HOME:     C:\majun\23.03.25_JSP\apache-tomcat-8.5.87
12-Apr-2023 17:55:11.412 INFO [main] org.apache.catalina.startup.VersionLoggerListener.log 명령 행 아규먼트:  --add-opens=java.base/java.lang=ALL-UNNAMED
12-Apr-2023 17:55:11.413 INFO [main] org.apache.catalina.startup.VersionLoggerListener.log 명령 행 아규먼트:  --add-opens=java.base/java.io=ALL-UNNAMED
12-Apr-2023 17:55:11.414 INFO [main] org.apache.catalina.startup.VersionLoggerListener.log 명령 행 아규먼트:  --add-opens=java.base/java.util=ALL-UNNAMED
12-Apr-2023 17:55:11.414 INFO [main] org.apache.catalina.startup.VersionLoggerListener.log 명령 행 아규먼트:  --add-opens=java.base/java.util.concurrent=ALL-UNNAMED
12-Apr-2023 17:55:11.416 INFO [main] org.apache.catalina.startup.VersionLoggerListener.log 명령 행 아규먼트:  --add-opens=java.rmi/sun.rmi.transport=ALL-UNNAMED
12-Apr-2023 17:55:11.417 INFO [main] org.apache.catalina.startup.VersionLoggerListener.log 명령 행 아규먼트:  -Djava.util.logging.config.file=C:\majun\23.03.25_JSP\apache-tomcat-8.5.87\conf\logging.properties
12-Apr-2023 17:55:11.418 INFO [main] org.apache.catalina.startup.VersionLoggerListener.log 명령 행 아규먼트:  -Djava.util.logging.manager=org.apache.juli.ClassLoaderLogManager
12-Apr-2023 17:55:11.418 INFO [main] org.apache.catalina.startup.VersionLoggerListener.log 명령 행 아규먼트:  -Djdk.tls.ephemeralDHKeySize=2048
12-Apr-2023 17:55:11.419 INFO [main] org.apache.catalina.startup.VersionLoggerListener.log 명령 행 아규먼트:  -Djava.protocol.handler.pkgs=org.apache.catalina.webresources
12-Apr-2023 17:55:11.420 INFO [main] org.apache.catalina.startup.VersionLoggerListener.log 명령 행 아규먼트:  -Dignore.endorsed.dirs=
12-Apr-2023 17:55:11.421 INFO [main] org.apache.catalina.startup.VersionLoggerListener.log 명령 행 아규먼트:  -Dcatalina.base=C:\majun\23.03.25_JSP\apache-tomcat-8.5.87
12-Apr-2023 17:55:11.421 INFO [main] org.apache.catalina.startup.VersionLoggerListener.log 명령 행 아규먼트:  -Dcatalina.home=C:\majun\23.03.25_JSP\apache-tomcat-8.5.87
12-Apr-2023 17:55:11.422 INFO [main] org.apache.catalina.startup.VersionLoggerListener.log 명령 행 아규먼트:  -Djava.io.tmpdir=C:\majun\23.03.25_JSP\apache-tomcat-8.5.87\temp
12-Apr-2023 17:55:11.423 INFO [main] org.apache.catalina.core.AprLifecycleListener.lifecycleEvent APR 버전 [1.7.2]을(를) 사용한, APR 기반 Apache Tomcat Native 라이브러리 [1.2.36]을(를) 로드했습니다.
12-Apr-2023 17:55:11.424 INFO [main] org.apache.catalina.core.AprLifecycleListener.lifecycleEvent APR 용량정보들: IPv6 [true], sendfile [true], accept filters [false], random [true], UDS [{4}].
12-Apr-2023 17:55:11.424 INFO [main] org.apache.catalina.core.AprLifecycleListener.lifecycleEvent APR/OpenSSL 설정: useAprConnector [false], useOpenSSL [true]
12-Apr-2023 17:55:11.429 INFO [main] org.apache.catalina.core.AprLifecycleListener.initializeSSL OpenSSL이 성공적으로 초기화되었습니다: [OpenSSL 1.1.1t  7 Feb 2023]
12-Apr-2023 17:55:11.487 INFO [main] org.apache.coyote.AbstractProtocol.init 프로토콜 핸들러 ["http-nio-8000"]을(를) 초기화합니다.
12-Apr-2023 17:55:11.506 INFO [main] org.apache.catalina.startup.Catalina.load Initialization processed in 473 ms
12-Apr-2023 17:55:11.540 INFO [main] org.apache.catalina.core.StandardService.startInternal 서비스 [Catalina]을(를) 시작합니다.
12-Apr-2023 17:55:11.543 INFO [main] org.apache.catalina.core.StandardEngine.startInternal 서버 엔진을 시작합니다: [Apache Tomcat/8.5.87]
12-Apr-2023 17:55:11.552 INFO [localhost-startStop-1] org.apache.catalina.startup.HostConfig.deployDirectory 웹 애플리케이션 디렉토리 [C:\majun\23.03.25_JSP\apache-tomcat-8.5.87\webapps\docs]을(를) 배치합니다.
12-Apr-2023 17:55:12.095 INFO [localhost-startStop-1] org.apache.jasper.servlet.TldScanner.scanJars 적어도 하나의 JAR가 TLD들을 찾기 위해 스캔되었으나 아무 것도 찾지 못했습니다. 스캔했으나 TLD가 없는 JAR들의 전체 목록을 보시려면, 로그 레벨을 디버그 레벨로 설정하십시오. 스캔 과정에서 불필요한 JAR들을 건너뛰면, 시스템 시작 시간과 JSP 컴파일 시간을 단축시킬 수 있습니다.
12-Apr-2023 17:55:12.192 INFO [localhost-startStop-1] org.apache.catalina.startup.HostConfig.deployDirectory 웹 애플리케이션 디렉토리 [C:\majun\23.03.25_JSP\apache-tomcat-8.5.87\webapps\docs]에 대한 배치가 [639] 밀리초에 완료되었습니다.
12-Apr-2023 17:55:12.195 INFO [localhost-startStop-1] org.apache.catalina.startup.HostConfig.deployDirectory 웹 애플리케이션 디렉토리 [C:\majun\23.03.25_JSP\apache-tomcat-8.5.87\webapps\examples]을(를) 배치합니다.
12-Apr-2023 17:55:12.736 INFO [localhost-startStop-1] org.apache.jasper.servlet.TldScanner.scanJars 적어도 하나의 JAR가 TLD들을 찾기 위해 스캔되었으나 아무 것도 찾지 못했습니다. 스캔했으나 TLD가 없는 JAR들의 전체 목록을 보시려면, 로그 레벨을 디버그 레벨로 설정하십시오. 스캔 과정에서 불필요한 JAR들을 건너뛰면, 시스템 시작 시간과 JSP 컴파일 시간을 단축시킬 수 있습니다.
12-Apr-2023 17:55:12.803 INFO [localhost-startStop-1] org.apache.catalina.startup.HostConfig.deployDirectory 웹 애플리케이션 디렉토리 [C:\majun\23.03.25_JSP\apache-tomcat-8.5.87\webapps\examples]에 대한 배치가 [608] 밀리초에 완료되었습니다.
12-Apr-2023 17:55:12.804 INFO [localhost-startStop-1] org.apache.catalina.startup.HostConfig.deployDirectory 웹 애플리케이션 디렉토리 [C:\majun\23.03.25_JSP\apache-tomcat-8.5.87\webapps\host-manager]을(를) 배치합니다.
12-Apr-2023 17:55:13.041 INFO [localhost-startStop-1] org.apache.jasper.servlet.TldScanner.scanJars 적어도 하나의 JAR가 TLD들을 찾기 위해 스캔되었으나 아무 것도 찾지 못했습니다. 스캔했으나 TLD가 없는 JAR들의 전체 목록을 보시려면, 로그 레벨을 디버그 레벨로 설정하십시오. 스캔 과정에서 불필요한 JAR들을 건너뛰면, 시스템 시작 시간과 JSP 컴파일 시간을 단축시킬 수 있습니다.
12-Apr-2023 17:55:13.053 INFO [localhost-startStop-1] org.apache.catalina.startup.HostConfig.deployDirectory 웹 애플리케이션 디렉토리 [C:\majun\23.03.25_JSP\apache-tomcat-8.5.87\webapps\host-manager]에 대한 배치가 [249] 밀리초에 완료되었습니다.
12-Apr-2023 17:55:13.055 INFO [localhost-startStop-1] org.apache.catalina.startup.HostConfig.deployDirectory 웹 애플리케이션 디렉토리 [C:\majun\23.03.25_JSP\apache-tomcat-8.5.87\webapps\manager]을(를) 배치합니다.
12-Apr-2023 17:55:13.282 INFO [localhost-startStop-1] org.apache.jasper.servlet.TldScanner.scanJars 적어도 하나의 JAR가 TLD들을 찾기 위해 스캔되었으나 아무 것도 찾지 못했습니다. 스캔했으나 TLD가 없는 JAR들의 전체 목록을 보시려면, 로그 레벨을 디버그 레벨로 설정하십시오. 스캔 과정에서 불필요한 JAR들을 건너뛰면, 시스템 시작 시간과 JSP 컴파일 시간을 단축시킬 수 있습니다.
12-Apr-2023 17:55:13.289 INFO [localhost-startStop-1] org.apache.catalina.startup.HostConfig.deployDirectory 웹 애플리케이션 디렉토리 [C:\majun\23.03.25_JSP\apache-tomcat-8.5.87\webapps\manager]에 대한 배치가 [234] 밀리초에 완료되었습니다.
12-Apr-2023 17:55:13.290 INFO [localhost-startStop-1] org.apache.catalina.startup.HostConfig.deployDirectory 웹 애플리케이션 디렉토리 [C:\majun\23.03.25_JSP\apache-tomcat-8.5.87\webapps\ROOT]을(를) 배치합니다.
12-Apr-2023 17:55:13.553 INFO [localhost-startStop-1] org.apache.jasper.servlet.TldScanner.scanJars 적어도 하나의 JAR가 TLD들을 찾기 위해 스캔되었으나 아무 것도 찾지 못했습니다. 스캔했으나 TLD가 없는 JAR들의 전체 목록을 보시려면, 로그 레벨을 디버그 레벨로 설정하십시오. 스캔 과정에서 불필요한 JAR들을 건너뛰면, 시스템 시작 시간과 JSP 컴파일 시간을 단축시킬 수 있습니다.
12-Apr-2023 17:55:13.606 INFO [localhost-startStop-1] org.apache.catalina.startup.HostConfig.deployDirectory 웹 애플리케이션 디렉토리 [C:\majun\23.03.25_JSP\apache-tomcat-8.5.87\webapps\ROOT]에 대한 배치가 [316] 밀리초에 완료되었습니다.
12-Apr-2023 17:55:13.610 INFO [main] org.apache.coyote.AbstractProtocol.start 프로토콜 핸들러 ["http-nio-8000"]을(를) 시작합니다.
12-Apr-2023 17:55:13.676 INFO [main] org.apache.catalina.startup.Catalina.start Server startup in 2167 ms
12-Apr-2023 22:31:35.001 INFO [main] org.apache.catalina.startup.VersionLoggerListener.log 서버 버전 이름:    Apache Tomcat/8.5.87
12-Apr-2023 22:31:35.011 INFO [main] org.apache.catalina.startup.VersionLoggerListener.log Server 빌드 시각:  Feb 27 2023 19:32:33 UTC
12-Apr-2023 22:31:35.012 INFO [main] org.apache.catalina.startup.VersionLoggerListener.log Server 버전 번호:  8.5.87.0
12-Apr-2023 22:31:35.012 INFO [main] org.apache.catalina.startup.VersionLoggerListener.log 운영체제 이름:     Windows 10
12-Apr-2023 22:31:35.012 INFO [main] org.apache.catalina.startup.VersionLoggerListener.log 운영체제 버전:     10.0
12-Apr-2023 22:31:35.012 INFO [main] org.apache.catalina.startup.VersionLoggerListener.log 아키텍처:          amd64
12-Apr-2023 22:31:35.012 INFO [main] org.apache.catalina.startup.VersionLoggerListener.log 자바 홈:           C:\Program Files\Java\jdk-20
12-Apr-2023 22:31:35.012 INFO [main] org.apache.catalina.startup.VersionLoggerListener.log JVM 버전:          20+36-2344
12-Apr-2023 22:31:35.013 INFO [main] org.apache.catalina.startup.VersionLoggerListener.log JVM 벤더:          Oracle Corporation
12-Apr-2023 22:31:35.013 INFO [main] org.apache.catalina.startup.VersionLoggerListener.log CATALINA_BASE:     C:\majun\23.03.25_JSP\apache-tomcat-8.5.87
12-Apr-2023 22:31:35.013 INFO [main] org.apache.catalina.startup.VersionLoggerListener.log CATALINA_HOME:     C:\majun\23.03.25_JSP\apache-tomcat-8.5.87
12-Apr-2023 22:31:35.013 INFO [main] org.apache.catalina.startup.VersionLoggerListener.log 명령 행 아규먼트:  --add-opens=java.base/java.lang=ALL-UNNAMED
12-Apr-2023 22:31:35.014 INFO [main] org.apache.catalina.startup.VersionLoggerListener.log 명령 행 아규먼트:  --add-opens=java.base/java.io=ALL-UNNAMED
12-Apr-2023 22:31:35.015 INFO [main] org.apache.catalina.startup.VersionLoggerListener.log 명령 행 아규먼트:  --add-opens=java.base/java.util=ALL-UNNAMED
12-Apr-2023 22:31:35.015 INFO [main] org.apache.catalina.startup.VersionLoggerListener.log 명령 행 아규먼트:  --add-opens=java.base/java.util.concurrent=ALL-UNNAMED
12-Apr-2023 22:31:35.016 INFO [main] org.apache.catalina.startup.VersionLoggerListener.log 명령 행 아규먼트:  --add-opens=java.rmi/sun.rmi.transport=ALL-UNNAMED
12-Apr-2023 22:31:35.017 INFO [main] org.apache.catalina.startup.VersionLoggerListener.log 명령 행 아규먼트:  -Djava.util.logging.config.file=C:\majun\23.03.25_JSP\apache-tomcat-8.5.87\conf\logging.properties
12-Apr-2023 22:31:35.017 INFO [main] org.apache.catalina.startup.VersionLoggerListener.log 명령 행 아규먼트:  -Djava.util.logging.manager=org.apache.juli.ClassLoaderLogManager
12-Apr-2023 22:31:35.018 INFO [main] org.apache.catalina.startup.VersionLoggerListener.log 명령 행 아규먼트:  -Djdk.tls.ephemeralDHKeySize=2048
12-Apr-2023 22:31:35.019 INFO [main] org.apache.catalina.startup.VersionLoggerListener.log 명령 행 아규먼트:  -Djava.protocol.handler.pkgs=org.apache.catalina.webresources
12-Apr-2023 22:31:35.020 INFO [main] org.apache.catalina.startup.VersionLoggerListener.log 명령 행 아규먼트:  -Dignore.endorsed.dirs=
12-Apr-2023 22:31:35.020 INFO [main] org.apache.catalina.startup.VersionLoggerListener.log 명령 행 아규먼트:  -Dcatalina.base=C:\majun\23.03.25_JSP\apache-tomcat-8.5.87
12-Apr-2023 22:31:35.021 INFO [main] org.apache.catalina.startup.VersionLoggerListener.log 명령 행 아규먼트:  -Dcatalina.home=C:\majun\23.03.25_JSP\apache-tomcat-8.5.87
12-Apr-2023 22:31:35.022 INFO [main] org.apache.catalina.startup.VersionLoggerListener.log 명령 행 아규먼트:  -Djava.io.tmpdir=C:\majun\23.03.25_JSP\apache-tomcat-8.5.87\temp
12-Apr-2023 22:31:35.022 INFO [main] org.apache.catalina.core.AprLifecycleListener.lifecycleEvent APR 버전 [1.7.2]을(를) 사용한, APR 기반 Apache Tomcat Native 라이브러리 [1.2.36]을(를) 로드했습니다.
12-Apr-2023 22:31:35.023 INFO [main] org.apache.catalina.core.AprLifecycleListener.lifecycleEvent APR 용량정보들: IPv6 [true], sendfile [true], accept filters [false], random [true], UDS [{4}].
12-Apr-2023 22:31:35.024 INFO [main] org.apache.catalina.core.AprLifecycleListener.lifecycleEvent APR/OpenSSL 설정: useAprConnector [false], useOpenSSL [true]
12-Apr-2023 22:31:35.029 INFO [main] org.apache.catalina.core.AprLifecycleListener.initializeSSL OpenSSL이 성공적으로 초기화되었습니다: [OpenSSL 1.1.1t  7 Feb 2023]
12-Apr-2023 22:31:35.080 INFO [main] org.apache.coyote.AbstractProtocol.init 프로토콜 핸들러 ["http-nio-8000"]을(를) 초기화합니다.
12-Apr-2023 22:31:35.106 INFO [main] org.apache.catalina.startup.Catalina.load Initialization processed in 503 ms
12-Apr-2023 22:31:35.148 INFO [main] org.apache.catalina.core.StandardService.startInternal 서비스 [Catalina]을(를) 시작합니다.
12-Apr-2023 22:31:35.150 INFO [main] org.apache.catalina.core.StandardEngine.startInternal 서버 엔진을 시작합니다: [Apache Tomcat/8.5.87]
12-Apr-2023 22:31:35.158 INFO [localhost-startStop-1] org.apache.catalina.startup.HostConfig.deployDirectory 웹 애플리케이션 디렉토리 [C:\majun\23.03.25_JSP\apache-tomcat-8.5.87\webapps\docs]을(를) 배치합니다.
12-Apr-2023 22:31:35.668 INFO [localhost-startStop-1] org.apache.jasper.servlet.TldScanner.scanJars 적어도 하나의 JAR가 TLD들을 찾기 위해 스캔되었으나 아무 것도 찾지 못했습니다. 스캔했으나 TLD가 없는 JAR들의 전체 목록을 보시려면, 로그 레벨을 디버그 레벨로 설정하십시오. 스캔 과정에서 불필요한 JAR들을 건너뛰면, 시스템 시작 시간과 JSP 컴파일 시간을 단축시킬 수 있습니다.
12-Apr-2023 22:31:35.776 INFO [localhost-startStop-1] org.apache.catalina.startup.HostConfig.deployDirectory 웹 애플리케이션 디렉토리 [C:\majun\23.03.25_JSP\apache-tomcat-8.5.87\webapps\docs]에 대한 배치가 [614] 밀리초에 완료되었습니다.
12-Apr-2023 22:31:35.779 INFO [localhost-startStop-1] org.apache.catalina.startup.HostConfig.deployDirectory 웹 애플리케이션 디렉토리 [C:\majun\23.03.25_JSP\apache-tomcat-8.5.87\webapps\examples]을(를) 배치합니다.
12-Apr-2023 22:31:36.279 INFO [localhost-startStop-1] org.apache.jasper.servlet.TldScanner.scanJars 적어도 하나의 JAR가 TLD들을 찾기 위해 스캔되었으나 아무 것도 찾지 못했습니다. 스캔했으나 TLD가 없는 JAR들의 전체 목록을 보시려면, 로그 레벨을 디버그 레벨로 설정하십시오. 스캔 과정에서 불필요한 JAR들을 건너뛰면, 시스템 시작 시간과 JSP 컴파일 시간을 단축시킬 수 있습니다.
12-Apr-2023 22:31:36.345 INFO [localhost-startStop-1] org.apache.catalina.startup.HostConfig.deployDirectory 웹 애플리케이션 디렉토리 [C:\majun\23.03.25_JSP\apache-tomcat-8.5.87\webapps\examples]에 대한 배치가 [566] 밀리초에 완료되었습니다.
12-Apr-2023 22:31:36.348 INFO [localhost-startStop-1] org.apache.catalina.startup.HostConfig.deployDirectory 웹 애플리케이션 디렉토리 [C:\majun\23.03.25_JSP\apache-tomcat-8.5.87\webapps\host-manager]을(를) 배치합니다.
12-Apr-2023 22:31:36.579 INFO [localhost-startStop-1] org.apache.jasper.servlet.TldScanner.scanJars 적어도 하나의 JAR가 TLD들을 찾기 위해 스캔되었으나 아무 것도 찾지 못했습니다. 스캔했으나 TLD가 없는 JAR들의 전체 목록을 보시려면, 로그 레벨을 디버그 레벨로 설정하십시오. 스캔 과정에서 불필요한 JAR들을 건너뛰면, 시스템 시작 시간과 JSP 컴파일 시간을 단축시킬 수 있습니다.
12-Apr-2023 22:31:36.596 INFO [localhost-startStop-1] org.apache.catalina.startup.HostConfig.deployDirectory 웹 애플리케이션 디렉토리 [C:\majun\23.03.25_JSP\apache-tomcat-8.5.87\webapps\host-manager]에 대한 배치가 [248] 밀리초에 완료되었습니다.
12-Apr-2023 22:31:36.597 INFO [localhost-startStop-1] org.apache.catalina.startup.HostConfig.deployDirectory 웹 애플리케이션 디렉토리 [C:\majun\23.03.25_JSP\apache-tomcat-8.5.87\webapps\manager]을(를) 배치합니다.
12-Apr-2023 22:31:36.830 INFO [localhost-startStop-1] org.apache.jasper.servlet.TldScanner.scanJars 적어도 하나의 JAR가 TLD들을 찾기 위해 스캔되었으나 아무 것도 찾지 못했습니다. 스캔했으나 TLD가 없는 JAR들의 전체 목록을 보시려면, 로그 레벨을 디버그 레벨로 설정하십시오. 스캔 과정에서 불필요한 JAR들을 건너뛰면, 시스템 시작 시간과 JSP 컴파일 시간을 단축시킬 수 있습니다.
12-Apr-2023 22:31:36.837 INFO [localhost-startStop-1] org.apache.catalina.startup.HostConfig.deployDirectory 웹 애플리케이션 디렉토리 [C:\majun\23.03.25_JSP\apache-tomcat-8.5.87\webapps\manager]에 대한 배치가 [240] 밀리초에 완료되었습니다.
12-Apr-2023 22:31:36.839 INFO [localhost-startStop-1] org.apache.catalina.startup.HostConfig.deployDirectory 웹 애플리케이션 디렉토리 [C:\majun\23.03.25_JSP\apache-tomcat-8.5.87\webapps\ROOT]을(를) 배치합니다.
12-Apr-2023 22:31:37.092 INFO [localhost-startStop-1] org.apache.jasper.servlet.TldScanner.scanJars 적어도 하나의 JAR가 TLD들을 찾기 위해 스캔되었으나 아무 것도 찾지 못했습니다. 스캔했으나 TLD가 없는 JAR들의 전체 목록을 보시려면, 로그 레벨을 디버그 레벨로 설정하십시오. 스캔 과정에서 불필요한 JAR들을 건너뛰면, 시스템 시작 시간과 JSP 컴파일 시간을 단축시킬 수 있습니다.
12-Apr-2023 22:31:37.117 INFO [localhost-startStop-1] org.apache.catalina.startup.HostConfig.deployDirectory 웹 애플리케이션 디렉토리 [C:\majun\23.03.25_JSP\apache-tomcat-8.5.87\webapps\ROOT]에 대한 배치가 [278] 밀리초에 완료되었습니다.
12-Apr-2023 22:31:37.122 INFO [main] org.apache.coyote.AbstractProtocol.start 프로토콜 핸들러 ["http-nio-8000"]을(를) 시작합니다.
12-Apr-2023 22:31:37.177 INFO [main] org.apache.catalina.startup.Catalina.start Server startup in 2069 ms
12-Apr-2023 23:44:39.914 INFO [main] org.apache.catalina.startup.VersionLoggerListener.log 서버 버전 이름:    Apache Tomcat/8.5.87
12-Apr-2023 23:44:39.917 INFO [main] org.apache.catalina.startup.VersionLoggerListener.log Server 빌드 시각:  Feb 27 2023 19:32:33 UTC
12-Apr-2023 23:44:39.917 INFO [main] org.apache.catalina.startup.VersionLoggerListener.log Server 버전 번호:  8.5.87.0
12-Apr-2023 23:44:39.917 INFO [main] org.apache.catalina.startup.VersionLoggerListener.log 운영체제 이름:     Windows 10
12-Apr-2023 23:44:39.918 INFO [main] org.apache.catalina.startup.VersionLoggerListener.log 운영체제 버전:     10.0
12-Apr-2023 23:44:39.918 INFO [main] org.apache.catalina.startup.VersionLoggerListener.log 아키텍처:          amd64
12-Apr-2023 23:44:39.918 INFO [main] org.apache.catalina.startup.VersionLoggerListener.log 자바 홈:           C:\Program Files\Java\jdk-20
12-Apr-2023 23:44:39.918 INFO [main] org.apache.catalina.startup.VersionLoggerListener.log JVM 버전:          20+36-2344
12-Apr-2023 23:44:39.919 INFO [main] org.apache.catalina.startup.VersionLoggerListener.log JVM 벤더:          Oracle Corporation
12-Apr-2023 23:44:39.919 INFO [main] org.apache.catalina.startup.VersionLoggerListener.log CATALINA_BASE:     C:\majun\23.03.25_JSP\apache-tomcat-8.5.87
12-Apr-2023 23:44:39.919 INFO [main] org.apache.catalina.startup.VersionLoggerListener.log CATALINA_HOME:     C:\majun\23.03.25_JSP\apache-tomcat-8.5.87
12-Apr-2023 23:44:39.920 INFO [main] org.apache.catalina.startup.VersionLoggerListener.log 명령 행 아규먼트:  --add-opens=java.base/java.lang=ALL-UNNAMED
12-Apr-2023 23:44:39.920 INFO [main] org.apache.catalina.startup.VersionLoggerListener.log 명령 행 아규먼트:  --add-opens=java.base/java.io=ALL-UNNAMED
12-Apr-2023 23:44:39.921 INFO [main] org.apache.catalina.startup.VersionLoggerListener.log 명령 행 아규먼트:  --add-opens=java.base/java.util=ALL-UNNAMED
12-Apr-2023 23:44:39.922 INFO [main] org.apache.catalina.startup.VersionLoggerListener.log 명령 행 아규먼트:  --add-opens=java.base/java.util.concurrent=ALL-UNNAMED
12-Apr-2023 23:44:39.923 INFO [main] org.apache.catalina.startup.VersionLoggerListener.log 명령 행 아규먼트:  --add-opens=java.rmi/sun.rmi.transport=ALL-UNNAMED
12-Apr-2023 23:44:39.924 INFO [main] org.apache.catalina.startup.VersionLoggerListener.log 명령 행 아규먼트:  -Djava.util.logging.config.file=C:\majun\23.03.25_JSP\apache-tomcat-8.5.87\conf\logging.properties
12-Apr-2023 23:44:39.924 INFO [main] org.apache.catalina.startup.VersionLoggerListener.log 명령 행 아규먼트:  -Djava.util.logging.manager=org.apache.juli.ClassLoaderLogManager
12-Apr-2023 23:44:39.925 INFO [main] org.apache.catalina.startup.VersionLoggerListener.log 명령 행 아규먼트:  -Djdk.tls.ephemeralDHKeySize=2048
12-Apr-2023 23:44:39.926 INFO [main] org.apache.catalina.startup.VersionLoggerListener.log 명령 행 아규먼트:  -Djava.protocol.handler.pkgs=org.apache.catalina.webresources
12-Apr-2023 23:44:39.927 INFO [main] org.apache.catalina.startup.VersionLoggerListener.log 명령 행 아규먼트:  -Dignore.endorsed.dirs=
12-Apr-2023 23:44:39.927 INFO [main] org.apache.catalina.startup.VersionLoggerListener.log 명령 행 아규먼트:  -Dcatalina.base=C:\majun\23.03.25_JSP\apache-tomcat-8.5.87
12-Apr-2023 23:44:39.928 INFO [main] org.apache.catalina.startup.VersionLoggerListener.log 명령 행 아규먼트:  -Dcatalina.home=C:\majun\23.03.25_JSP\apache-tomcat-8.5.87
12-Apr-2023 23:44:39.929 INFO [main] org.apache.catalina.startup.VersionLoggerListener.log 명령 행 아규먼트:  -Djava.io.tmpdir=C:\majun\23.03.25_JSP\apache-tomcat-8.5.87\temp
12-Apr-2023 23:44:39.930 INFO [main] org.apache.catalina.core.AprLifecycleListener.lifecycleEvent APR 버전 [1.7.2]을(를) 사용한, APR 기반 Apache Tomcat Native 라이브러리 [1.2.36]을(를) 로드했습니다.
12-Apr-2023 23:44:39.931 INFO [main] org.apache.catalina.core.AprLifecycleListener.lifecycleEvent APR 용량정보들: IPv6 [true], sendfile [true], accept filters [false], random [true], UDS [{4}].
12-Apr-2023 23:44:39.931 INFO [main] org.apache.catalina.core.AprLifecycleListener.lifecycleEvent APR/OpenSSL 설정: useAprConnector [false], useOpenSSL [true]
12-Apr-2023 23:44:39.938 INFO [main] org.apache.catalina.core.AprLifecycleListener.initializeSSL OpenSSL이 성공적으로 초기화되었습니다: [OpenSSL 1.1.1t  7 Feb 2023]
12-Apr-2023 23:44:40.002 INFO [main] org.apache.coyote.AbstractProtocol.init 프로토콜 핸들러 ["http-nio-8000"]을(를) 초기화합니다.
12-Apr-2023 23:44:40.024 INFO [main] org.apache.catalina.startup.Catalina.load Initialization processed in 501 ms
12-Apr-2023 23:44:40.059 INFO [main] org.apache.catalina.core.StandardService.startInternal 서비스 [Catalina]을(를) 시작합니다.
12-Apr-2023 23:44:40.061 INFO [main] org.apache.catalina.core.StandardEngine.startInternal 서버 엔진을 시작합니다: [Apache Tomcat/8.5.87]
12-Apr-2023 23:44:40.070 INFO [localhost-startStop-1] org.apache.catalina.startup.HostConfig.deployDirectory 웹 애플리케이션 디렉토리 [C:\majun\23.03.25_JSP\apache-tomcat-8.5.87\webapps\docs]을(를) 배치합니다.
12-Apr-2023 23:44:40.566 INFO [localhost-startStop-1] org.apache.jasper.servlet.TldScanner.scanJars 적어도 하나의 JAR가 TLD들을 찾기 위해 스캔되었으나 아무 것도 찾지 못했습니다. 스캔했으나 TLD가 없는 JAR들의 전체 목록을 보시려면, 로그 레벨을 디버그 레벨로 설정하십시오. 스캔 과정에서 불필요한 JAR들을 건너뛰면, 시스템 시작 시간과 JSP 컴파일 시간을 단축시킬 수 있습니다.
12-Apr-2023 23:44:40.657 INFO [localhost-startStop-1] org.apache.catalina.startup.HostConfig.deployDirectory 웹 애플리케이션 디렉토리 [C:\majun\23.03.25_JSP\apache-tomcat-8.5.87\webapps\docs]에 대한 배치가 [586] 밀리초에 완료되었습니다.
12-Apr-2023 23:44:40.659 INFO [localhost-startStop-1] org.apache.catalina.startup.HostConfig.deployDirectory 웹 애플리케이션 디렉토리 [C:\majun\23.03.25_JSP\apache-tomcat-8.5.87\webapps\examples]을(를) 배치합니다.
12-Apr-2023 23:44:41.157 INFO [localhost-startStop-1] org.apache.jasper.servlet.TldScanner.scanJars 적어도 하나의 JAR가 TLD들을 찾기 위해 스캔되었으나 아무 것도 찾지 못했습니다. 스캔했으나 TLD가 없는 JAR들의 전체 목록을 보시려면, 로그 레벨을 디버그 레벨로 설정하십시오. 스캔 과정에서 불필요한 JAR들을 건너뛰면, 시스템 시작 시간과 JSP 컴파일 시간을 단축시킬 수 있습니다.
12-Apr-2023 23:44:41.223 INFO [localhost-startStop-1] org.apache.catalina.startup.HostConfig.deployDirectory 웹 애플리케이션 디렉토리 [C:\majun\23.03.25_JSP\apache-tomcat-8.5.87\webapps\examples]에 대한 배치가 [563] 밀리초에 완료되었습니다.
12-Apr-2023 23:44:41.225 INFO [localhost-startStop-1] org.apache.catalina.startup.HostConfig.deployDirectory 웹 애플리케이션 디렉토리 [C:\majun\23.03.25_JSP\apache-tomcat-8.5.87\webapps\host-manager]을(를) 배치합니다.
12-Apr-2023 23:44:41.455 INFO [localhost-startStop-1] org.apache.jasper.servlet.TldScanner.scanJars 적어도 하나의 JAR가 TLD들을 찾기 위해 스캔되었으나 아무 것도 찾지 못했습니다. 스캔했으나 TLD가 없는 JAR들의 전체 목록을 보시려면, 로그 레벨을 디버그 레벨로 설정하십시오. 스캔 과정에서 불필요한 JAR들을 건너뛰면, 시스템 시작 시간과 JSP 컴파일 시간을 단축시킬 수 있습니다.
12-Apr-2023 23:44:41.466 INFO [localhost-startStop-1] org.apache.catalina.startup.HostConfig.deployDirectory 웹 애플리케이션 디렉토리 [C:\majun\23.03.25_JSP\apache-tomcat-8.5.87\webapps\host-manager]에 대한 배치가 [241] 밀리초에 완료되었습니다.
12-Apr-2023 23:44:41.468 INFO [localhost-startStop-1] org.apache.catalina.startup.HostConfig.deployDirectory 웹 애플리케이션 디렉토리 [C:\majun\23.03.25_JSP\apache-tomcat-8.5.87\webapps\manager]을(를) 배치합니다.
12-Apr-2023 23:44:41.683 INFO [localhost-startStop-1] org.apache.jasper.servlet.TldScanner.scanJars 적어도 하나의 JAR가 TLD들을 찾기 위해 스캔되었으나 아무 것도 찾지 못했습니다. 스캔했으나 TLD가 없는 JAR들의 전체 목록을 보시려면, 로그 레벨을 디버그 레벨로 설정하십시오. 스캔 과정에서 불필요한 JAR들을 건너뛰면, 시스템 시작 시간과 JSP 컴파일 시간을 단축시킬 수 있습니다.
12-Apr-2023 23:44:41.693 INFO [localhost-startStop-1] org.apache.catalina.startup.HostConfig.deployDirectory 웹 애플리케이션 디렉토리 [C:\majun\23.03.25_JSP\apache-tomcat-8.5.87\webapps\manager]에 대한 배치가 [224] 밀리초에 완료되었습니다.
12-Apr-2023 23:44:41.694 INFO [localhost-startStop-1] org.apache.catalina.startup.HostConfig.deployDirectory 웹 애플리케이션 디렉토리 [C:\majun\23.03.25_JSP\apache-tomcat-8.5.87\webapps\ROOT]을(를) 배치합니다.
12-Apr-2023 23:44:41.931 INFO [localhost-startStop-1] org.apache.jasper.servlet.TldScanner.scanJars 적어도 하나의 JAR가 TLD들을 찾기 위해 스캔되었으나 아무 것도 찾지 못했습니다. 스캔했으나 TLD가 없는 JAR들의 전체 목록을 보시려면, 로그 레벨을 디버그 레벨로 설정하십시오. 스캔 과정에서 불필요한 JAR들을 건너뛰면, 시스템 시작 시간과 JSP 컴파일 시간을 단축시킬 수 있습니다.
12-Apr-2023 23:44:41.953 INFO [localhost-startStop-1] org.apache.catalina.startup.HostConfig.deployDirectory 웹 애플리케이션 디렉토리 [C:\majun\23.03.25_JSP\apache-tomcat-8.5.87\webapps\ROOT]에 대한 배치가 [259] 밀리초에 완료되었습니다.
12-Apr-2023 23:44:41.957 INFO [main] org.apache.coyote.AbstractProtocol.start 프로토콜 핸들러 ["http-nio-8000"]을(를) 시작합니다.
12-Apr-2023 23:44:42.005 INFO [main] org.apache.catalina.startup.Catalina.start Server startup in 1978 ms
