07-Apr-2023 08:19:01.000 INFO [main] org.apache.catalina.startup.VersionLoggerListener.log 서버 버전 이름:    Apache Tomcat/8.5.87
07-Apr-2023 08:19:01.006 INFO [main] org.apache.catalina.startup.VersionLoggerListener.log Server 빌드 시각:  Feb 27 2023 19:32:33 UTC
07-Apr-2023 08:19:01.007 INFO [main] org.apache.catalina.startup.VersionLoggerListener.log Server 버전 번호:  8.5.87.0
07-Apr-2023 08:19:01.007 INFO [main] org.apache.catalina.startup.VersionLoggerListener.log 운영체제 이름:     Windows 10
07-Apr-2023 08:19:01.007 INFO [main] org.apache.catalina.startup.VersionLoggerListener.log 운영체제 버전:     10.0
07-Apr-2023 08:19:01.007 INFO [main] org.apache.catalina.startup.VersionLoggerListener.log 아키텍처:          amd64
07-Apr-2023 08:19:01.007 INFO [main] org.apache.catalina.startup.VersionLoggerListener.log 자바 홈:           C:\Program Files\Java\jdk-20
07-Apr-2023 08:19:01.007 INFO [main] org.apache.catalina.startup.VersionLoggerListener.log JVM 버전:          20+36-2344
07-Apr-2023 08:19:01.008 INFO [main] org.apache.catalina.startup.VersionLoggerListener.log JVM 벤더:          Oracle Corporation
07-Apr-2023 08:19:01.008 INFO [main] org.apache.catalina.startup.VersionLoggerListener.log CATALINA_BASE:     C:\majun\23.03.25_JSP\apache-tomcat-8.5.87
07-Apr-2023 08:19:01.008 INFO [main] org.apache.catalina.startup.VersionLoggerListener.log CATALINA_HOME:     C:\majun\23.03.25_JSP\apache-tomcat-8.5.87
07-Apr-2023 08:19:01.008 INFO [main] org.apache.catalina.startup.VersionLoggerListener.log 명령 행 아규먼트:  --add-opens=java.base/java.lang=ALL-UNNAMED
07-Apr-2023 08:19:01.009 INFO [main] org.apache.catalina.startup.VersionLoggerListener.log 명령 행 아규먼트:  --add-opens=java.base/java.io=ALL-UNNAMED
07-Apr-2023 08:19:01.010 INFO [main] org.apache.catalina.startup.VersionLoggerListener.log 명령 행 아규먼트:  --add-opens=java.base/java.util=ALL-UNNAMED
07-Apr-2023 08:19:01.010 INFO [main] org.apache.catalina.startup.VersionLoggerListener.log 명령 행 아규먼트:  --add-opens=java.base/java.util.concurrent=ALL-UNNAMED
07-Apr-2023 08:19:01.010 INFO [main] org.apache.catalina.startup.VersionLoggerListener.log 명령 행 아규먼트:  --add-opens=java.rmi/sun.rmi.transport=ALL-UNNAMED
07-Apr-2023 08:19:01.011 INFO [main] org.apache.catalina.startup.VersionLoggerListener.log 명령 행 아규먼트:  -Djava.util.logging.config.file=C:\majun\23.03.25_JSP\apache-tomcat-8.5.87\conf\logging.properties
07-Apr-2023 08:19:01.011 INFO [main] org.apache.catalina.startup.VersionLoggerListener.log 명령 행 아규먼트:  -Djava.util.logging.manager=org.apache.juli.ClassLoaderLogManager
07-Apr-2023 08:19:01.012 INFO [main] org.apache.catalina.startup.VersionLoggerListener.log 명령 행 아규먼트:  -Djdk.tls.ephemeralDHKeySize=2048
07-Apr-2023 08:19:01.012 INFO [main] org.apache.catalina.startup.VersionLoggerListener.log 명령 행 아규먼트:  -Djava.protocol.handler.pkgs=org.apache.catalina.webresources
07-Apr-2023 08:19:01.013 INFO [main] org.apache.catalina.startup.VersionLoggerListener.log 명령 행 아규먼트:  -Dignore.endorsed.dirs=
07-Apr-2023 08:19:01.014 INFO [main] org.apache.catalina.startup.VersionLoggerListener.log 명령 행 아규먼트:  -Dcatalina.base=C:\majun\23.03.25_JSP\apache-tomcat-8.5.87
07-Apr-2023 08:19:01.014 INFO [main] org.apache.catalina.startup.VersionLoggerListener.log 명령 행 아규먼트:  -Dcatalina.home=C:\majun\23.03.25_JSP\apache-tomcat-8.5.87
07-Apr-2023 08:19:01.015 INFO [main] org.apache.catalina.startup.VersionLoggerListener.log 명령 행 아규먼트:  -Djava.io.tmpdir=C:\majun\23.03.25_JSP\apache-tomcat-8.5.87\temp
07-Apr-2023 08:19:01.015 INFO [main] org.apache.catalina.core.AprLifecycleListener.lifecycleEvent APR 버전 [1.7.2]을(를) 사용한, APR 기반 Apache Tomcat Native 라이브러리 [1.2.36]을(를) 로드했습니다.
07-Apr-2023 08:19:01.016 INFO [main] org.apache.catalina.core.AprLifecycleListener.lifecycleEvent APR 용량정보들: IPv6 [true], sendfile [true], accept filters [false], random [true], UDS [{4}].
07-Apr-2023 08:19:01.017 INFO [main] org.apache.catalina.core.AprLifecycleListener.lifecycleEvent APR/OpenSSL 설정: useAprConnector [false], useOpenSSL [true]
07-Apr-2023 08:19:01.023 INFO [main] org.apache.catalina.core.AprLifecycleListener.initializeSSL OpenSSL이 성공적으로 초기화되었습니다: [OpenSSL 1.1.1t  7 Feb 2023]
07-Apr-2023 08:19:01.110 INFO [main] org.apache.coyote.AbstractProtocol.init 프로토콜 핸들러 ["http-nio-8000"]을(를) 초기화합니다.
07-Apr-2023 08:19:01.144 INFO [main] org.apache.catalina.startup.Catalina.load Initialization processed in 647 ms
07-Apr-2023 08:19:01.193 INFO [main] org.apache.catalina.core.StandardService.startInternal 서비스 [Catalina]을(를) 시작합니다.
07-Apr-2023 08:19:01.198 INFO [main] org.apache.catalina.core.StandardEngine.startInternal 서버 엔진을 시작합니다: [Apache Tomcat/8.5.87]
07-Apr-2023 08:19:01.207 INFO [localhost-startStop-1] org.apache.catalina.startup.HostConfig.deployDirectory 웹 애플리케이션 디렉토리 [C:\majun\23.03.25_JSP\apache-tomcat-8.5.87\webapps\docs]을(를) 배치합니다.
07-Apr-2023 08:19:01.858 INFO [localhost-startStop-1] org.apache.jasper.servlet.TldScanner.scanJars 적어도 하나의 JAR가 TLD들을 찾기 위해 스캔되었으나 아무 것도 찾지 못했습니다. 스캔했으나 TLD가 없는 JAR들의 전체 목록을 보시려면, 로그 레벨을 디버그 레벨로 설정하십시오. 스캔 과정에서 불필요한 JAR들을 건너뛰면, 시스템 시작 시간과 JSP 컴파일 시간을 단축시킬 수 있습니다.
07-Apr-2023 08:19:01.953 INFO [localhost-startStop-1] org.apache.catalina.startup.HostConfig.deployDirectory 웹 애플리케이션 디렉토리 [C:\majun\23.03.25_JSP\apache-tomcat-8.5.87\webapps\docs]에 대한 배치가 [744] 밀리초에 완료되었습니다.
07-Apr-2023 08:19:01.955 INFO [localhost-startStop-1] org.apache.catalina.startup.HostConfig.deployDirectory 웹 애플리케이션 디렉토리 [C:\majun\23.03.25_JSP\apache-tomcat-8.5.87\webapps\examples]을(를) 배치합니다.
07-Apr-2023 08:19:02.347 INFO [localhost-startStop-1] org.apache.jasper.servlet.TldScanner.scanJars 적어도 하나의 JAR가 TLD들을 찾기 위해 스캔되었으나 아무 것도 찾지 못했습니다. 스캔했으나 TLD가 없는 JAR들의 전체 목록을 보시려면, 로그 레벨을 디버그 레벨로 설정하십시오. 스캔 과정에서 불필요한 JAR들을 건너뛰면, 시스템 시작 시간과 JSP 컴파일 시간을 단축시킬 수 있습니다.
07-Apr-2023 08:19:02.404 INFO [localhost-startStop-1] org.apache.catalina.startup.HostConfig.deployDirectory 웹 애플리케이션 디렉토리 [C:\majun\23.03.25_JSP\apache-tomcat-8.5.87\webapps\examples]에 대한 배치가 [449] 밀리초에 완료되었습니다.
07-Apr-2023 08:19:02.409 INFO [localhost-startStop-1] org.apache.catalina.startup.HostConfig.deployDirectory 웹 애플리케이션 디렉토리 [C:\majun\23.03.25_JSP\apache-tomcat-8.5.87\webapps\host-manager]을(를) 배치합니다.
07-Apr-2023 08:19:02.630 INFO [localhost-startStop-1] org.apache.jasper.servlet.TldScanner.scanJars 적어도 하나의 JAR가 TLD들을 찾기 위해 스캔되었으나 아무 것도 찾지 못했습니다. 스캔했으나 TLD가 없는 JAR들의 전체 목록을 보시려면, 로그 레벨을 디버그 레벨로 설정하십시오. 스캔 과정에서 불필요한 JAR들을 건너뛰면, 시스템 시작 시간과 JSP 컴파일 시간을 단축시킬 수 있습니다.
07-Apr-2023 08:19:02.645 INFO [localhost-startStop-1] org.apache.catalina.startup.HostConfig.deployDirectory 웹 애플리케이션 디렉토리 [C:\majun\23.03.25_JSP\apache-tomcat-8.5.87\webapps\host-manager]에 대한 배치가 [237] 밀리초에 완료되었습니다.
07-Apr-2023 08:19:02.645 INFO [localhost-startStop-1] org.apache.catalina.startup.HostConfig.deployDirectory 웹 애플리케이션 디렉토리 [C:\majun\23.03.25_JSP\apache-tomcat-8.5.87\webapps\manager]을(를) 배치합니다.
07-Apr-2023 08:19:02.878 INFO [localhost-startStop-1] org.apache.jasper.servlet.TldScanner.scanJars 적어도 하나의 JAR가 TLD들을 찾기 위해 스캔되었으나 아무 것도 찾지 못했습니다. 스캔했으나 TLD가 없는 JAR들의 전체 목록을 보시려면, 로그 레벨을 디버그 레벨로 설정하십시오. 스캔 과정에서 불필요한 JAR들을 건너뛰면, 시스템 시작 시간과 JSP 컴파일 시간을 단축시킬 수 있습니다.
07-Apr-2023 08:19:02.884 INFO [localhost-startStop-1] org.apache.catalina.startup.HostConfig.deployDirectory 웹 애플리케이션 디렉토리 [C:\majun\23.03.25_JSP\apache-tomcat-8.5.87\webapps\manager]에 대한 배치가 [239] 밀리초에 완료되었습니다.
07-Apr-2023 08:19:02.886 INFO [localhost-startStop-1] org.apache.catalina.startup.HostConfig.deployDirectory 웹 애플리케이션 디렉토리 [C:\majun\23.03.25_JSP\apache-tomcat-8.5.87\webapps\ROOT]을(를) 배치합니다.
07-Apr-2023 08:19:03.106 INFO [localhost-startStop-1] org.apache.jasper.servlet.TldScanner.scanJars 적어도 하나의 JAR가 TLD들을 찾기 위해 스캔되었으나 아무 것도 찾지 못했습니다. 스캔했으나 TLD가 없는 JAR들의 전체 목록을 보시려면, 로그 레벨을 디버그 레벨로 설정하십시오. 스캔 과정에서 불필요한 JAR들을 건너뛰면, 시스템 시작 시간과 JSP 컴파일 시간을 단축시킬 수 있습니다.
07-Apr-2023 08:19:03.136 INFO [localhost-startStop-1] org.apache.catalina.startup.HostConfig.deployDirectory 웹 애플리케이션 디렉토리 [C:\majun\23.03.25_JSP\apache-tomcat-8.5.87\webapps\ROOT]에 대한 배치가 [251] 밀리초에 완료되었습니다.
07-Apr-2023 08:19:03.139 INFO [main] org.apache.coyote.AbstractProtocol.start 프로토콜 핸들러 ["http-nio-8000"]을(를) 시작합니다.
07-Apr-2023 08:19:03.169 INFO [main] org.apache.catalina.startup.Catalina.start Server startup in 2033 ms
