04-Apr-2023 08:38:52.074 INFO [localhost-startStop-1] org.apache.catalina.core.ApplicationContext.log ContextListener: contextInitialized()
04-Apr-2023 08:38:52.074 INFO [localhost-startStop-1] org.apache.catalina.core.ApplicationContext.log SessionListener: contextInitialized()
04-Apr-2023 08:38:52.076 INFO [localhost-startStop-1] org.apache.catalina.core.ApplicationContext.log ContextListener: attributeAdded('StockTicker', 'async.Stockticker@5d4fdf75')
04-Apr-2023 10:23:42.392 SEVERE [http-nio-8000-exec-7] org.apache.catalina.core.StandardWrapperValve.invoke 경로 []의 컨텍스트 내의 서블릿 [jsp]을(를) 위한 Servlet.service() 호출이, 근본 원인(root cause)과 함께, 예외 [행 [84]에서 [/File1/board.jsp]을(를) 처리하는 중 예외 발생

81:       stmt2.close();
82:       conn2.close();
83:       }else{
84:         ResultSet rs3 = stmt2.executeQuery("select * from bbs1 union select from bbs2"+orderby);
85:         while (rs3.next()) {
86:           out.println("<tr>");
87:           out.println("<td>" + rs3.getInt("board_number") + "</td>");


Stacktrace:]을(를) 발생시켰습니다.
	java.sql.SQLSyntaxErrorException: ORA-00936: missing expression

		at oracle.jdbc.driver.T4CTTIoer.processError(T4CTTIoer.java:440)
		at oracle.jdbc.driver.T4CTTIoer.processError(T4CTTIoer.java:396)
		at oracle.jdbc.driver.T4C8Oall.processError(T4C8Oall.java:837)
		at oracle.jdbc.driver.T4CTTIfun.receive(T4CTTIfun.java:445)
		at oracle.jdbc.driver.T4CTTIfun.doRPC(T4CTTIfun.java:191)
		at oracle.jdbc.driver.T4C8Oall.doOALL(T4C8Oall.java:523)
		at oracle.jdbc.driver.T4CStatement.doOall8(T4CStatement.java:193)
		at oracle.jdbc.driver.T4CStatement.executeForDescribe(T4CStatement.java:852)
		at oracle.jdbc.driver.OracleStatement.executeMaybeDescribe(OracleStatement.java:1153)
		at oracle.jdbc.driver.OracleStatement.doExecuteWithTimeout(OracleStatement.java:1275)
		at oracle.jdbc.driver.OracleStatement.executeQuery(OracleStatement.java:1477)
		at oracle.jdbc.driver.OracleStatementWrapper.executeQuery(OracleStatementWrapper.java:392)
		at org.apache.jsp.File1.board_jsp._jspService(board_jsp.java:375)
		at org.apache.jasper.runtime.HttpJspBase.service(HttpJspBase.java:70)
		at javax.servlet.http.HttpServlet.service(HttpServlet.java:582)
		at org.apache.jasper.servlet.JspServletWrapper.service(JspServletWrapper.java:465)
		at org.apache.jasper.servlet.JspServlet.serviceJspFile(JspServlet.java:383)
		at org.apache.jasper.servlet.JspServlet.service(JspServlet.java:331)
		at javax.servlet.http.HttpServlet.service(HttpServlet.java:582)
		at org.apache.catalina.core.ApplicationFilterChain.internalDoFilter(ApplicationFilterChain.java:212)
		at org.apache.catalina.core.ApplicationFilterChain.doFilter(ApplicationFilterChain.java:156)
		at org.apache.tomcat.websocket.server.WsFilter.doFilter(WsFilter.java:52)
		at org.apache.catalina.core.ApplicationFilterChain.internalDoFilter(ApplicationFilterChain.java:181)
		at org.apache.catalina.core.ApplicationFilterChain.doFilter(ApplicationFilterChain.java:156)
		at org.apache.catalina.core.StandardWrapperValve.invoke(StandardWrapperValve.java:167)
		at org.apache.catalina.core.StandardContextValve.invoke(StandardContextValve.java:90)
		at org.apache.catalina.authenticator.AuthenticatorBase.invoke(AuthenticatorBase.java:494)
		at org.apache.catalina.core.StandardHostValve.invoke(StandardHostValve.java:130)
		at org.apache.catalina.valves.ErrorReportValve.invoke(ErrorReportValve.java:93)
		at org.apache.catalina.valves.AbstractAccessLogValve.invoke(AbstractAccessLogValve.java:682)
		at org.apache.catalina.core.StandardEngineValve.invoke(StandardEngineValve.java:74)
		at org.apache.catalina.connector.CoyoteAdapter.service(CoyoteAdapter.java:343)
		at org.apache.coyote.http11.Http11Processor.service(Http11Processor.java:617)
		at org.apache.coyote.AbstractProcessorLight.process(AbstractProcessorLight.java:63)
		at org.apache.coyote.AbstractProtocol$ConnectionHandler.process(AbstractProtocol.java:932)
		at org.apache.tomcat.util.net.NioEndpoint$SocketProcessor.doRun(NioEndpoint.java:1695)
		at org.apache.tomcat.util.net.SocketProcessorBase.run(SocketProcessorBase.java:49)
		at org.apache.tomcat.util.threads.ThreadPoolExecutor.runWorker(ThreadPoolExecutor.java:1191)
		at org.apache.tomcat.util.threads.ThreadPoolExecutor$Worker.run(ThreadPoolExecutor.java:659)
		at org.apache.tomcat.util.threads.TaskThread$WrappingRunnable.run(TaskThread.java:61)
		at java.base/java.lang.Thread.run(Thread.java:1623)
04-Apr-2023 10:24:21.097 SEVERE [http-nio-8000-exec-9] org.apache.catalina.core.StandardWrapperValve.invoke 경로 []의 컨텍스트 내의 서블릿 [jsp]을(를) 위한 Servlet.service() 호출이, 근본 원인(root cause)과 함께, 예외 [행 [84]에서 [/File1/board.jsp]을(를) 처리하는 중 예외 발생

81:       stmt2.close();
82:       conn2.close();
83:       }else{
84:         ResultSet rs3 = stmt2.executeQuery("select * from bbs1 union select * from bbs2"+orderby);
85:         while (rs3.next()) {
86:           out.println("<tr>");
87:           out.println("<td>" + rs3.getInt("board_number") + "</td>");


Stacktrace:]을(를) 발생시켰습니다.
	java.sql.SQLSyntaxErrorException: ORA-00904: "WRITETIME": invalid identifier

		at oracle.jdbc.driver.T4CTTIoer.processError(T4CTTIoer.java:440)
		at oracle.jdbc.driver.T4CTTIoer.processError(T4CTTIoer.java:396)
		at oracle.jdbc.driver.T4C8Oall.processError(T4C8Oall.java:837)
		at oracle.jdbc.driver.T4CTTIfun.receive(T4CTTIfun.java:445)
		at oracle.jdbc.driver.T4CTTIfun.doRPC(T4CTTIfun.java:191)
		at oracle.jdbc.driver.T4C8Oall.doOALL(T4C8Oall.java:523)
		at oracle.jdbc.driver.T4CStatement.doOall8(T4CStatement.java:193)
		at oracle.jdbc.driver.T4CStatement.executeForDescribe(T4CStatement.java:852)
		at oracle.jdbc.driver.OracleStatement.executeMaybeDescribe(OracleStatement.java:1153)
		at oracle.jdbc.driver.OracleStatement.doExecuteWithTimeout(OracleStatement.java:1275)
		at oracle.jdbc.driver.OracleStatement.executeQuery(OracleStatement.java:1477)
		at oracle.jdbc.driver.OracleStatementWrapper.executeQuery(OracleStatementWrapper.java:392)
		at org.apache.jsp.File1.board_jsp._jspService(board_jsp.java:375)
		at org.apache.jasper.runtime.HttpJspBase.service(HttpJspBase.java:70)
		at javax.servlet.http.HttpServlet.service(HttpServlet.java:582)
		at org.apache.jasper.servlet.JspServletWrapper.service(JspServletWrapper.java:465)
		at org.apache.jasper.servlet.JspServlet.serviceJspFile(JspServlet.java:383)
		at org.apache.jasper.servlet.JspServlet.service(JspServlet.java:331)
		at javax.servlet.http.HttpServlet.service(HttpServlet.java:582)
		at org.apache.catalina.core.ApplicationFilterChain.internalDoFilter(ApplicationFilterChain.java:212)
		at org.apache.catalina.core.ApplicationFilterChain.doFilter(ApplicationFilterChain.java:156)
		at org.apache.tomcat.websocket.server.WsFilter.doFilter(WsFilter.java:52)
		at org.apache.catalina.core.ApplicationFilterChain.internalDoFilter(ApplicationFilterChain.java:181)
		at org.apache.catalina.core.ApplicationFilterChain.doFilter(ApplicationFilterChain.java:156)
		at org.apache.catalina.core.StandardWrapperValve.invoke(StandardWrapperValve.java:167)
		at org.apache.catalina.core.StandardContextValve.invoke(StandardContextValve.java:90)
		at org.apache.catalina.authenticator.AuthenticatorBase.invoke(AuthenticatorBase.java:494)
		at org.apache.catalina.core.StandardHostValve.invoke(StandardHostValve.java:130)
		at org.apache.catalina.valves.ErrorReportValve.invoke(ErrorReportValve.java:93)
		at org.apache.catalina.valves.AbstractAccessLogValve.invoke(AbstractAccessLogValve.java:682)
		at org.apache.catalina.core.StandardEngineValve.invoke(StandardEngineValve.java:74)
		at org.apache.catalina.connector.CoyoteAdapter.service(CoyoteAdapter.java:343)
		at org.apache.coyote.http11.Http11Processor.service(Http11Processor.java:617)
		at org.apache.coyote.AbstractProcessorLight.process(AbstractProcessorLight.java:63)
		at org.apache.coyote.AbstractProtocol$ConnectionHandler.process(AbstractProtocol.java:932)
		at org.apache.tomcat.util.net.NioEndpoint$SocketProcessor.doRun(NioEndpoint.java:1695)
		at org.apache.tomcat.util.net.SocketProcessorBase.run(SocketProcessorBase.java:49)
		at org.apache.tomcat.util.threads.ThreadPoolExecutor.runWorker(ThreadPoolExecutor.java:1191)
		at org.apache.tomcat.util.threads.ThreadPoolExecutor$Worker.run(ThreadPoolExecutor.java:659)
		at org.apache.tomcat.util.threads.TaskThread$WrappingRunnable.run(TaskThread.java:61)
		at java.base/java.lang.Thread.run(Thread.java:1623)
04-Apr-2023 10:24:22.110 SEVERE [http-nio-8000-exec-10] org.apache.catalina.core.StandardWrapperValve.invoke 경로 []의 컨텍스트 내의 서블릿 [jsp]을(를) 위한 Servlet.service() 호출이, 근본 원인(root cause)과 함께, 예외 [행 [84]에서 [/File1/board.jsp]을(를) 처리하는 중 예외 발생

81:       stmt2.close();
82:       conn2.close();
83:       }else{
84:         ResultSet rs3 = stmt2.executeQuery("select * from bbs1 union select * from bbs2"+orderby);
85:         while (rs3.next()) {
86:           out.println("<tr>");
87:           out.println("<td>" + rs3.getInt("board_number") + "</td>");


Stacktrace:]을(를) 발생시켰습니다.
	java.sql.SQLSyntaxErrorException: ORA-00904: "WRITETIME": invalid identifier

		at oracle.jdbc.driver.T4CTTIoer.processError(T4CTTIoer.java:440)
		at oracle.jdbc.driver.T4CTTIoer.processError(T4CTTIoer.java:396)
		at oracle.jdbc.driver.T4C8Oall.processError(T4C8Oall.java:837)
		at oracle.jdbc.driver.T4CTTIfun.receive(T4CTTIfun.java:445)
		at oracle.jdbc.driver.T4CTTIfun.doRPC(T4CTTIfun.java:191)
		at oracle.jdbc.driver.T4C8Oall.doOALL(T4C8Oall.java:523)
		at oracle.jdbc.driver.T4CStatement.doOall8(T4CStatement.java:193)
		at oracle.jdbc.driver.T4CStatement.executeForDescribe(T4CStatement.java:852)
		at oracle.jdbc.driver.OracleStatement.executeMaybeDescribe(OracleStatement.java:1153)
		at oracle.jdbc.driver.OracleStatement.doExecuteWithTimeout(OracleStatement.java:1275)
		at oracle.jdbc.driver.OracleStatement.executeQuery(OracleStatement.java:1477)
		at oracle.jdbc.driver.OracleStatementWrapper.executeQuery(OracleStatementWrapper.java:392)
		at org.apache.jsp.File1.board_jsp._jspService(board_jsp.java:375)
		at org.apache.jasper.runtime.HttpJspBase.service(HttpJspBase.java:70)
		at javax.servlet.http.HttpServlet.service(HttpServlet.java:582)
		at org.apache.jasper.servlet.JspServletWrapper.service(JspServletWrapper.java:465)
		at org.apache.jasper.servlet.JspServlet.serviceJspFile(JspServlet.java:383)
		at org.apache.jasper.servlet.JspServlet.service(JspServlet.java:331)
		at javax.servlet.http.HttpServlet.service(HttpServlet.java:582)
		at org.apache.catalina.core.ApplicationFilterChain.internalDoFilter(ApplicationFilterChain.java:212)
		at org.apache.catalina.core.ApplicationFilterChain.doFilter(ApplicationFilterChain.java:156)
		at org.apache.tomcat.websocket.server.WsFilter.doFilter(WsFilter.java:52)
		at org.apache.catalina.core.ApplicationFilterChain.internalDoFilter(ApplicationFilterChain.java:181)
		at org.apache.catalina.core.ApplicationFilterChain.doFilter(ApplicationFilterChain.java:156)
		at org.apache.catalina.core.StandardWrapperValve.invoke(StandardWrapperValve.java:167)
		at org.apache.catalina.core.StandardContextValve.invoke(StandardContextValve.java:90)
		at org.apache.catalina.authenticator.AuthenticatorBase.invoke(AuthenticatorBase.java:494)
		at org.apache.catalina.core.StandardHostValve.invoke(StandardHostValve.java:130)
		at org.apache.catalina.valves.ErrorReportValve.invoke(ErrorReportValve.java:93)
		at org.apache.catalina.valves.AbstractAccessLogValve.invoke(AbstractAccessLogValve.java:682)
		at org.apache.catalina.core.StandardEngineValve.invoke(StandardEngineValve.java:74)
		at org.apache.catalina.connector.CoyoteAdapter.service(CoyoteAdapter.java:343)
		at org.apache.coyote.http11.Http11Processor.service(Http11Processor.java:617)
		at org.apache.coyote.AbstractProcessorLight.process(AbstractProcessorLight.java:63)
		at org.apache.coyote.AbstractProtocol$ConnectionHandler.process(AbstractProtocol.java:932)
		at org.apache.tomcat.util.net.NioEndpoint$SocketProcessor.doRun(NioEndpoint.java:1695)
		at org.apache.tomcat.util.net.SocketProcessorBase.run(SocketProcessorBase.java:49)
		at org.apache.tomcat.util.threads.ThreadPoolExecutor.runWorker(ThreadPoolExecutor.java:1191)
		at org.apache.tomcat.util.threads.ThreadPoolExecutor$Worker.run(ThreadPoolExecutor.java:659)
		at org.apache.tomcat.util.threads.TaskThread$WrappingRunnable.run(TaskThread.java:61)
		at java.base/java.lang.Thread.run(Thread.java:1623)
04-Apr-2023 10:29:04.961 SEVERE [http-nio-8000-exec-3] org.apache.catalina.core.StandardWrapperValve.invoke 경로 []의 컨텍스트 내의 서블릿 [jsp]을(를) 위한 Servlet.service() 호출이, 근본 원인(root cause)과 함께, 예외 [행 [84]에서 [/File1/board.jsp]을(를) 처리하는 중 예외 발생

81:       stmt2.close();
82:       conn2.close();
83:       }else{
84:         ResultSet rs3 = stmt2.executeQuery("select * from bbs1 union select * from bbs2"+orderby);
85:         while (rs3.next()) {
86:           out.println("<tr>");
87:           out.println("<td>" + rs3.getInt("board_number") + "</td>");


Stacktrace:]을(를) 발생시켰습니다.
	java.sql.SQLSyntaxErrorException: ORA-01785: ORDER BY item must be the number of a SELECT-list expression

		at oracle.jdbc.driver.T4CTTIoer.processError(T4CTTIoer.java:440)
		at oracle.jdbc.driver.T4CTTIoer.processError(T4CTTIoer.java:396)
		at oracle.jdbc.driver.T4C8Oall.processError(T4C8Oall.java:837)
		at oracle.jdbc.driver.T4CTTIfun.receive(T4CTTIfun.java:445)
		at oracle.jdbc.driver.T4CTTIfun.doRPC(T4CTTIfun.java:191)
		at oracle.jdbc.driver.T4C8Oall.doOALL(T4C8Oall.java:523)
		at oracle.jdbc.driver.T4CStatement.doOall8(T4CStatement.java:193)
		at oracle.jdbc.driver.T4CStatement.executeForDescribe(T4CStatement.java:852)
		at oracle.jdbc.driver.OracleStatement.executeMaybeDescribe(OracleStatement.java:1153)
		at oracle.jdbc.driver.OracleStatement.doExecuteWithTimeout(OracleStatement.java:1275)
		at oracle.jdbc.driver.OracleStatement.executeQuery(OracleStatement.java:1477)
		at oracle.jdbc.driver.OracleStatementWrapper.executeQuery(OracleStatementWrapper.java:392)
		at org.apache.jsp.File1.board_jsp._jspService(board_jsp.java:375)
		at org.apache.jasper.runtime.HttpJspBase.service(HttpJspBase.java:70)
		at javax.servlet.http.HttpServlet.service(HttpServlet.java:582)
		at org.apache.jasper.servlet.JspServletWrapper.service(JspServletWrapper.java:465)
		at org.apache.jasper.servlet.JspServlet.serviceJspFile(JspServlet.java:383)
		at org.apache.jasper.servlet.JspServlet.service(JspServlet.java:331)
		at javax.servlet.http.HttpServlet.service(HttpServlet.java:582)
		at org.apache.catalina.core.ApplicationFilterChain.internalDoFilter(ApplicationFilterChain.java:212)
		at org.apache.catalina.core.ApplicationFilterChain.doFilter(ApplicationFilterChain.java:156)
		at org.apache.tomcat.websocket.server.WsFilter.doFilter(WsFilter.java:52)
		at org.apache.catalina.core.ApplicationFilterChain.internalDoFilter(ApplicationFilterChain.java:181)
		at org.apache.catalina.core.ApplicationFilterChain.doFilter(ApplicationFilterChain.java:156)
		at org.apache.catalina.core.StandardWrapperValve.invoke(StandardWrapperValve.java:167)
		at org.apache.catalina.core.StandardContextValve.invoke(StandardContextValve.java:90)
		at org.apache.catalina.authenticator.AuthenticatorBase.invoke(AuthenticatorBase.java:494)
		at org.apache.catalina.core.StandardHostValve.invoke(StandardHostValve.java:130)
		at org.apache.catalina.valves.ErrorReportValve.invoke(ErrorReportValve.java:93)
		at org.apache.catalina.valves.AbstractAccessLogValve.invoke(AbstractAccessLogValve.java:682)
		at org.apache.catalina.core.StandardEngineValve.invoke(StandardEngineValve.java:74)
		at org.apache.catalina.connector.CoyoteAdapter.service(CoyoteAdapter.java:343)
		at org.apache.coyote.http11.Http11Processor.service(Http11Processor.java:617)
		at org.apache.coyote.AbstractProcessorLight.process(AbstractProcessorLight.java:63)
		at org.apache.coyote.AbstractProtocol$ConnectionHandler.process(AbstractProtocol.java:932)
		at org.apache.tomcat.util.net.NioEndpoint$SocketProcessor.doRun(NioEndpoint.java:1695)
		at org.apache.tomcat.util.net.SocketProcessorBase.run(SocketProcessorBase.java:49)
		at org.apache.tomcat.util.threads.ThreadPoolExecutor.runWorker(ThreadPoolExecutor.java:1191)
		at org.apache.tomcat.util.threads.ThreadPoolExecutor$Worker.run(ThreadPoolExecutor.java:659)
		at org.apache.tomcat.util.threads.TaskThread$WrappingRunnable.run(TaskThread.java:61)
		at java.base/java.lang.Thread.run(Thread.java:1623)
04-Apr-2023 10:31:02.884 SEVERE [http-nio-8000-exec-8] org.apache.catalina.core.StandardWrapperValve.invoke 경로 []의 컨텍스트 내의 서블릿 [jsp]을(를) 위한 Servlet.service() 호출이, 근본 원인(root cause)과 함께, 예외 [행 [84]에서 [/File1/board.jsp]을(를) 처리하는 중 예외 발생

81:       stmt2.close();
82:       conn2.close();
83:       }else{
84:         ResultSet rs3 = stmt2.executeQuery("select * from bbs1 union select * from bbs2"+orderby);
85:         while (rs3.next()) {
86:           out.println("<tr>");
87:           out.println("<td>" + rs3.getInt("board_number") + "</td>");


Stacktrace:]을(를) 발생시켰습니다.
	java.sql.SQLSyntaxErrorException: ORA-01785: ORDER BY item must be the number of a SELECT-list expression

		at oracle.jdbc.driver.T4CTTIoer.processError(T4CTTIoer.java:440)
		at oracle.jdbc.driver.T4CTTIoer.processError(T4CTTIoer.java:396)
		at oracle.jdbc.driver.T4C8Oall.processError(T4C8Oall.java:837)
		at oracle.jdbc.driver.T4CTTIfun.receive(T4CTTIfun.java:445)
		at oracle.jdbc.driver.T4CTTIfun.doRPC(T4CTTIfun.java:191)
		at oracle.jdbc.driver.T4C8Oall.doOALL(T4C8Oall.java:523)
		at oracle.jdbc.driver.T4CStatement.doOall8(T4CStatement.java:193)
		at oracle.jdbc.driver.T4CStatement.executeForDescribe(T4CStatement.java:852)
		at oracle.jdbc.driver.OracleStatement.executeMaybeDescribe(OracleStatement.java:1153)
		at oracle.jdbc.driver.OracleStatement.doExecuteWithTimeout(OracleStatement.java:1275)
		at oracle.jdbc.driver.OracleStatement.executeQuery(OracleStatement.java:1477)
		at oracle.jdbc.driver.OracleStatementWrapper.executeQuery(OracleStatementWrapper.java:392)
		at org.apache.jsp.File1.board_jsp._jspService(board_jsp.java:375)
		at org.apache.jasper.runtime.HttpJspBase.service(HttpJspBase.java:70)
		at javax.servlet.http.HttpServlet.service(HttpServlet.java:582)
		at org.apache.jasper.servlet.JspServletWrapper.service(JspServletWrapper.java:465)
		at org.apache.jasper.servlet.JspServlet.serviceJspFile(JspServlet.java:383)
		at org.apache.jasper.servlet.JspServlet.service(JspServlet.java:331)
		at javax.servlet.http.HttpServlet.service(HttpServlet.java:582)
		at org.apache.catalina.core.ApplicationFilterChain.internalDoFilter(ApplicationFilterChain.java:212)
		at org.apache.catalina.core.ApplicationFilterChain.doFilter(ApplicationFilterChain.java:156)
		at org.apache.tomcat.websocket.server.WsFilter.doFilter(WsFilter.java:52)
		at org.apache.catalina.core.ApplicationFilterChain.internalDoFilter(ApplicationFilterChain.java:181)
		at org.apache.catalina.core.ApplicationFilterChain.doFilter(ApplicationFilterChain.java:156)
		at org.apache.catalina.core.StandardWrapperValve.invoke(StandardWrapperValve.java:167)
		at org.apache.catalina.core.StandardContextValve.invoke(StandardContextValve.java:90)
		at org.apache.catalina.authenticator.AuthenticatorBase.invoke(AuthenticatorBase.java:494)
		at org.apache.catalina.core.StandardHostValve.invoke(StandardHostValve.java:130)
		at org.apache.catalina.valves.ErrorReportValve.invoke(ErrorReportValve.java:93)
		at org.apache.catalina.valves.AbstractAccessLogValve.invoke(AbstractAccessLogValve.java:682)
		at org.apache.catalina.core.StandardEngineValve.invoke(StandardEngineValve.java:74)
		at org.apache.catalina.connector.CoyoteAdapter.service(CoyoteAdapter.java:343)
		at org.apache.coyote.http11.Http11Processor.service(Http11Processor.java:617)
		at org.apache.coyote.AbstractProcessorLight.process(AbstractProcessorLight.java:63)
		at org.apache.coyote.AbstractProtocol$ConnectionHandler.process(AbstractProtocol.java:932)
		at org.apache.tomcat.util.net.NioEndpoint$SocketProcessor.doRun(NioEndpoint.java:1695)
		at org.apache.tomcat.util.net.SocketProcessorBase.run(SocketProcessorBase.java:49)
		at org.apache.tomcat.util.threads.ThreadPoolExecutor.runWorker(ThreadPoolExecutor.java:1191)
		at org.apache.tomcat.util.threads.ThreadPoolExecutor$Worker.run(ThreadPoolExecutor.java:659)
		at org.apache.tomcat.util.threads.TaskThread$WrappingRunnable.run(TaskThread.java:61)
		at java.base/java.lang.Thread.run(Thread.java:1623)
04-Apr-2023 11:01:30.817 SEVERE [http-nio-8000-exec-8] org.apache.catalina.core.StandardWrapperValve.invoke 경로 []의 컨텍스트 내의 서블릿 [jsp]을(를) 위한 Servlet.service() 호출이, 근본 원인(root cause)과 함께, 예외 [행 [7]에서 [/xss1/edit.jsp]을(를) 처리하는 중 예외 발생

4: <% String num=request.getParameter("num"); %>
5: 
6: <% 
7: rs2 = stmt2.executeQuery("select * from XSS where board_number=" + num);
8: String send_subject = null;
9: String send_memo = null;
10: String send_board_number = null;


Stacktrace:]을(를) 발생시켰습니다.
	java.sql.SQLSyntaxErrorException: ORA-00942: table or view does not exist

		at oracle.jdbc.driver.T4CTTIoer.processError(T4CTTIoer.java:440)
		at oracle.jdbc.driver.T4CTTIoer.processError(T4CTTIoer.java:396)
		at oracle.jdbc.driver.T4C8Oall.processError(T4C8Oall.java:837)
		at oracle.jdbc.driver.T4CTTIfun.receive(T4CTTIfun.java:445)
		at oracle.jdbc.driver.T4CTTIfun.doRPC(T4CTTIfun.java:191)
		at oracle.jdbc.driver.T4C8Oall.doOALL(T4C8Oall.java:523)
		at oracle.jdbc.driver.T4CStatement.doOall8(T4CStatement.java:193)
		at oracle.jdbc.driver.T4CStatement.executeForDescribe(T4CStatement.java:852)
		at oracle.jdbc.driver.OracleStatement.executeMaybeDescribe(OracleStatement.java:1153)
		at oracle.jdbc.driver.OracleStatement.doExecuteWithTimeout(OracleStatement.java:1275)
		at oracle.jdbc.driver.OracleStatement.executeQuery(OracleStatement.java:1477)
		at oracle.jdbc.driver.OracleStatementWrapper.executeQuery(OracleStatementWrapper.java:392)
		at org.apache.jsp.xss1.edit_jsp._jspService(edit_jsp.java:261)
		at org.apache.jasper.runtime.HttpJspBase.service(HttpJspBase.java:70)
		at javax.servlet.http.HttpServlet.service(HttpServlet.java:582)
		at org.apache.jasper.servlet.JspServletWrapper.service(JspServletWrapper.java:465)
		at org.apache.jasper.servlet.JspServlet.serviceJspFile(JspServlet.java:383)
		at org.apache.jasper.servlet.JspServlet.service(JspServlet.java:331)
		at javax.servlet.http.HttpServlet.service(HttpServlet.java:582)
		at org.apache.catalina.core.ApplicationFilterChain.internalDoFilter(ApplicationFilterChain.java:212)
		at org.apache.catalina.core.ApplicationFilterChain.doFilter(ApplicationFilterChain.java:156)
		at org.apache.tomcat.websocket.server.WsFilter.doFilter(WsFilter.java:52)
		at org.apache.catalina.core.ApplicationFilterChain.internalDoFilter(ApplicationFilterChain.java:181)
		at org.apache.catalina.core.ApplicationFilterChain.doFilter(ApplicationFilterChain.java:156)
		at org.apache.catalina.core.StandardWrapperValve.invoke(StandardWrapperValve.java:167)
		at org.apache.catalina.core.StandardContextValve.invoke(StandardContextValve.java:90)
		at org.apache.catalina.authenticator.AuthenticatorBase.invoke(AuthenticatorBase.java:494)
		at org.apache.catalina.core.StandardHostValve.invoke(StandardHostValve.java:130)
		at org.apache.catalina.valves.ErrorReportValve.invoke(ErrorReportValve.java:93)
		at org.apache.catalina.valves.AbstractAccessLogValve.invoke(AbstractAccessLogValve.java:682)
		at org.apache.catalina.core.StandardEngineValve.invoke(StandardEngineValve.java:74)
		at org.apache.catalina.connector.CoyoteAdapter.service(CoyoteAdapter.java:343)
		at org.apache.coyote.http11.Http11Processor.service(Http11Processor.java:617)
		at org.apache.coyote.AbstractProcessorLight.process(AbstractProcessorLight.java:63)
		at org.apache.coyote.AbstractProtocol$ConnectionHandler.process(AbstractProtocol.java:932)
		at org.apache.tomcat.util.net.NioEndpoint$SocketProcessor.doRun(NioEndpoint.java:1695)
		at org.apache.tomcat.util.net.SocketProcessorBase.run(SocketProcessorBase.java:49)
		at org.apache.tomcat.util.threads.ThreadPoolExecutor.runWorker(ThreadPoolExecutor.java:1191)
		at org.apache.tomcat.util.threads.ThreadPoolExecutor$Worker.run(ThreadPoolExecutor.java:659)
		at org.apache.tomcat.util.threads.TaskThread$WrappingRunnable.run(TaskThread.java:61)
		at java.base/java.lang.Thread.run(Thread.java:1623)
