16-Aug-2023 21:50:34.936 INFO [localhost-startStop-1] org.apache.catalina.core.ApplicationContext.log ContextListener: contextInitialized()
16-Aug-2023 21:50:34.936 INFO [localhost-startStop-1] org.apache.catalina.core.ApplicationContext.log SessionListener: contextInitialized()
16-Aug-2023 21:50:34.939 INFO [localhost-startStop-1] org.apache.catalina.core.ApplicationContext.log ContextListener: attributeAdded('StockTicker', 'async.Stockticker@70eec4b2')
16-Aug-2023 21:51:17.707 SEVERE [http-nio-8000-exec-1] org.apache.catalina.core.StandardWrapperValve.invoke 경로 []의 컨텍스트 내의 서블릿 [jsp]을(를) 위한 Servlet.service() 호출이, 근본 원인(root cause)과 함께, 예외 [java.lang.NullPointerException: Cannot invoke "java.sql.Statement.executeQuery(String)" because "stmt" is null]을(를) 발생시켰습니다.
	java.lang.NullPointerException: Cannot invoke "java.sql.Statement.executeQuery(String)" because "stmt" is null
		at org.apache.jsp.index_jsp._jspService(index_jsp.java:205)
		at org.apache.jasper.runtime.HttpJspBase.service(HttpJspBase.java:70)
		at javax.servlet.http.HttpServlet.service(HttpServlet.java:582)
		at org.apache.jasper.servlet.JspServletWrapper.service(JspServletWrapper.java:465)
		at org.apache.jasper.servlet.JspServlet.serviceJspFile(JspServlet.java:383)
		at org.apache.jasper.servlet.JspServlet.service(JspServlet.java:331)
		at javax.servlet.http.HttpServlet.service(HttpServlet.java:582)
		at org.apache.catalina.core.ApplicationFilterChain.internalDoFilter(ApplicationFilterChain.java:212)
		at org.apache.catalina.core.ApplicationFilterChain.doFilter(ApplicationFilterChain.java:156)
		at org.apache.tomcat.websocket.server.WsFilter.doFilter(WsFilter.java:52)
		at org.apache.catalina.core.ApplicationFilterChain.internalDoFilter(ApplicationFilterChain.java:181)
		at org.apache.catalina.core.ApplicationFilterChain.doFilter(ApplicationFilterChain.java:156)
		at org.apache.catalina.core.StandardWrapperValve.invoke(StandardWrapperValve.java:167)
		at org.apache.catalina.core.StandardContextValve.invoke(StandardContextValve.java:90)
		at org.apache.catalina.authenticator.AuthenticatorBase.invoke(AuthenticatorBase.java:494)
		at org.apache.catalina.core.StandardHostValve.invoke(StandardHostValve.java:130)
		at org.apache.catalina.valves.ErrorReportValve.invoke(ErrorReportValve.java:93)
		at org.apache.catalina.valves.AbstractAccessLogValve.invoke(AbstractAccessLogValve.java:682)
		at org.apache.catalina.core.StandardEngineValve.invoke(StandardEngineValve.java:74)
		at org.apache.catalina.connector.CoyoteAdapter.service(CoyoteAdapter.java:343)
		at org.apache.coyote.http11.Http11Processor.service(Http11Processor.java:617)
		at org.apache.coyote.AbstractProcessorLight.process(AbstractProcessorLight.java:63)
		at org.apache.coyote.AbstractProtocol$ConnectionHandler.process(AbstractProtocol.java:932)
		at org.apache.tomcat.util.net.NioEndpoint$SocketProcessor.doRun(NioEndpoint.java:1695)
		at org.apache.tomcat.util.net.SocketProcessorBase.run(SocketProcessorBase.java:49)
		at org.apache.tomcat.util.threads.ThreadPoolExecutor.runWorker(ThreadPoolExecutor.java:1191)
		at org.apache.tomcat.util.threads.ThreadPoolExecutor$Worker.run(ThreadPoolExecutor.java:659)
		at org.apache.tomcat.util.threads.TaskThread$WrappingRunnable.run(TaskThread.java:61)
		at java.base/java.lang.Thread.run(Thread.java:1623)
16-Aug-2023 21:54:45.430 SEVERE [http-nio-8000-exec-2] org.apache.catalina.core.StandardWrapperValve.invoke 경로 []의 컨텍스트 내의 서블릿 [jsp]을(를) 위한 Servlet.service() 호출이, 근본 원인(root cause)과 함께, 예외 [행 [82]에서 [/board.jsp]을(를) 처리하는 중 예외 발생

79:         stmt2.close();
80:         conn2.close();
81:         }else{
82:           ResultSet rs3 = stmt2.executeQuery("SELECT bbs1.*, NVL(r.BO_NUM_COUNT, 0) AS BO_NUM_COUNT FROM bbs1 LEFT JOIN (SELECT BO_NUM, COUNT(BO_NUM) AS BO_NUM_COUNT FROM retable GROUP BY BO_NUM) r ON bbs1.BOARD_NUMBER = r.BO_NUM ORDER BY bbs1."+orderby);
83:             
84:         while (rs3.next()) {
85:           out.println("<tr>");


Stacktrace:]을(를) 발생시켰습니다.
	java.sql.SQLSyntaxErrorException: ORA-00942: table or view does not exist

		at oracle.jdbc.driver.T4CTTIoer.processError(T4CTTIoer.java:440)
		at oracle.jdbc.driver.T4CTTIoer.processError(T4CTTIoer.java:396)
		at oracle.jdbc.driver.T4C8Oall.processError(T4C8Oall.java:837)
		at oracle.jdbc.driver.T4CTTIfun.receive(T4CTTIfun.java:445)
		at oracle.jdbc.driver.T4CTTIfun.doRPC(T4CTTIfun.java:191)
		at oracle.jdbc.driver.T4C8Oall.doOALL(T4C8Oall.java:523)
		at oracle.jdbc.driver.T4CStatement.doOall8(T4CStatement.java:193)
		at oracle.jdbc.driver.T4CStatement.executeForDescribe(T4CStatement.java:852)
		at oracle.jdbc.driver.OracleStatement.executeMaybeDescribe(OracleStatement.java:1153)
		at oracle.jdbc.driver.OracleStatement.doExecuteWithTimeout(OracleStatement.java:1275)
		at oracle.jdbc.driver.OracleStatement.executeQuery(OracleStatement.java:1477)
		at oracle.jdbc.driver.OracleStatementWrapper.executeQuery(OracleStatementWrapper.java:392)
		at org.apache.jsp.board_jsp._jspService(board_jsp.java:406)
		at org.apache.jasper.runtime.HttpJspBase.service(HttpJspBase.java:70)
		at javax.servlet.http.HttpServlet.service(HttpServlet.java:582)
		at org.apache.jasper.servlet.JspServletWrapper.service(JspServletWrapper.java:465)
		at org.apache.jasper.servlet.JspServlet.serviceJspFile(JspServlet.java:383)
		at org.apache.jasper.servlet.JspServlet.service(JspServlet.java:331)
		at javax.servlet.http.HttpServlet.service(HttpServlet.java:582)
		at org.apache.catalina.core.ApplicationFilterChain.internalDoFilter(ApplicationFilterChain.java:212)
		at org.apache.catalina.core.ApplicationFilterChain.doFilter(ApplicationFilterChain.java:156)
		at org.apache.tomcat.websocket.server.WsFilter.doFilter(WsFilter.java:52)
		at org.apache.catalina.core.ApplicationFilterChain.internalDoFilter(ApplicationFilterChain.java:181)
		at org.apache.catalina.core.ApplicationFilterChain.doFilter(ApplicationFilterChain.java:156)
		at org.apache.catalina.core.StandardWrapperValve.invoke(StandardWrapperValve.java:167)
		at org.apache.catalina.core.StandardContextValve.invoke(StandardContextValve.java:90)
		at org.apache.catalina.authenticator.AuthenticatorBase.invoke(AuthenticatorBase.java:494)
		at org.apache.catalina.core.StandardHostValve.invoke(StandardHostValve.java:130)
		at org.apache.catalina.valves.ErrorReportValve.invoke(ErrorReportValve.java:93)
		at org.apache.catalina.valves.AbstractAccessLogValve.invoke(AbstractAccessLogValve.java:682)
		at org.apache.catalina.core.StandardEngineValve.invoke(StandardEngineValve.java:74)
		at org.apache.catalina.connector.CoyoteAdapter.service(CoyoteAdapter.java:343)
		at org.apache.coyote.http11.Http11Processor.service(Http11Processor.java:617)
		at org.apache.coyote.AbstractProcessorLight.process(AbstractProcessorLight.java:63)
		at org.apache.coyote.AbstractProtocol$ConnectionHandler.process(AbstractProtocol.java:932)
		at org.apache.tomcat.util.net.NioEndpoint$SocketProcessor.doRun(NioEndpoint.java:1695)
		at org.apache.tomcat.util.net.SocketProcessorBase.run(SocketProcessorBase.java:49)
		at org.apache.tomcat.util.threads.ThreadPoolExecutor.runWorker(ThreadPoolExecutor.java:1191)
		at org.apache.tomcat.util.threads.ThreadPoolExecutor$Worker.run(ThreadPoolExecutor.java:659)
		at org.apache.tomcat.util.threads.TaskThread$WrappingRunnable.run(TaskThread.java:61)
		at java.base/java.lang.Thread.run(Thread.java:1623)
16-Aug-2023 21:56:15.913 SEVERE [http-nio-8000-exec-7] org.apache.catalina.core.StandardWrapperValve.invoke 경로 []의 컨텍스트 내의 서블릿 [jsp]을(를) 위한 Servlet.service() 호출이, 근본 원인(root cause)과 함께, 예외 [행 [82]에서 [/board.jsp]을(를) 처리하는 중 예외 발생

79:         stmt2.close();
80:         conn2.close();
81:         }else{
82:           ResultSet rs3 = stmt2.executeQuery("SELECT bbs1.*, NVL(r.BO_NUM_COUNT, 0) AS BO_NUM_COUNT FROM bbs1 LEFT JOIN (SELECT BO_NUM, COUNT(BO_NUM) AS BO_NUM_COUNT FROM retable GROUP BY BO_NUM) r ON bbs1.BOARD_NUMBER = r.BO_NUM ORDER BY bbs1."+orderby);
83:             
84:         while (rs3.next()) {
85:           out.println("<tr>");


Stacktrace:]을(를) 발생시켰습니다.
	java.sql.SQLSyntaxErrorException: ORA-00942: table or view does not exist

		at oracle.jdbc.driver.T4CTTIoer.processError(T4CTTIoer.java:440)
		at oracle.jdbc.driver.T4CTTIoer.processError(T4CTTIoer.java:396)
		at oracle.jdbc.driver.T4C8Oall.processError(T4C8Oall.java:837)
		at oracle.jdbc.driver.T4CTTIfun.receive(T4CTTIfun.java:445)
		at oracle.jdbc.driver.T4CTTIfun.doRPC(T4CTTIfun.java:191)
		at oracle.jdbc.driver.T4C8Oall.doOALL(T4C8Oall.java:523)
		at oracle.jdbc.driver.T4CStatement.doOall8(T4CStatement.java:193)
		at oracle.jdbc.driver.T4CStatement.executeForDescribe(T4CStatement.java:852)
		at oracle.jdbc.driver.OracleStatement.executeMaybeDescribe(OracleStatement.java:1153)
		at oracle.jdbc.driver.OracleStatement.doExecuteWithTimeout(OracleStatement.java:1275)
		at oracle.jdbc.driver.OracleStatement.executeQuery(OracleStatement.java:1477)
		at oracle.jdbc.driver.OracleStatementWrapper.executeQuery(OracleStatementWrapper.java:392)
		at org.apache.jsp.board_jsp._jspService(board_jsp.java:406)
		at org.apache.jasper.runtime.HttpJspBase.service(HttpJspBase.java:70)
		at javax.servlet.http.HttpServlet.service(HttpServlet.java:582)
		at org.apache.jasper.servlet.JspServletWrapper.service(JspServletWrapper.java:465)
		at org.apache.jasper.servlet.JspServlet.serviceJspFile(JspServlet.java:383)
		at org.apache.jasper.servlet.JspServlet.service(JspServlet.java:331)
		at javax.servlet.http.HttpServlet.service(HttpServlet.java:582)
		at org.apache.catalina.core.ApplicationFilterChain.internalDoFilter(ApplicationFilterChain.java:212)
		at org.apache.catalina.core.ApplicationFilterChain.doFilter(ApplicationFilterChain.java:156)
		at org.apache.tomcat.websocket.server.WsFilter.doFilter(WsFilter.java:52)
		at org.apache.catalina.core.ApplicationFilterChain.internalDoFilter(ApplicationFilterChain.java:181)
		at org.apache.catalina.core.ApplicationFilterChain.doFilter(ApplicationFilterChain.java:156)
		at org.apache.catalina.core.StandardWrapperValve.invoke(StandardWrapperValve.java:167)
		at org.apache.catalina.core.StandardContextValve.invoke(StandardContextValve.java:90)
		at org.apache.catalina.authenticator.AuthenticatorBase.invoke(AuthenticatorBase.java:494)
		at org.apache.catalina.core.StandardHostValve.invoke(StandardHostValve.java:130)
		at org.apache.catalina.valves.ErrorReportValve.invoke(ErrorReportValve.java:93)
		at org.apache.catalina.valves.AbstractAccessLogValve.invoke(AbstractAccessLogValve.java:682)
		at org.apache.catalina.core.StandardEngineValve.invoke(StandardEngineValve.java:74)
		at org.apache.catalina.connector.CoyoteAdapter.service(CoyoteAdapter.java:343)
		at org.apache.coyote.http11.Http11Processor.service(Http11Processor.java:617)
		at org.apache.coyote.AbstractProcessorLight.process(AbstractProcessorLight.java:63)
		at org.apache.coyote.AbstractProtocol$ConnectionHandler.process(AbstractProtocol.java:932)
		at org.apache.tomcat.util.net.NioEndpoint$SocketProcessor.doRun(NioEndpoint.java:1695)
		at org.apache.tomcat.util.net.SocketProcessorBase.run(SocketProcessorBase.java:49)
		at org.apache.tomcat.util.threads.ThreadPoolExecutor.runWorker(ThreadPoolExecutor.java:1191)
		at org.apache.tomcat.util.threads.ThreadPoolExecutor$Worker.run(ThreadPoolExecutor.java:659)
		at org.apache.tomcat.util.threads.TaskThread$WrappingRunnable.run(TaskThread.java:61)
		at java.base/java.lang.Thread.run(Thread.java:1623)
16-Aug-2023 21:59:14.177 SEVERE [http-nio-8000-exec-6] org.apache.catalina.core.StandardWrapperValve.invoke 경로 []의 컨텍스트 내의 서블릿 [jsp]을(를) 위한 Servlet.service() 호출이, 근본 원인(root cause)과 함께, 예외 [행 [82]에서 [/board.jsp]을(를) 처리하는 중 예외 발생

79:         stmt2.close();
80:         conn2.close();
81:         }else{
82:           ResultSet rs3 = stmt2.executeQuery("SELECT bbs1.*, NVL(r.BO_NUM_COUNT, 0) AS BO_NUM_COUNT FROM bbs1 LEFT JOIN (SELECT BO_NUM, COUNT(BO_NUM) AS BO_NUM_COUNT FROM retable GROUP BY BO_NUM) r ON bbs1.BOARD_NUMBER = r.BO_NUM ORDER BY bbs1."+orderby);
83:             
84:         while (rs3.next()) {
85:           out.println("<tr>");


Stacktrace:]을(를) 발생시켰습니다.
	java.sql.SQLSyntaxErrorException: ORA-00942: table or view does not exist

		at oracle.jdbc.driver.T4CTTIoer.processError(T4CTTIoer.java:440)
		at oracle.jdbc.driver.T4CTTIoer.processError(T4CTTIoer.java:396)
		at oracle.jdbc.driver.T4C8Oall.processError(T4C8Oall.java:837)
		at oracle.jdbc.driver.T4CTTIfun.receive(T4CTTIfun.java:445)
		at oracle.jdbc.driver.T4CTTIfun.doRPC(T4CTTIfun.java:191)
		at oracle.jdbc.driver.T4C8Oall.doOALL(T4C8Oall.java:523)
		at oracle.jdbc.driver.T4CStatement.doOall8(T4CStatement.java:193)
		at oracle.jdbc.driver.T4CStatement.executeForDescribe(T4CStatement.java:852)
		at oracle.jdbc.driver.OracleStatement.executeMaybeDescribe(OracleStatement.java:1153)
		at oracle.jdbc.driver.OracleStatement.doExecuteWithTimeout(OracleStatement.java:1275)
		at oracle.jdbc.driver.OracleStatement.executeQuery(OracleStatement.java:1477)
		at oracle.jdbc.driver.OracleStatementWrapper.executeQuery(OracleStatementWrapper.java:392)
		at org.apache.jsp.board_jsp._jspService(board_jsp.java:406)
		at org.apache.jasper.runtime.HttpJspBase.service(HttpJspBase.java:70)
		at javax.servlet.http.HttpServlet.service(HttpServlet.java:582)
		at org.apache.jasper.servlet.JspServletWrapper.service(JspServletWrapper.java:465)
		at org.apache.jasper.servlet.JspServlet.serviceJspFile(JspServlet.java:383)
		at org.apache.jasper.servlet.JspServlet.service(JspServlet.java:331)
		at javax.servlet.http.HttpServlet.service(HttpServlet.java:582)
		at org.apache.catalina.core.ApplicationFilterChain.internalDoFilter(ApplicationFilterChain.java:212)
		at org.apache.catalina.core.ApplicationFilterChain.doFilter(ApplicationFilterChain.java:156)
		at org.apache.tomcat.websocket.server.WsFilter.doFilter(WsFilter.java:52)
		at org.apache.catalina.core.ApplicationFilterChain.internalDoFilter(ApplicationFilterChain.java:181)
		at org.apache.catalina.core.ApplicationFilterChain.doFilter(ApplicationFilterChain.java:156)
		at org.apache.catalina.core.StandardWrapperValve.invoke(StandardWrapperValve.java:167)
		at org.apache.catalina.core.StandardContextValve.invoke(StandardContextValve.java:90)
		at org.apache.catalina.authenticator.AuthenticatorBase.invoke(AuthenticatorBase.java:494)
		at org.apache.catalina.core.StandardHostValve.invoke(StandardHostValve.java:130)
		at org.apache.catalina.valves.ErrorReportValve.invoke(ErrorReportValve.java:93)
		at org.apache.catalina.valves.AbstractAccessLogValve.invoke(AbstractAccessLogValve.java:682)
		at org.apache.catalina.core.StandardEngineValve.invoke(StandardEngineValve.java:74)
		at org.apache.catalina.connector.CoyoteAdapter.service(CoyoteAdapter.java:343)
		at org.apache.coyote.http11.Http11Processor.service(Http11Processor.java:617)
		at org.apache.coyote.AbstractProcessorLight.process(AbstractProcessorLight.java:63)
		at org.apache.coyote.AbstractProtocol$ConnectionHandler.process(AbstractProtocol.java:932)
		at org.apache.tomcat.util.net.NioEndpoint$SocketProcessor.doRun(NioEndpoint.java:1695)
		at org.apache.tomcat.util.net.SocketProcessorBase.run(SocketProcessorBase.java:49)
		at org.apache.tomcat.util.threads.ThreadPoolExecutor.runWorker(ThreadPoolExecutor.java:1191)
		at org.apache.tomcat.util.threads.ThreadPoolExecutor$Worker.run(ThreadPoolExecutor.java:659)
		at org.apache.tomcat.util.threads.TaskThread$WrappingRunnable.run(TaskThread.java:61)
		at java.base/java.lang.Thread.run(Thread.java:1623)
16-Aug-2023 22:21:01.682 SEVERE [http-nio-8000-exec-4] org.apache.catalina.core.StandardWrapperValve.invoke 경로 []의 컨텍스트 내의 서블릿 [jsp]을(를) 위한 Servlet.service() 호출이, 근본 원인(root cause)과 함께, 예외 [/data1/login_2.jsp (행: [2], 열: [1]) 파일 [action/navbar.jsp]을(를) 찾을 수 없습니다.]을(를) 발생시켰습니다.
	org.apache.jasper.JasperException: /data1/login_2.jsp (행: [2], 열: [1]) 파일 [action/navbar.jsp]을(를) 찾을 수 없습니다.
		at org.apache.jasper.compiler.DefaultErrorHandler.jspError(DefaultErrorHandler.java:41)
		at org.apache.jasper.compiler.ErrorDispatcher.dispatch(ErrorDispatcher.java:292)
		at org.apache.jasper.compiler.ErrorDispatcher.jspError(ErrorDispatcher.java:98)
		at org.apache.jasper.compiler.Parser.processIncludeDirective(Parser.java:349)
		at org.apache.jasper.compiler.Parser.parseIncludeDirective(Parser.java:384)
		at org.apache.jasper.compiler.Parser.parseDirective(Parser.java:485)
		at org.apache.jasper.compiler.Parser.parseFileDirectives(Parser.java:1802)
		at org.apache.jasper.compiler.Parser.parse(Parser.java:141)
		at org.apache.jasper.compiler.ParserController.doParse(ParserController.java:245)
		at org.apache.jasper.compiler.ParserController.parseDirectives(ParserController.java:128)
		at org.apache.jasper.compiler.Compiler.generateJava(Compiler.java:199)
		at org.apache.jasper.compiler.Compiler.compile(Compiler.java:375)
		at org.apache.jasper.compiler.Compiler.compile(Compiler.java:351)
		at org.apache.jasper.compiler.Compiler.compile(Compiler.java:335)
		at org.apache.jasper.JspCompilationContext.compile(JspCompilationContext.java:597)
		at org.apache.jasper.servlet.JspServletWrapper.service(JspServletWrapper.java:398)
		at org.apache.jasper.servlet.JspServlet.serviceJspFile(JspServlet.java:383)
		at org.apache.jasper.servlet.JspServlet.service(JspServlet.java:331)
		at javax.servlet.http.HttpServlet.service(HttpServlet.java:582)
		at org.apache.catalina.core.ApplicationFilterChain.internalDoFilter(ApplicationFilterChain.java:212)
		at org.apache.catalina.core.ApplicationFilterChain.doFilter(ApplicationFilterChain.java:156)
		at org.apache.tomcat.websocket.server.WsFilter.doFilter(WsFilter.java:52)
		at org.apache.catalina.core.ApplicationFilterChain.internalDoFilter(ApplicationFilterChain.java:181)
		at org.apache.catalina.core.ApplicationFilterChain.doFilter(ApplicationFilterChain.java:156)
		at org.apache.catalina.core.StandardWrapperValve.invoke(StandardWrapperValve.java:167)
		at org.apache.catalina.core.StandardContextValve.invoke(StandardContextValve.java:90)
		at org.apache.catalina.authenticator.AuthenticatorBase.invoke(AuthenticatorBase.java:494)
		at org.apache.catalina.core.StandardHostValve.invoke(StandardHostValve.java:130)
		at org.apache.catalina.valves.ErrorReportValve.invoke(ErrorReportValve.java:93)
		at org.apache.catalina.valves.AbstractAccessLogValve.invoke(AbstractAccessLogValve.java:682)
		at org.apache.catalina.core.StandardEngineValve.invoke(StandardEngineValve.java:74)
		at org.apache.catalina.connector.CoyoteAdapter.service(CoyoteAdapter.java:343)
		at org.apache.coyote.http11.Http11Processor.service(Http11Processor.java:617)
		at org.apache.coyote.AbstractProcessorLight.process(AbstractProcessorLight.java:63)
		at org.apache.coyote.AbstractProtocol$ConnectionHandler.process(AbstractProtocol.java:932)
		at org.apache.tomcat.util.net.NioEndpoint$SocketProcessor.doRun(NioEndpoint.java:1695)
		at org.apache.tomcat.util.net.SocketProcessorBase.run(SocketProcessorBase.java:49)
		at org.apache.tomcat.util.threads.ThreadPoolExecutor.runWorker(ThreadPoolExecutor.java:1191)
		at org.apache.tomcat.util.threads.ThreadPoolExecutor$Worker.run(ThreadPoolExecutor.java:659)
		at org.apache.tomcat.util.threads.TaskThread$WrappingRunnable.run(TaskThread.java:61)
		at java.base/java.lang.Thread.run(Thread.java:1623)
16-Aug-2023 22:40:40.649 SEVERE [http-nio-8000-exec-6] org.apache.catalina.core.StandardWrapperValve.invoke 경로 []의 컨텍스트 내의 서블릿 [jsp]을(를) 위한 Servlet.service() 호출이, 근본 원인(root cause)과 함께, 예외 [JSP를 위한 클래스를 컴파일할 수 없습니다.: 

JSP 파일 [/stock/board.jsp]의 [17] 행에서 오류가 발생했습니다.
String literal is not properly closed by a double-quote
14:     </div>
15: </div>
16: <% 
17:   ResultSet rs3 = stmt2.executeQuery("select * from point_table where customer_number='"+session.getAttribute("userID")+"');
18:   while (rs3.next()) {
19:   out.println("<td>" + rs3.getString("point") + "</td>");
20:   }


Stacktrace:]을(를) 발생시켰습니다.
	org.apache.jasper.JasperException: JSP를 위한 클래스를 컴파일할 수 없습니다.: 

JSP 파일 [/stock/board.jsp]의 [17] 행에서 오류가 발생했습니다.
String literal is not properly closed by a double-quote
14:     </div>
15: </div>
16: <% 
17:   ResultSet rs3 = stmt2.executeQuery("select * from point_table where customer_number='"+session.getAttribute("userID")+"');
18:   while (rs3.next()) {
19:   out.println("<td>" + rs3.getString("point") + "</td>");
20:   }


Stacktrace:
		at org.apache.jasper.compiler.DefaultErrorHandler.javacError(DefaultErrorHandler.java:102)
		at org.apache.jasper.compiler.ErrorDispatcher.javacError(ErrorDispatcher.java:213)
		at org.apache.jasper.compiler.JDTCompiler.generateClass(JDTCompiler.java:600)
		at org.apache.jasper.compiler.Compiler.compile(Compiler.java:381)
		at org.apache.jasper.compiler.Compiler.compile(Compiler.java:351)
		at org.apache.jasper.compiler.Compiler.compile(Compiler.java:335)
		at org.apache.jasper.JspCompilationContext.compile(JspCompilationContext.java:597)
		at org.apache.jasper.servlet.JspServletWrapper.service(JspServletWrapper.java:398)
		at org.apache.jasper.servlet.JspServlet.serviceJspFile(JspServlet.java:383)
		at org.apache.jasper.servlet.JspServlet.service(JspServlet.java:331)
		at javax.servlet.http.HttpServlet.service(HttpServlet.java:582)
		at org.apache.catalina.core.ApplicationFilterChain.internalDoFilter(ApplicationFilterChain.java:212)
		at org.apache.catalina.core.ApplicationFilterChain.doFilter(ApplicationFilterChain.java:156)
		at org.apache.tomcat.websocket.server.WsFilter.doFilter(WsFilter.java:52)
		at org.apache.catalina.core.ApplicationFilterChain.internalDoFilter(ApplicationFilterChain.java:181)
		at org.apache.catalina.core.ApplicationFilterChain.doFilter(ApplicationFilterChain.java:156)
		at org.apache.catalina.core.StandardWrapperValve.invoke(StandardWrapperValve.java:167)
		at org.apache.catalina.core.StandardContextValve.invoke(StandardContextValve.java:90)
		at org.apache.catalina.authenticator.AuthenticatorBase.invoke(AuthenticatorBase.java:494)
		at org.apache.catalina.core.StandardHostValve.invoke(StandardHostValve.java:130)
		at org.apache.catalina.valves.ErrorReportValve.invoke(ErrorReportValve.java:93)
		at org.apache.catalina.valves.AbstractAccessLogValve.invoke(AbstractAccessLogValve.java:682)
		at org.apache.catalina.core.StandardEngineValve.invoke(StandardEngineValve.java:74)
		at org.apache.catalina.connector.CoyoteAdapter.service(CoyoteAdapter.java:343)
		at org.apache.coyote.http11.Http11Processor.service(Http11Processor.java:617)
		at org.apache.coyote.AbstractProcessorLight.process(AbstractProcessorLight.java:63)
		at org.apache.coyote.AbstractProtocol$ConnectionHandler.process(AbstractProtocol.java:932)
		at org.apache.tomcat.util.net.NioEndpoint$SocketProcessor.doRun(NioEndpoint.java:1695)
		at org.apache.tomcat.util.net.SocketProcessorBase.run(SocketProcessorBase.java:49)
		at org.apache.tomcat.util.threads.ThreadPoolExecutor.runWorker(ThreadPoolExecutor.java:1191)
		at org.apache.tomcat.util.threads.ThreadPoolExecutor$Worker.run(ThreadPoolExecutor.java:659)
		at org.apache.tomcat.util.threads.TaskThread$WrappingRunnable.run(TaskThread.java:61)
		at java.base/java.lang.Thread.run(Thread.java:1623)
16-Aug-2023 22:41:28.180 SEVERE [http-nio-8000-exec-10] org.apache.catalina.core.StandardWrapperValve.invoke 경로 []의 컨텍스트 내의 서블릿 [jsp]을(를) 위한 Servlet.service() 호출이, 근본 원인(root cause)과 함께, 예외 [JSP를 위한 클래스를 컴파일할 수 없습니다.: 

JSP 파일 [/stock/board.jsp]의 [18] 행에서 오류가 발생했습니다.
String literal is not properly closed by a double-quote
15: </div>
16: <%
17:   UID = session.getAttribute("userID");
18:   ResultSet rs3 = stmt2.executeQuery("select * from point_table where customer_number='"+UID+"');
19:   while (rs3.next()) {
20:   out.println("<td>" + rs3.getString("point") + "</td>");
21:   }


Stacktrace:]을(를) 발생시켰습니다.
	org.apache.jasper.JasperException: JSP를 위한 클래스를 컴파일할 수 없습니다.: 

JSP 파일 [/stock/board.jsp]의 [18] 행에서 오류가 발생했습니다.
String literal is not properly closed by a double-quote
15: </div>
16: <%
17:   UID = session.getAttribute("userID");
18:   ResultSet rs3 = stmt2.executeQuery("select * from point_table where customer_number='"+UID+"');
19:   while (rs3.next()) {
20:   out.println("<td>" + rs3.getString("point") + "</td>");
21:   }


Stacktrace:
		at org.apache.jasper.compiler.DefaultErrorHandler.javacError(DefaultErrorHandler.java:102)
		at org.apache.jasper.compiler.ErrorDispatcher.javacError(ErrorDispatcher.java:213)
		at org.apache.jasper.compiler.JDTCompiler.generateClass(JDTCompiler.java:600)
		at org.apache.jasper.compiler.Compiler.compile(Compiler.java:381)
		at org.apache.jasper.compiler.Compiler.compile(Compiler.java:351)
		at org.apache.jasper.compiler.Compiler.compile(Compiler.java:335)
		at org.apache.jasper.JspCompilationContext.compile(JspCompilationContext.java:597)
		at org.apache.jasper.servlet.JspServletWrapper.service(JspServletWrapper.java:398)
		at org.apache.jasper.servlet.JspServlet.serviceJspFile(JspServlet.java:383)
		at org.apache.jasper.servlet.JspServlet.service(JspServlet.java:331)
		at javax.servlet.http.HttpServlet.service(HttpServlet.java:582)
		at org.apache.catalina.core.ApplicationFilterChain.internalDoFilter(ApplicationFilterChain.java:212)
		at org.apache.catalina.core.ApplicationFilterChain.doFilter(ApplicationFilterChain.java:156)
		at org.apache.tomcat.websocket.server.WsFilter.doFilter(WsFilter.java:52)
		at org.apache.catalina.core.ApplicationFilterChain.internalDoFilter(ApplicationFilterChain.java:181)
		at org.apache.catalina.core.ApplicationFilterChain.doFilter(ApplicationFilterChain.java:156)
		at org.apache.catalina.core.StandardWrapperValve.invoke(StandardWrapperValve.java:167)
		at org.apache.catalina.core.StandardContextValve.invoke(StandardContextValve.java:90)
		at org.apache.catalina.authenticator.AuthenticatorBase.invoke(AuthenticatorBase.java:494)
		at org.apache.catalina.core.StandardHostValve.invoke(StandardHostValve.java:130)
		at org.apache.catalina.valves.ErrorReportValve.invoke(ErrorReportValve.java:93)
		at org.apache.catalina.valves.AbstractAccessLogValve.invoke(AbstractAccessLogValve.java:682)
		at org.apache.catalina.core.StandardEngineValve.invoke(StandardEngineValve.java:74)
		at org.apache.catalina.connector.CoyoteAdapter.service(CoyoteAdapter.java:343)
		at org.apache.coyote.http11.Http11Processor.service(Http11Processor.java:617)
		at org.apache.coyote.AbstractProcessorLight.process(AbstractProcessorLight.java:63)
		at org.apache.coyote.AbstractProtocol$ConnectionHandler.process(AbstractProtocol.java:932)
		at org.apache.tomcat.util.net.NioEndpoint$SocketProcessor.doRun(NioEndpoint.java:1695)
		at org.apache.tomcat.util.net.SocketProcessorBase.run(SocketProcessorBase.java:49)
		at org.apache.tomcat.util.threads.ThreadPoolExecutor.runWorker(ThreadPoolExecutor.java:1191)
		at org.apache.tomcat.util.threads.ThreadPoolExecutor$Worker.run(ThreadPoolExecutor.java:659)
		at org.apache.tomcat.util.threads.TaskThread$WrappingRunnable.run(TaskThread.java:61)
		at java.base/java.lang.Thread.run(Thread.java:1623)
16-Aug-2023 22:41:32.754 SEVERE [http-nio-8000-exec-7] org.apache.catalina.core.StandardWrapperValve.invoke 경로 []의 컨텍스트 내의 서블릿 [jsp]을(를) 위한 Servlet.service() 호출이, 근본 원인(root cause)과 함께, 예외 [JSP를 위한 클래스를 컴파일할 수 없습니다.: 

JSP 파일 [/stock/board.jsp]의 [18] 행에서 오류가 발생했습니다.
String literal is not properly closed by a double-quote
15: </div>
16: <%
17:   UID = session.getAttribute("userID");
18:   ResultSet rs3 = stmt2.executeQuery("select * from point_table where customer_number='"+UID+"');
19:   while (rs3.next()) {
20:   out.println("<td>" + rs3.getString("point") + "</td>");
21:   }


Stacktrace:]을(를) 발생시켰습니다.
	org.apache.jasper.JasperException: JSP를 위한 클래스를 컴파일할 수 없습니다.: 

JSP 파일 [/stock/board.jsp]의 [18] 행에서 오류가 발생했습니다.
String literal is not properly closed by a double-quote
15: </div>
16: <%
17:   UID = session.getAttribute("userID");
18:   ResultSet rs3 = stmt2.executeQuery("select * from point_table where customer_number='"+UID+"');
19:   while (rs3.next()) {
20:   out.println("<td>" + rs3.getString("point") + "</td>");
21:   }


Stacktrace:
		at org.apache.jasper.compiler.DefaultErrorHandler.javacError(DefaultErrorHandler.java:102)
		at org.apache.jasper.compiler.ErrorDispatcher.javacError(ErrorDispatcher.java:213)
		at org.apache.jasper.compiler.JDTCompiler.generateClass(JDTCompiler.java:600)
		at org.apache.jasper.compiler.Compiler.compile(Compiler.java:381)
		at org.apache.jasper.compiler.Compiler.compile(Compiler.java:351)
		at org.apache.jasper.compiler.Compiler.compile(Compiler.java:335)
		at org.apache.jasper.JspCompilationContext.compile(JspCompilationContext.java:597)
		at org.apache.jasper.servlet.JspServletWrapper.service(JspServletWrapper.java:398)
		at org.apache.jasper.servlet.JspServlet.serviceJspFile(JspServlet.java:383)
		at org.apache.jasper.servlet.JspServlet.service(JspServlet.java:331)
		at javax.servlet.http.HttpServlet.service(HttpServlet.java:582)
		at org.apache.catalina.core.ApplicationFilterChain.internalDoFilter(ApplicationFilterChain.java:212)
		at org.apache.catalina.core.ApplicationFilterChain.doFilter(ApplicationFilterChain.java:156)
		at org.apache.tomcat.websocket.server.WsFilter.doFilter(WsFilter.java:52)
		at org.apache.catalina.core.ApplicationFilterChain.internalDoFilter(ApplicationFilterChain.java:181)
		at org.apache.catalina.core.ApplicationFilterChain.doFilter(ApplicationFilterChain.java:156)
		at org.apache.catalina.core.StandardWrapperValve.invoke(StandardWrapperValve.java:167)
		at org.apache.catalina.core.StandardContextValve.invoke(StandardContextValve.java:90)
		at org.apache.catalina.authenticator.AuthenticatorBase.invoke(AuthenticatorBase.java:494)
		at org.apache.catalina.core.StandardHostValve.invoke(StandardHostValve.java:130)
		at org.apache.catalina.valves.ErrorReportValve.invoke(ErrorReportValve.java:93)
		at org.apache.catalina.valves.AbstractAccessLogValve.invoke(AbstractAccessLogValve.java:682)
		at org.apache.catalina.core.StandardEngineValve.invoke(StandardEngineValve.java:74)
		at org.apache.catalina.connector.CoyoteAdapter.service(CoyoteAdapter.java:343)
		at org.apache.coyote.http11.Http11Processor.service(Http11Processor.java:617)
		at org.apache.coyote.AbstractProcessorLight.process(AbstractProcessorLight.java:63)
		at org.apache.coyote.AbstractProtocol$ConnectionHandler.process(AbstractProtocol.java:932)
		at org.apache.tomcat.util.net.NioEndpoint$SocketProcessor.doRun(NioEndpoint.java:1695)
		at org.apache.tomcat.util.net.SocketProcessorBase.run(SocketProcessorBase.java:49)
		at org.apache.tomcat.util.threads.ThreadPoolExecutor.runWorker(ThreadPoolExecutor.java:1191)
		at org.apache.tomcat.util.threads.ThreadPoolExecutor$Worker.run(ThreadPoolExecutor.java:659)
		at org.apache.tomcat.util.threads.TaskThread$WrappingRunnable.run(TaskThread.java:61)
		at java.base/java.lang.Thread.run(Thread.java:1623)
16-Aug-2023 22:41:50.331 SEVERE [http-nio-8000-exec-6] org.apache.catalina.core.StandardWrapperValve.invoke 경로 []의 컨텍스트 내의 서블릿 [jsp]을(를) 위한 Servlet.service() 호출이, 근본 원인(root cause)과 함께, 예외 [JSP를 위한 클래스를 컴파일할 수 없습니다.: 

JSP 파일 [/stock/board.jsp]의 [17] 행에서 오류가 발생했습니다.
UID cannot be resolved to a variable
14:     </div>
15: </div>
16: <%
17:   UID = session.getAttribute("userID");
18:   ResultSet rs3 = stmt2.executeQuery("select * from point_table where customer_number='"+UID+"'");
19:   while (rs3.next()) {
20:   out.println("<td>" + rs3.getString("point") + "</td>");


JSP 파일 [/stock/board.jsp]의 [18] 행에서 오류가 발생했습니다.
UID cannot be resolved to a variable
15: </div>
16: <%
17:   UID = session.getAttribute("userID");
18:   ResultSet rs3 = stmt2.executeQuery("select * from point_table where customer_number='"+UID+"'");
19:   while (rs3.next()) {
20:   out.println("<td>" + rs3.getString("point") + "</td>");
21:   }


Stacktrace:]을(를) 발생시켰습니다.
	org.apache.jasper.JasperException: JSP를 위한 클래스를 컴파일할 수 없습니다.: 

JSP 파일 [/stock/board.jsp]의 [17] 행에서 오류가 발생했습니다.
UID cannot be resolved to a variable
14:     </div>
15: </div>
16: <%
17:   UID = session.getAttribute("userID");
18:   ResultSet rs3 = stmt2.executeQuery("select * from point_table where customer_number='"+UID+"'");
19:   while (rs3.next()) {
20:   out.println("<td>" + rs3.getString("point") + "</td>");


JSP 파일 [/stock/board.jsp]의 [18] 행에서 오류가 발생했습니다.
UID cannot be resolved to a variable
15: </div>
16: <%
17:   UID = session.getAttribute("userID");
18:   ResultSet rs3 = stmt2.executeQuery("select * from point_table where customer_number='"+UID+"'");
19:   while (rs3.next()) {
20:   out.println("<td>" + rs3.getString("point") + "</td>");
21:   }


Stacktrace:
		at org.apache.jasper.compiler.DefaultErrorHandler.javacError(DefaultErrorHandler.java:102)
		at org.apache.jasper.compiler.ErrorDispatcher.javacError(ErrorDispatcher.java:213)
		at org.apache.jasper.compiler.JDTCompiler.generateClass(JDTCompiler.java:600)
		at org.apache.jasper.compiler.Compiler.compile(Compiler.java:381)
		at org.apache.jasper.compiler.Compiler.compile(Compiler.java:351)
		at org.apache.jasper.compiler.Compiler.compile(Compiler.java:335)
		at org.apache.jasper.JspCompilationContext.compile(JspCompilationContext.java:597)
		at org.apache.jasper.servlet.JspServletWrapper.service(JspServletWrapper.java:398)
		at org.apache.jasper.servlet.JspServlet.serviceJspFile(JspServlet.java:383)
		at org.apache.jasper.servlet.JspServlet.service(JspServlet.java:331)
		at javax.servlet.http.HttpServlet.service(HttpServlet.java:582)
		at org.apache.catalina.core.ApplicationFilterChain.internalDoFilter(ApplicationFilterChain.java:212)
		at org.apache.catalina.core.ApplicationFilterChain.doFilter(ApplicationFilterChain.java:156)
		at org.apache.tomcat.websocket.server.WsFilter.doFilter(WsFilter.java:52)
		at org.apache.catalina.core.ApplicationFilterChain.internalDoFilter(ApplicationFilterChain.java:181)
		at org.apache.catalina.core.ApplicationFilterChain.doFilter(ApplicationFilterChain.java:156)
		at org.apache.catalina.core.StandardWrapperValve.invoke(StandardWrapperValve.java:167)
		at org.apache.catalina.core.StandardContextValve.invoke(StandardContextValve.java:90)
		at org.apache.catalina.authenticator.AuthenticatorBase.invoke(AuthenticatorBase.java:494)
		at org.apache.catalina.core.StandardHostValve.invoke(StandardHostValve.java:130)
		at org.apache.catalina.valves.ErrorReportValve.invoke(ErrorReportValve.java:93)
		at org.apache.catalina.valves.AbstractAccessLogValve.invoke(AbstractAccessLogValve.java:682)
		at org.apache.catalina.core.StandardEngineValve.invoke(StandardEngineValve.java:74)
		at org.apache.catalina.connector.CoyoteAdapter.service(CoyoteAdapter.java:343)
		at org.apache.coyote.http11.Http11Processor.service(Http11Processor.java:617)
		at org.apache.coyote.AbstractProcessorLight.process(AbstractProcessorLight.java:63)
		at org.apache.coyote.AbstractProtocol$ConnectionHandler.process(AbstractProtocol.java:932)
		at org.apache.tomcat.util.net.NioEndpoint$SocketProcessor.doRun(NioEndpoint.java:1695)
		at org.apache.tomcat.util.net.SocketProcessorBase.run(SocketProcessorBase.java:49)
		at org.apache.tomcat.util.threads.ThreadPoolExecutor.runWorker(ThreadPoolExecutor.java:1191)
		at org.apache.tomcat.util.threads.ThreadPoolExecutor$Worker.run(ThreadPoolExecutor.java:659)
		at org.apache.tomcat.util.threads.TaskThread$WrappingRunnable.run(TaskThread.java:61)
		at java.base/java.lang.Thread.run(Thread.java:1623)
16-Aug-2023 22:44:25.840 SEVERE [http-nio-8000-exec-10] org.apache.catalina.core.StandardWrapperValve.invoke 경로 []의 컨텍스트 내의 서블릿 [jsp]을(를) 위한 Servlet.service() 호출이, 근본 원인(root cause)과 함께, 예외 [JSP를 위한 클래스를 컴파일할 수 없습니다.: 

JSP 파일 [/stock/board.jsp]의 [17] 행에서 오류가 발생했습니다.
UID cannot be resolved to a variable
14:     </div>
15: </div>
16: <%
17:   UID = session.getAttribute("userID");
18:   ResultSet rs3 = stmt2.executeQuery("select * from point_table where customer_number='"+UID+"'");
19:   while (rs3.next()) {
20:   out.println("<td>" + rs3.getString("point") + "</td>");


JSP 파일 [/stock/board.jsp]의 [18] 행에서 오류가 발생했습니다.
UID cannot be resolved to a variable
15: </div>
16: <%
17:   UID = session.getAttribute("userID");
18:   ResultSet rs3 = stmt2.executeQuery("select * from point_table where customer_number='"+UID+"'");
19:   while (rs3.next()) {
20:   out.println("<td>" + rs3.getString("point") + "</td>");
21:   }


Stacktrace:]을(를) 발생시켰습니다.
	org.apache.jasper.JasperException: JSP를 위한 클래스를 컴파일할 수 없습니다.: 

JSP 파일 [/stock/board.jsp]의 [17] 행에서 오류가 발생했습니다.
UID cannot be resolved to a variable
14:     </div>
15: </div>
16: <%
17:   UID = session.getAttribute("userID");
18:   ResultSet rs3 = stmt2.executeQuery("select * from point_table where customer_number='"+UID+"'");
19:   while (rs3.next()) {
20:   out.println("<td>" + rs3.getString("point") + "</td>");


JSP 파일 [/stock/board.jsp]의 [18] 행에서 오류가 발생했습니다.
UID cannot be resolved to a variable
15: </div>
16: <%
17:   UID = session.getAttribute("userID");
18:   ResultSet rs3 = stmt2.executeQuery("select * from point_table where customer_number='"+UID+"'");
19:   while (rs3.next()) {
20:   out.println("<td>" + rs3.getString("point") + "</td>");
21:   }


Stacktrace:
		at org.apache.jasper.compiler.DefaultErrorHandler.javacError(DefaultErrorHandler.java:102)
		at org.apache.jasper.compiler.ErrorDispatcher.javacError(ErrorDispatcher.java:213)
		at org.apache.jasper.compiler.JDTCompiler.generateClass(JDTCompiler.java:600)
		at org.apache.jasper.compiler.Compiler.compile(Compiler.java:381)
		at org.apache.jasper.compiler.Compiler.compile(Compiler.java:351)
		at org.apache.jasper.compiler.Compiler.compile(Compiler.java:335)
		at org.apache.jasper.JspCompilationContext.compile(JspCompilationContext.java:597)
		at org.apache.jasper.servlet.JspServletWrapper.service(JspServletWrapper.java:398)
		at org.apache.jasper.servlet.JspServlet.serviceJspFile(JspServlet.java:383)
		at org.apache.jasper.servlet.JspServlet.service(JspServlet.java:331)
		at javax.servlet.http.HttpServlet.service(HttpServlet.java:582)
		at org.apache.catalina.core.ApplicationFilterChain.internalDoFilter(ApplicationFilterChain.java:212)
		at org.apache.catalina.core.ApplicationFilterChain.doFilter(ApplicationFilterChain.java:156)
		at org.apache.tomcat.websocket.server.WsFilter.doFilter(WsFilter.java:52)
		at org.apache.catalina.core.ApplicationFilterChain.internalDoFilter(ApplicationFilterChain.java:181)
		at org.apache.catalina.core.ApplicationFilterChain.doFilter(ApplicationFilterChain.java:156)
		at org.apache.catalina.core.StandardWrapperValve.invoke(StandardWrapperValve.java:167)
		at org.apache.catalina.core.StandardContextValve.invoke(StandardContextValve.java:90)
		at org.apache.catalina.authenticator.AuthenticatorBase.invoke(AuthenticatorBase.java:494)
		at org.apache.catalina.core.StandardHostValve.invoke(StandardHostValve.java:130)
		at org.apache.catalina.valves.ErrorReportValve.invoke(ErrorReportValve.java:93)
		at org.apache.catalina.valves.AbstractAccessLogValve.invoke(AbstractAccessLogValve.java:682)
		at org.apache.catalina.core.StandardEngineValve.invoke(StandardEngineValve.java:74)
		at org.apache.catalina.connector.CoyoteAdapter.service(CoyoteAdapter.java:343)
		at org.apache.coyote.http11.Http11Processor.service(Http11Processor.java:617)
		at org.apache.coyote.AbstractProcessorLight.process(AbstractProcessorLight.java:63)
		at org.apache.coyote.AbstractProtocol$ConnectionHandler.process(AbstractProtocol.java:932)
		at org.apache.tomcat.util.net.NioEndpoint$SocketProcessor.doRun(NioEndpoint.java:1695)
		at org.apache.tomcat.util.net.SocketProcessorBase.run(SocketProcessorBase.java:49)
		at org.apache.tomcat.util.threads.ThreadPoolExecutor.runWorker(ThreadPoolExecutor.java:1191)
		at org.apache.tomcat.util.threads.ThreadPoolExecutor$Worker.run(ThreadPoolExecutor.java:659)
		at org.apache.tomcat.util.threads.TaskThread$WrappingRunnable.run(TaskThread.java:61)
		at java.base/java.lang.Thread.run(Thread.java:1623)
16-Aug-2023 22:44:35.468 SEVERE [http-nio-8000-exec-3] org.apache.catalina.core.StandardWrapperValve.invoke 경로 []의 컨텍스트 내의 서블릿 [jsp]을(를) 위한 Servlet.service() 호출이, 근본 원인(root cause)과 함께, 예외 [JSP를 위한 클래스를 컴파일할 수 없습니다.: 

JSP 파일 [/stock/board.jsp]의 [17] 행에서 오류가 발생했습니다.
Type mismatch: cannot convert from Object to String
14:     </div>
15: </div>
16: <%
17:   String UID = session.getAttribute("userID");
18:   ResultSet rs3 = stmt2.executeQuery("select * from point_table where customer_number='"+UID+"'");
19:   while (rs3.next()) {
20:   out.println("<td>" + rs3.getString("point") + "</td>");


Stacktrace:]을(를) 발생시켰습니다.
	org.apache.jasper.JasperException: JSP를 위한 클래스를 컴파일할 수 없습니다.: 

JSP 파일 [/stock/board.jsp]의 [17] 행에서 오류가 발생했습니다.
Type mismatch: cannot convert from Object to String
14:     </div>
15: </div>
16: <%
17:   String UID = session.getAttribute("userID");
18:   ResultSet rs3 = stmt2.executeQuery("select * from point_table where customer_number='"+UID+"'");
19:   while (rs3.next()) {
20:   out.println("<td>" + rs3.getString("point") + "</td>");


Stacktrace:
		at org.apache.jasper.compiler.DefaultErrorHandler.javacError(DefaultErrorHandler.java:102)
		at org.apache.jasper.compiler.ErrorDispatcher.javacError(ErrorDispatcher.java:213)
		at org.apache.jasper.compiler.JDTCompiler.generateClass(JDTCompiler.java:600)
		at org.apache.jasper.compiler.Compiler.compile(Compiler.java:381)
		at org.apache.jasper.compiler.Compiler.compile(Compiler.java:351)
		at org.apache.jasper.compiler.Compiler.compile(Compiler.java:335)
		at org.apache.jasper.JspCompilationContext.compile(JspCompilationContext.java:597)
		at org.apache.jasper.servlet.JspServletWrapper.service(JspServletWrapper.java:398)
		at org.apache.jasper.servlet.JspServlet.serviceJspFile(JspServlet.java:383)
		at org.apache.jasper.servlet.JspServlet.service(JspServlet.java:331)
		at javax.servlet.http.HttpServlet.service(HttpServlet.java:582)
		at org.apache.catalina.core.ApplicationFilterChain.internalDoFilter(ApplicationFilterChain.java:212)
		at org.apache.catalina.core.ApplicationFilterChain.doFilter(ApplicationFilterChain.java:156)
		at org.apache.tomcat.websocket.server.WsFilter.doFilter(WsFilter.java:52)
		at org.apache.catalina.core.ApplicationFilterChain.internalDoFilter(ApplicationFilterChain.java:181)
		at org.apache.catalina.core.ApplicationFilterChain.doFilter(ApplicationFilterChain.java:156)
		at org.apache.catalina.core.StandardWrapperValve.invoke(StandardWrapperValve.java:167)
		at org.apache.catalina.core.StandardContextValve.invoke(StandardContextValve.java:90)
		at org.apache.catalina.authenticator.AuthenticatorBase.invoke(AuthenticatorBase.java:494)
		at org.apache.catalina.core.StandardHostValve.invoke(StandardHostValve.java:130)
		at org.apache.catalina.valves.ErrorReportValve.invoke(ErrorReportValve.java:93)
		at org.apache.catalina.valves.AbstractAccessLogValve.invoke(AbstractAccessLogValve.java:682)
		at org.apache.catalina.core.StandardEngineValve.invoke(StandardEngineValve.java:74)
		at org.apache.catalina.connector.CoyoteAdapter.service(CoyoteAdapter.java:343)
		at org.apache.coyote.http11.Http11Processor.service(Http11Processor.java:617)
		at org.apache.coyote.AbstractProcessorLight.process(AbstractProcessorLight.java:63)
		at org.apache.coyote.AbstractProtocol$ConnectionHandler.process(AbstractProtocol.java:932)
		at org.apache.tomcat.util.net.NioEndpoint$SocketProcessor.doRun(NioEndpoint.java:1695)
		at org.apache.tomcat.util.net.SocketProcessorBase.run(SocketProcessorBase.java:49)
		at org.apache.tomcat.util.threads.ThreadPoolExecutor.runWorker(ThreadPoolExecutor.java:1191)
		at org.apache.tomcat.util.threads.ThreadPoolExecutor$Worker.run(ThreadPoolExecutor.java:659)
		at org.apache.tomcat.util.threads.TaskThread$WrappingRunnable.run(TaskThread.java:61)
		at java.base/java.lang.Thread.run(Thread.java:1623)
16-Aug-2023 22:48:21.199 SEVERE [http-nio-8000-exec-9] org.apache.catalina.core.StandardWrapperValve.invoke 경로 []의 컨텍스트 내의 서블릿 [jsp]을(를) 위한 Servlet.service() 호출이, 근본 원인(root cause)과 함께, 예외 [JSP를 위한 클래스를 컴파일할 수 없습니다.: 

JSP 파일 [/stock/board.jsp]의 [30] 행에서 오류가 발생했습니다.
Duplicate local variable rs3
27:             <div>
28:               내 통장잔고 : 
29:               <%
30:                 ResultSet rs3 = stmt2.executeQuery("select * from point_table where customer_number='"+session.getAttribute("userID")+"'");
31:                 while (rs3.next()) {
32:                 out.print("<td>" + rs3.getString("point") + "</td>");
33:                 }


Stacktrace:]을(를) 발생시켰습니다.
	org.apache.jasper.JasperException: JSP를 위한 클래스를 컴파일할 수 없습니다.: 

JSP 파일 [/stock/board.jsp]의 [30] 행에서 오류가 발생했습니다.
Duplicate local variable rs3
27:             <div>
28:               내 통장잔고 : 
29:               <%
30:                 ResultSet rs3 = stmt2.executeQuery("select * from point_table where customer_number='"+session.getAttribute("userID")+"'");
31:                 while (rs3.next()) {
32:                 out.print("<td>" + rs3.getString("point") + "</td>");
33:                 }


Stacktrace:
		at org.apache.jasper.compiler.DefaultErrorHandler.javacError(DefaultErrorHandler.java:102)
		at org.apache.jasper.compiler.ErrorDispatcher.javacError(ErrorDispatcher.java:213)
		at org.apache.jasper.compiler.JDTCompiler.generateClass(JDTCompiler.java:600)
		at org.apache.jasper.compiler.Compiler.compile(Compiler.java:381)
		at org.apache.jasper.compiler.Compiler.compile(Compiler.java:351)
		at org.apache.jasper.compiler.Compiler.compile(Compiler.java:335)
		at org.apache.jasper.JspCompilationContext.compile(JspCompilationContext.java:597)
		at org.apache.jasper.servlet.JspServletWrapper.service(JspServletWrapper.java:398)
		at org.apache.jasper.servlet.JspServlet.serviceJspFile(JspServlet.java:383)
		at org.apache.jasper.servlet.JspServlet.service(JspServlet.java:331)
		at javax.servlet.http.HttpServlet.service(HttpServlet.java:582)
		at org.apache.catalina.core.ApplicationFilterChain.internalDoFilter(ApplicationFilterChain.java:212)
		at org.apache.catalina.core.ApplicationFilterChain.doFilter(ApplicationFilterChain.java:156)
		at org.apache.tomcat.websocket.server.WsFilter.doFilter(WsFilter.java:52)
		at org.apache.catalina.core.ApplicationFilterChain.internalDoFilter(ApplicationFilterChain.java:181)
		at org.apache.catalina.core.ApplicationFilterChain.doFilter(ApplicationFilterChain.java:156)
		at org.apache.catalina.core.StandardWrapperValve.invoke(StandardWrapperValve.java:167)
		at org.apache.catalina.core.StandardContextValve.invoke(StandardContextValve.java:90)
		at org.apache.catalina.authenticator.AuthenticatorBase.invoke(AuthenticatorBase.java:494)
		at org.apache.catalina.core.StandardHostValve.invoke(StandardHostValve.java:130)
		at org.apache.catalina.valves.ErrorReportValve.invoke(ErrorReportValve.java:93)
		at org.apache.catalina.valves.AbstractAccessLogValve.invoke(AbstractAccessLogValve.java:682)
		at org.apache.catalina.core.StandardEngineValve.invoke(StandardEngineValve.java:74)
		at org.apache.catalina.connector.CoyoteAdapter.service(CoyoteAdapter.java:343)
		at org.apache.coyote.http11.Http11Processor.service(Http11Processor.java:617)
		at org.apache.coyote.AbstractProcessorLight.process(AbstractProcessorLight.java:63)
		at org.apache.coyote.AbstractProtocol$ConnectionHandler.process(AbstractProtocol.java:932)
		at org.apache.tomcat.util.net.NioEndpoint$SocketProcessor.doRun(NioEndpoint.java:1695)
		at org.apache.tomcat.util.net.SocketProcessorBase.run(SocketProcessorBase.java:49)
		at org.apache.tomcat.util.threads.ThreadPoolExecutor.runWorker(ThreadPoolExecutor.java:1191)
		at org.apache.tomcat.util.threads.ThreadPoolExecutor$Worker.run(ThreadPoolExecutor.java:659)
		at org.apache.tomcat.util.threads.TaskThread$WrappingRunnable.run(TaskThread.java:61)
		at java.base/java.lang.Thread.run(Thread.java:1623)
16-Aug-2023 22:49:53.279 INFO [localhost-startStop-2] org.apache.catalina.core.ApplicationContext.log SessionListener: contextDestroyed()
16-Aug-2023 22:49:53.279 INFO [localhost-startStop-2] org.apache.catalina.core.ApplicationContext.log ContextListener: contextDestroyed()
