29-Mar-2023 00:00:31.920 SEVERE [http-nio-8000-exec-4] org.apache.catalina.core.StandardWrapperValve.invoke 경로 []의 컨텍스트 내의 서블릿 [jsp]을(를) 위한 Servlet.service() 호출이, 근본 원인(root cause)과 함께, 예외 [JSP를 위한 클래스를 컴파일할 수 없습니다.: 

JSP 파일 [/board.jsp]의 [11] 행에서 오류가 발생했습니다.
Type mismatch: cannot convert from Object to boolean
8:     <div class="row">
9:               <div class="col">
10:                   <% 
11:                   if(session.getAttribute("userID")){
12:                     <a href="write.jsp" role="button" class="btn btn-primary">글쓰기</a>
13:                   }else{
14:                     out.println("<p>로그인을 해야 글작성이 가능합니다.</p>")


JSP 파일 [/board.jsp]의 [12] 행에서 오류가 발생했습니다.
Syntax error, insert ">" to complete ReferenceType1
9:               <div class="col">
10:                   <% 
11:                   if(session.getAttribute("userID")){
12:                     <a href="write.jsp" role="button" class="btn btn-primary">글쓰기</a>
13:                   }else{
14:                     out.println("<p>로그인을 해야 글작성이 가능합니다.</p>")
15:                   }; 


JSP 파일 [/board.jsp]의 [12] 행에서 오류가 발생했습니다.
Syntax error, insert "super ( ) ;" to complete BlockStatements
9:               <div class="col">
10:                   <% 
11:                   if(session.getAttribute("userID")){
12:                     <a href="write.jsp" role="button" class="btn btn-primary">글쓰기</a>
13:                   }else{
14:                     out.println("<p>로그인을 해야 글작성이 가능합니다.</p>")
15:                   }; 


JSP 파일 [/board.jsp]의 [12] 행에서 오류가 발생했습니다.
a cannot be resolved to a type
9:               <div class="col">
10:                   <% 
11:                   if(session.getAttribute("userID")){
12:                     <a href="write.jsp" role="button" class="btn btn-primary">글쓰기</a>
13:                   }else{
14:                     out.println("<p>로그인을 해야 글작성이 가능합니다.</p>")
15:                   }; 


JSP 파일 [/board.jsp]의 [12] 행에서 오류가 발생했습니다.
Constructor call must be the first statement in a constructor
9:               <div class="col">
10:                   <% 
11:                   if(session.getAttribute("userID")){
12:                     <a href="write.jsp" role="button" class="btn btn-primary">글쓰기</a>
13:                   }else{
14:                     out.println("<p>로그인을 해야 글작성이 가능합니다.</p>")
15:                   }; 


JSP 파일 [/board.jsp]의 [12] 행에서 오류가 발생했습니다.
href cannot be resolved to a variable
9:               <div class="col">
10:                   <% 
11:                   if(session.getAttribute("userID")){
12:                     <a href="write.jsp" role="button" class="btn btn-primary">글쓰기</a>
13:                   }else{
14:                     out.println("<p>로그인을 해야 글작성이 가능합니다.</p>")
15:                   }; 


JSP 파일 [/board.jsp]의 [12] 행에서 오류가 발생했습니다.
Syntax error, insert ";" to complete Statement
9:               <div class="col">
10:                   <% 
11:                   if(session.getAttribute("userID")){
12:                     <a href="write.jsp" role="button" class="btn btn-primary">글쓰기</a>
13:                   }else{
14:                     out.println("<p>로그인을 해야 글작성이 가능합니다.</p>")
15:                   }; 


JSP 파일 [/board.jsp]의 [12] 행에서 오류가 발생했습니다.
role cannot be resolved to a variable
9:               <div class="col">
10:                   <% 
11:                   if(session.getAttribute("userID")){
12:                     <a href="write.jsp" role="button" class="btn btn-primary">글쓰기</a>
13:                   }else{
14:                     out.println("<p>로그인을 해야 글작성이 가능합니다.</p>")
15:                   }; 


JSP 파일 [/board.jsp]의 [12] 행에서 오류가 발생했습니다.
The left-hand side of an assignment must be a variable
9:               <div class="col">
10:                   <% 
11:                   if(session.getAttribute("userID")){
12:                     <a href="write.jsp" role="button" class="btn btn-primary">글쓰기</a>
13:                   }else{
14:                     out.println("<p>로그인을 해야 글작성이 가능합니다.</p>")
15:                   }; 


JSP 파일 [/board.jsp]의 [12] 행에서 오류가 발생했습니다.
Syntax error on token "class", delete this token
9:               <div class="col">
10:                   <% 
11:                   if(session.getAttribute("userID")){
12:                     <a href="write.jsp" role="button" class="btn btn-primary">글쓰기</a>
13:                   }else{
14:                     out.println("<p>로그인을 해야 글작성이 가능합니다.</p>")
15:                   }; 


JSP 파일 [/board.jsp]의 [12] 행에서 오류가 발생했습니다.
Syntax error on token "/", delete this token
9:               <div class="col">
10:                   <% 
11:                   if(session.getAttribute("userID")){
12:                     <a href="write.jsp" role="button" class="btn btn-primary">글쓰기</a>
13:                   }else{
14:                     out.println("<p>로그인을 해야 글작성이 가능합니다.</p>")
15:                   }; 


JSP 파일 [/board.jsp]의 [12] 행에서 오류가 발생했습니다.
Syntax error on token ">", ; expected
9:               <div class="col">
10:                   <% 
11:                   if(session.getAttribute("userID")){
12:                     <a href="write.jsp" role="button" class="btn btn-primary">글쓰기</a>
13:                   }else{
14:                     out.println("<p>로그인을 해야 글작성이 가능합니다.</p>")
15:                   }; 


JSP 파일 [/board.jsp]의 [14] 행에서 오류가 발생했습니다.
Syntax error, insert ";" to complete BlockStatements
11:                   if(session.getAttribute("userID")){
12:                     <a href="write.jsp" role="button" class="btn btn-primary">글쓰기</a>
13:                   }else{
14:                     out.println("<p>로그인을 해야 글작성이 가능합니다.</p>")
15:                   }; 
16:                   %>                              
17:               </div>


Stacktrace:]을(를) 발생시켰습니다.
	org.apache.jasper.JasperException: JSP를 위한 클래스를 컴파일할 수 없습니다.: 

JSP 파일 [/board.jsp]의 [11] 행에서 오류가 발생했습니다.
Type mismatch: cannot convert from Object to boolean
8:     <div class="row">
9:               <div class="col">
10:                   <% 
11:                   if(session.getAttribute("userID")){
12:                     <a href="write.jsp" role="button" class="btn btn-primary">글쓰기</a>
13:                   }else{
14:                     out.println("<p>로그인을 해야 글작성이 가능합니다.</p>")


JSP 파일 [/board.jsp]의 [12] 행에서 오류가 발생했습니다.
Syntax error, insert ">" to complete ReferenceType1
9:               <div class="col">
10:                   <% 
11:                   if(session.getAttribute("userID")){
12:                     <a href="write.jsp" role="button" class="btn btn-primary">글쓰기</a>
13:                   }else{
14:                     out.println("<p>로그인을 해야 글작성이 가능합니다.</p>")
15:                   }; 


JSP 파일 [/board.jsp]의 [12] 행에서 오류가 발생했습니다.
Syntax error, insert "super ( ) ;" to complete BlockStatements
9:               <div class="col">
10:                   <% 
11:                   if(session.getAttribute("userID")){
12:                     <a href="write.jsp" role="button" class="btn btn-primary">글쓰기</a>
13:                   }else{
14:                     out.println("<p>로그인을 해야 글작성이 가능합니다.</p>")
15:                   }; 


JSP 파일 [/board.jsp]의 [12] 행에서 오류가 발생했습니다.
a cannot be resolved to a type
9:               <div class="col">
10:                   <% 
11:                   if(session.getAttribute("userID")){
12:                     <a href="write.jsp" role="button" class="btn btn-primary">글쓰기</a>
13:                   }else{
14:                     out.println("<p>로그인을 해야 글작성이 가능합니다.</p>")
15:                   }; 


JSP 파일 [/board.jsp]의 [12] 행에서 오류가 발생했습니다.
Constructor call must be the first statement in a constructor
9:               <div class="col">
10:                   <% 
11:                   if(session.getAttribute("userID")){
12:                     <a href="write.jsp" role="button" class="btn btn-primary">글쓰기</a>
13:                   }else{
14:                     out.println("<p>로그인을 해야 글작성이 가능합니다.</p>")
15:                   }; 


JSP 파일 [/board.jsp]의 [12] 행에서 오류가 발생했습니다.
href cannot be resolved to a variable
9:               <div class="col">
10:                   <% 
11:                   if(session.getAttribute("userID")){
12:                     <a href="write.jsp" role="button" class="btn btn-primary">글쓰기</a>
13:                   }else{
14:                     out.println("<p>로그인을 해야 글작성이 가능합니다.</p>")
15:                   }; 


JSP 파일 [/board.jsp]의 [12] 행에서 오류가 발생했습니다.
Syntax error, insert ";" to complete Statement
9:               <div class="col">
10:                   <% 
11:                   if(session.getAttribute("userID")){
12:                     <a href="write.jsp" role="button" class="btn btn-primary">글쓰기</a>
13:                   }else{
14:                     out.println("<p>로그인을 해야 글작성이 가능합니다.</p>")
15:                   }; 


JSP 파일 [/board.jsp]의 [12] 행에서 오류가 발생했습니다.
role cannot be resolved to a variable
9:               <div class="col">
10:                   <% 
11:                   if(session.getAttribute("userID")){
12:                     <a href="write.jsp" role="button" class="btn btn-primary">글쓰기</a>
13:                   }else{
14:                     out.println("<p>로그인을 해야 글작성이 가능합니다.</p>")
15:                   }; 


JSP 파일 [/board.jsp]의 [12] 행에서 오류가 발생했습니다.
The left-hand side of an assignment must be a variable
9:               <div class="col">
10:                   <% 
11:                   if(session.getAttribute("userID")){
12:                     <a href="write.jsp" role="button" class="btn btn-primary">글쓰기</a>
13:                   }else{
14:                     out.println("<p>로그인을 해야 글작성이 가능합니다.</p>")
15:                   }; 


JSP 파일 [/board.jsp]의 [12] 행에서 오류가 발생했습니다.
Syntax error on token "class", delete this token
9:               <div class="col">
10:                   <% 
11:                   if(session.getAttribute("userID")){
12:                     <a href="write.jsp" role="button" class="btn btn-primary">글쓰기</a>
13:                   }else{
14:                     out.println("<p>로그인을 해야 글작성이 가능합니다.</p>")
15:                   }; 


JSP 파일 [/board.jsp]의 [12] 행에서 오류가 발생했습니다.
Syntax error on token "/", delete this token
9:               <div class="col">
10:                   <% 
11:                   if(session.getAttribute("userID")){
12:                     <a href="write.jsp" role="button" class="btn btn-primary">글쓰기</a>
13:                   }else{
14:                     out.println("<p>로그인을 해야 글작성이 가능합니다.</p>")
15:                   }; 


JSP 파일 [/board.jsp]의 [12] 행에서 오류가 발생했습니다.
Syntax error on token ">", ; expected
9:               <div class="col">
10:                   <% 
11:                   if(session.getAttribute("userID")){
12:                     <a href="write.jsp" role="button" class="btn btn-primary">글쓰기</a>
13:                   }else{
14:                     out.println("<p>로그인을 해야 글작성이 가능합니다.</p>")
15:                   }; 


JSP 파일 [/board.jsp]의 [14] 행에서 오류가 발생했습니다.
Syntax error, insert ";" to complete BlockStatements
11:                   if(session.getAttribute("userID")){
12:                     <a href="write.jsp" role="button" class="btn btn-primary">글쓰기</a>
13:                   }else{
14:                     out.println("<p>로그인을 해야 글작성이 가능합니다.</p>")
15:                   }; 
16:                   %>                              
17:               </div>


Stacktrace:
		at org.apache.jasper.compiler.DefaultErrorHandler.javacError(DefaultErrorHandler.java:102)
		at org.apache.jasper.compiler.ErrorDispatcher.javacError(ErrorDispatcher.java:213)
		at org.apache.jasper.compiler.JDTCompiler.generateClass(JDTCompiler.java:600)
		at org.apache.jasper.compiler.Compiler.compile(Compiler.java:381)
		at org.apache.jasper.compiler.Compiler.compile(Compiler.java:351)
		at org.apache.jasper.compiler.Compiler.compile(Compiler.java:335)
		at org.apache.jasper.JspCompilationContext.compile(JspCompilationContext.java:597)
		at org.apache.jasper.servlet.JspServletWrapper.service(JspServletWrapper.java:398)
		at org.apache.jasper.servlet.JspServlet.serviceJspFile(JspServlet.java:383)
		at org.apache.jasper.servlet.JspServlet.service(JspServlet.java:331)
		at javax.servlet.http.HttpServlet.service(HttpServlet.java:582)
		at org.apache.catalina.core.ApplicationFilterChain.internalDoFilter(ApplicationFilterChain.java:212)
		at org.apache.catalina.core.ApplicationFilterChain.doFilter(ApplicationFilterChain.java:156)
		at org.apache.tomcat.websocket.server.WsFilter.doFilter(WsFilter.java:52)
		at org.apache.catalina.core.ApplicationFilterChain.internalDoFilter(ApplicationFilterChain.java:181)
		at org.apache.catalina.core.ApplicationFilterChain.doFilter(ApplicationFilterChain.java:156)
		at org.apache.catalina.core.StandardWrapperValve.invoke(StandardWrapperValve.java:167)
		at org.apache.catalina.core.StandardContextValve.invoke(StandardContextValve.java:90)
		at org.apache.catalina.authenticator.AuthenticatorBase.invoke(AuthenticatorBase.java:494)
		at org.apache.catalina.core.StandardHostValve.invoke(StandardHostValve.java:130)
		at org.apache.catalina.valves.ErrorReportValve.invoke(ErrorReportValve.java:93)
		at org.apache.catalina.valves.AbstractAccessLogValve.invoke(AbstractAccessLogValve.java:682)
		at org.apache.catalina.core.StandardEngineValve.invoke(StandardEngineValve.java:74)
		at org.apache.catalina.connector.CoyoteAdapter.service(CoyoteAdapter.java:343)
		at org.apache.coyote.http11.Http11Processor.service(Http11Processor.java:617)
		at org.apache.coyote.AbstractProcessorLight.process(AbstractProcessorLight.java:63)
		at org.apache.coyote.AbstractProtocol$ConnectionHandler.process(AbstractProtocol.java:932)
		at org.apache.tomcat.util.net.NioEndpoint$SocketProcessor.doRun(NioEndpoint.java:1695)
		at org.apache.tomcat.util.net.SocketProcessorBase.run(SocketProcessorBase.java:49)
		at org.apache.tomcat.util.threads.ThreadPoolExecutor.runWorker(ThreadPoolExecutor.java:1191)
		at org.apache.tomcat.util.threads.ThreadPoolExecutor$Worker.run(ThreadPoolExecutor.java:659)
		at org.apache.tomcat.util.threads.TaskThread$WrappingRunnable.run(TaskThread.java:61)
		at java.base/java.lang.Thread.run(Thread.java:1623)
29-Mar-2023 00:01:41.086 SEVERE [http-nio-8000-exec-5] org.apache.catalina.core.StandardWrapperValve.invoke 경로 []의 컨텍스트 내의 서블릿 [jsp]을(를) 위한 Servlet.service() 호출이, 근본 원인(root cause)과 함께, 예외 [JSP를 위한 클래스를 컴파일할 수 없습니다.: 

JSP 파일 [/board.jsp]의 [11] 행에서 오류가 발생했습니다.
Type mismatch: cannot convert from Object to boolean
8:     <div class="row">
9:               <div class="col">
10:                   <% 
11:                   if(session.getAttribute("userID")){
12:                     out.println("<a href="write.jsp" role="button" class="btn btn-primary">글쓰기</a>");
13:                   }else{
14:                     out.println("<p>로그인을 해야 글작성이 가능합니다.</p>");


JSP 파일 [/board.jsp]의 [12] 행에서 오류가 발생했습니다.
Syntax error, insert ")" to complete MethodInvocation
9:               <div class="col">
10:                   <% 
11:                   if(session.getAttribute("userID")){
12:                     out.println("<a href="write.jsp" role="button" class="btn btn-primary">글쓰기</a>");
13:                   }else{
14:                     out.println("<p>로그인을 해야 글작성이 가능합니다.</p>");
15:                   }; 


JSP 파일 [/board.jsp]의 [12] 행에서 오류가 발생했습니다.
Syntax error, insert ";" to complete BlockStatements
9:               <div class="col">
10:                   <% 
11:                   if(session.getAttribute("userID")){
12:                     out.println("<a href="write.jsp" role="button" class="btn btn-primary">글쓰기</a>");
13:                   }else{
14:                     out.println("<p>로그인을 해야 글작성이 가능합니다.</p>");
15:                   }; 


JSP 파일 [/board.jsp]의 [12] 행에서 오류가 발생했습니다.
Syntax error on tokens, ( expected instead
9:               <div class="col">
10:                   <% 
11:                   if(session.getAttribute("userID")){
12:                     out.println("<a href="write.jsp" role="button" class="btn btn-primary">글쓰기</a>");
13:                   }else{
14:                     out.println("<p>로그인을 해야 글작성이 가능합니다.</p>");
15:                   }; 


JSP 파일 [/board.jsp]의 [12] 행에서 오류가 발생했습니다.
The left-hand side of an assignment must be a variable
9:               <div class="col">
10:                   <% 
11:                   if(session.getAttribute("userID")){
12:                     out.println("<a href="write.jsp" role="button" class="btn btn-primary">글쓰기</a>");
13:                   }else{
14:                     out.println("<p>로그인을 해야 글작성이 가능합니다.</p>");
15:                   }; 


JSP 파일 [/board.jsp]의 [12] 행에서 오류가 발생했습니다.
Syntax error on token(s), misplaced construct(s)
9:               <div class="col">
10:                   <% 
11:                   if(session.getAttribute("userID")){
12:                     out.println("<a href="write.jsp" role="button" class="btn btn-primary">글쓰기</a>");
13:                   }else{
14:                     out.println("<p>로그인을 해야 글작성이 가능합니다.</p>");
15:                   }; 


JSP 파일 [/board.jsp]의 [12] 행에서 오류가 발생했습니다.
Syntax error, insert "AssignmentOperator Expression" to complete Expression
9:               <div class="col">
10:                   <% 
11:                   if(session.getAttribute("userID")){
12:                     out.println("<a href="write.jsp" role="button" class="btn btn-primary">글쓰기</a>");
13:                   }else{
14:                     out.println("<p>로그인을 해야 글작성이 가능합니다.</p>");
15:                   }; 


Stacktrace:]을(를) 발생시켰습니다.
	org.apache.jasper.JasperException: JSP를 위한 클래스를 컴파일할 수 없습니다.: 

JSP 파일 [/board.jsp]의 [11] 행에서 오류가 발생했습니다.
Type mismatch: cannot convert from Object to boolean
8:     <div class="row">
9:               <div class="col">
10:                   <% 
11:                   if(session.getAttribute("userID")){
12:                     out.println("<a href="write.jsp" role="button" class="btn btn-primary">글쓰기</a>");
13:                   }else{
14:                     out.println("<p>로그인을 해야 글작성이 가능합니다.</p>");


JSP 파일 [/board.jsp]의 [12] 행에서 오류가 발생했습니다.
Syntax error, insert ")" to complete MethodInvocation
9:               <div class="col">
10:                   <% 
11:                   if(session.getAttribute("userID")){
12:                     out.println("<a href="write.jsp" role="button" class="btn btn-primary">글쓰기</a>");
13:                   }else{
14:                     out.println("<p>로그인을 해야 글작성이 가능합니다.</p>");
15:                   }; 


JSP 파일 [/board.jsp]의 [12] 행에서 오류가 발생했습니다.
Syntax error, insert ";" to complete BlockStatements
9:               <div class="col">
10:                   <% 
11:                   if(session.getAttribute("userID")){
12:                     out.println("<a href="write.jsp" role="button" class="btn btn-primary">글쓰기</a>");
13:                   }else{
14:                     out.println("<p>로그인을 해야 글작성이 가능합니다.</p>");
15:                   }; 


JSP 파일 [/board.jsp]의 [12] 행에서 오류가 발생했습니다.
Syntax error on tokens, ( expected instead
9:               <div class="col">
10:                   <% 
11:                   if(session.getAttribute("userID")){
12:                     out.println("<a href="write.jsp" role="button" class="btn btn-primary">글쓰기</a>");
13:                   }else{
14:                     out.println("<p>로그인을 해야 글작성이 가능합니다.</p>");
15:                   }; 


JSP 파일 [/board.jsp]의 [12] 행에서 오류가 발생했습니다.
The left-hand side of an assignment must be a variable
9:               <div class="col">
10:                   <% 
11:                   if(session.getAttribute("userID")){
12:                     out.println("<a href="write.jsp" role="button" class="btn btn-primary">글쓰기</a>");
13:                   }else{
14:                     out.println("<p>로그인을 해야 글작성이 가능합니다.</p>");
15:                   }; 


JSP 파일 [/board.jsp]의 [12] 행에서 오류가 발생했습니다.
Syntax error on token(s), misplaced construct(s)
9:               <div class="col">
10:                   <% 
11:                   if(session.getAttribute("userID")){
12:                     out.println("<a href="write.jsp" role="button" class="btn btn-primary">글쓰기</a>");
13:                   }else{
14:                     out.println("<p>로그인을 해야 글작성이 가능합니다.</p>");
15:                   }; 


JSP 파일 [/board.jsp]의 [12] 행에서 오류가 발생했습니다.
Syntax error, insert "AssignmentOperator Expression" to complete Expression
9:               <div class="col">
10:                   <% 
11:                   if(session.getAttribute("userID")){
12:                     out.println("<a href="write.jsp" role="button" class="btn btn-primary">글쓰기</a>");
13:                   }else{
14:                     out.println("<p>로그인을 해야 글작성이 가능합니다.</p>");
15:                   }; 


Stacktrace:
		at org.apache.jasper.compiler.DefaultErrorHandler.javacError(DefaultErrorHandler.java:102)
		at org.apache.jasper.compiler.ErrorDispatcher.javacError(ErrorDispatcher.java:213)
		at org.apache.jasper.compiler.JDTCompiler.generateClass(JDTCompiler.java:600)
		at org.apache.jasper.compiler.Compiler.compile(Compiler.java:381)
		at org.apache.jasper.compiler.Compiler.compile(Compiler.java:351)
		at org.apache.jasper.compiler.Compiler.compile(Compiler.java:335)
		at org.apache.jasper.JspCompilationContext.compile(JspCompilationContext.java:597)
		at org.apache.jasper.servlet.JspServletWrapper.service(JspServletWrapper.java:398)
		at org.apache.jasper.servlet.JspServlet.serviceJspFile(JspServlet.java:383)
		at org.apache.jasper.servlet.JspServlet.service(JspServlet.java:331)
		at javax.servlet.http.HttpServlet.service(HttpServlet.java:582)
		at org.apache.catalina.core.ApplicationFilterChain.internalDoFilter(ApplicationFilterChain.java:212)
		at org.apache.catalina.core.ApplicationFilterChain.doFilter(ApplicationFilterChain.java:156)
		at org.apache.tomcat.websocket.server.WsFilter.doFilter(WsFilter.java:52)
		at org.apache.catalina.core.ApplicationFilterChain.internalDoFilter(ApplicationFilterChain.java:181)
		at org.apache.catalina.core.ApplicationFilterChain.doFilter(ApplicationFilterChain.java:156)
		at org.apache.catalina.core.StandardWrapperValve.invoke(StandardWrapperValve.java:167)
		at org.apache.catalina.core.StandardContextValve.invoke(StandardContextValve.java:90)
		at org.apache.catalina.authenticator.AuthenticatorBase.invoke(AuthenticatorBase.java:494)
		at org.apache.catalina.core.StandardHostValve.invoke(StandardHostValve.java:130)
		at org.apache.catalina.valves.ErrorReportValve.invoke(ErrorReportValve.java:93)
		at org.apache.catalina.valves.AbstractAccessLogValve.invoke(AbstractAccessLogValve.java:682)
		at org.apache.catalina.core.StandardEngineValve.invoke(StandardEngineValve.java:74)
		at org.apache.catalina.connector.CoyoteAdapter.service(CoyoteAdapter.java:343)
		at org.apache.coyote.http11.Http11Processor.service(Http11Processor.java:617)
		at org.apache.coyote.AbstractProcessorLight.process(AbstractProcessorLight.java:63)
		at org.apache.coyote.AbstractProtocol$ConnectionHandler.process(AbstractProtocol.java:932)
		at org.apache.tomcat.util.net.NioEndpoint$SocketProcessor.doRun(NioEndpoint.java:1695)
		at org.apache.tomcat.util.net.SocketProcessorBase.run(SocketProcessorBase.java:49)
		at org.apache.tomcat.util.threads.ThreadPoolExecutor.runWorker(ThreadPoolExecutor.java:1191)
		at org.apache.tomcat.util.threads.ThreadPoolExecutor$Worker.run(ThreadPoolExecutor.java:659)
		at org.apache.tomcat.util.threads.TaskThread$WrappingRunnable.run(TaskThread.java:61)
		at java.base/java.lang.Thread.run(Thread.java:1623)
29-Mar-2023 00:02:50.262 SEVERE [http-nio-8000-exec-1] org.apache.catalina.core.StandardWrapperValve.invoke 경로 []의 컨텍스트 내의 서블릿 [jsp]을(를) 위한 Servlet.service() 호출이, 근본 원인(root cause)과 함께, 예외 [JSP를 위한 클래스를 컴파일할 수 없습니다.: 

JSP 파일 [/board.jsp]의 [11] 행에서 오류가 발생했습니다.
Type mismatch: cannot convert from Object to boolean
8:     <div class="row">
9:               <div class="col">
10:                   <% 
11:                   if(session.getAttribute("userID")){
12:                     out.println("<a href=\"write.jsp\" role="button" class=\"btn btn-primary\">글쓰기</a>");
13:                   }else{
14:                     out.println("<p>로그인을 해야 글작성이 가능합니다.</p>");


JSP 파일 [/board.jsp]의 [12] 행에서 오류가 발생했습니다.
The left-hand side of an assignment must be a variable
9:               <div class="col">
10:                   <% 
11:                   if(session.getAttribute("userID")){
12:                     out.println("<a href=\"write.jsp\" role="button" class=\"btn btn-primary\">글쓰기</a>");
13:                   }else{
14:                     out.println("<p>로그인을 해야 글작성이 가능합니다.</p>");
15:                   }; 


JSP 파일 [/board.jsp]의 [12] 행에서 오류가 발생했습니다.
Syntax error on token "button", invalid AssignmentOperator
9:               <div class="col">
10:                   <% 
11:                   if(session.getAttribute("userID")){
12:                     out.println("<a href=\"write.jsp\" role="button" class=\"btn btn-primary\">글쓰기</a>");
13:                   }else{
14:                     out.println("<p>로그인을 해야 글작성이 가능합니다.</p>");
15:                   }; 


Stacktrace:]을(를) 발생시켰습니다.
	org.apache.jasper.JasperException: JSP를 위한 클래스를 컴파일할 수 없습니다.: 

JSP 파일 [/board.jsp]의 [11] 행에서 오류가 발생했습니다.
Type mismatch: cannot convert from Object to boolean
8:     <div class="row">
9:               <div class="col">
10:                   <% 
11:                   if(session.getAttribute("userID")){
12:                     out.println("<a href=\"write.jsp\" role="button" class=\"btn btn-primary\">글쓰기</a>");
13:                   }else{
14:                     out.println("<p>로그인을 해야 글작성이 가능합니다.</p>");


JSP 파일 [/board.jsp]의 [12] 행에서 오류가 발생했습니다.
The left-hand side of an assignment must be a variable
9:               <div class="col">
10:                   <% 
11:                   if(session.getAttribute("userID")){
12:                     out.println("<a href=\"write.jsp\" role="button" class=\"btn btn-primary\">글쓰기</a>");
13:                   }else{
14:                     out.println("<p>로그인을 해야 글작성이 가능합니다.</p>");
15:                   }; 


JSP 파일 [/board.jsp]의 [12] 행에서 오류가 발생했습니다.
Syntax error on token "button", invalid AssignmentOperator
9:               <div class="col">
10:                   <% 
11:                   if(session.getAttribute("userID")){
12:                     out.println("<a href=\"write.jsp\" role="button" class=\"btn btn-primary\">글쓰기</a>");
13:                   }else{
14:                     out.println("<p>로그인을 해야 글작성이 가능합니다.</p>");
15:                   }; 


Stacktrace:
		at org.apache.jasper.compiler.DefaultErrorHandler.javacError(DefaultErrorHandler.java:102)
		at org.apache.jasper.compiler.ErrorDispatcher.javacError(ErrorDispatcher.java:213)
		at org.apache.jasper.compiler.JDTCompiler.generateClass(JDTCompiler.java:600)
		at org.apache.jasper.compiler.Compiler.compile(Compiler.java:381)
		at org.apache.jasper.compiler.Compiler.compile(Compiler.java:351)
		at org.apache.jasper.compiler.Compiler.compile(Compiler.java:335)
		at org.apache.jasper.JspCompilationContext.compile(JspCompilationContext.java:597)
		at org.apache.jasper.servlet.JspServletWrapper.service(JspServletWrapper.java:398)
		at org.apache.jasper.servlet.JspServlet.serviceJspFile(JspServlet.java:383)
		at org.apache.jasper.servlet.JspServlet.service(JspServlet.java:331)
		at javax.servlet.http.HttpServlet.service(HttpServlet.java:582)
		at org.apache.catalina.core.ApplicationFilterChain.internalDoFilter(ApplicationFilterChain.java:212)
		at org.apache.catalina.core.ApplicationFilterChain.doFilter(ApplicationFilterChain.java:156)
		at org.apache.tomcat.websocket.server.WsFilter.doFilter(WsFilter.java:52)
		at org.apache.catalina.core.ApplicationFilterChain.internalDoFilter(ApplicationFilterChain.java:181)
		at org.apache.catalina.core.ApplicationFilterChain.doFilter(ApplicationFilterChain.java:156)
		at org.apache.catalina.core.StandardWrapperValve.invoke(StandardWrapperValve.java:167)
		at org.apache.catalina.core.StandardContextValve.invoke(StandardContextValve.java:90)
		at org.apache.catalina.authenticator.AuthenticatorBase.invoke(AuthenticatorBase.java:494)
		at org.apache.catalina.core.StandardHostValve.invoke(StandardHostValve.java:130)
		at org.apache.catalina.valves.ErrorReportValve.invoke(ErrorReportValve.java:93)
		at org.apache.catalina.valves.AbstractAccessLogValve.invoke(AbstractAccessLogValve.java:682)
		at org.apache.catalina.core.StandardEngineValve.invoke(StandardEngineValve.java:74)
		at org.apache.catalina.connector.CoyoteAdapter.service(CoyoteAdapter.java:343)
		at org.apache.coyote.http11.Http11Processor.service(Http11Processor.java:617)
		at org.apache.coyote.AbstractProcessorLight.process(AbstractProcessorLight.java:63)
		at org.apache.coyote.AbstractProtocol$ConnectionHandler.process(AbstractProtocol.java:932)
		at org.apache.tomcat.util.net.NioEndpoint$SocketProcessor.doRun(NioEndpoint.java:1695)
		at org.apache.tomcat.util.net.SocketProcessorBase.run(SocketProcessorBase.java:49)
		at org.apache.tomcat.util.threads.ThreadPoolExecutor.runWorker(ThreadPoolExecutor.java:1191)
		at org.apache.tomcat.util.threads.ThreadPoolExecutor$Worker.run(ThreadPoolExecutor.java:659)
		at org.apache.tomcat.util.threads.TaskThread$WrappingRunnable.run(TaskThread.java:61)
		at java.base/java.lang.Thread.run(Thread.java:1623)
29-Mar-2023 00:03:08.344 SEVERE [http-nio-8000-exec-3] org.apache.catalina.core.StandardWrapperValve.invoke 경로 []의 컨텍스트 내의 서블릿 [jsp]을(를) 위한 Servlet.service() 호출이, 근본 원인(root cause)과 함께, 예외 [JSP를 위한 클래스를 컴파일할 수 없습니다.: 

JSP 파일 [/board.jsp]의 [11] 행에서 오류가 발생했습니다.
Type mismatch: cannot convert from Object to boolean
8:     <div class="row">
9:               <div class="col">
10:                   <% 
11:                   if(session.getAttribute("userID")){
12:                     out.println("<a href=\"write.jsp\" role=\"button\" class=\"btn btn-primary\">글쓰기</a>");
13:                   }else{
14:                     out.println("<p>로그인을 해야 글작성이 가능합니다.</p>");


Stacktrace:]을(를) 발생시켰습니다.
	org.apache.jasper.JasperException: JSP를 위한 클래스를 컴파일할 수 없습니다.: 

JSP 파일 [/board.jsp]의 [11] 행에서 오류가 발생했습니다.
Type mismatch: cannot convert from Object to boolean
8:     <div class="row">
9:               <div class="col">
10:                   <% 
11:                   if(session.getAttribute("userID")){
12:                     out.println("<a href=\"write.jsp\" role=\"button\" class=\"btn btn-primary\">글쓰기</a>");
13:                   }else{
14:                     out.println("<p>로그인을 해야 글작성이 가능합니다.</p>");


Stacktrace:
		at org.apache.jasper.compiler.DefaultErrorHandler.javacError(DefaultErrorHandler.java:102)
		at org.apache.jasper.compiler.ErrorDispatcher.javacError(ErrorDispatcher.java:213)
		at org.apache.jasper.compiler.JDTCompiler.generateClass(JDTCompiler.java:600)
		at org.apache.jasper.compiler.Compiler.compile(Compiler.java:381)
		at org.apache.jasper.compiler.Compiler.compile(Compiler.java:351)
		at org.apache.jasper.compiler.Compiler.compile(Compiler.java:335)
		at org.apache.jasper.JspCompilationContext.compile(JspCompilationContext.java:597)
		at org.apache.jasper.servlet.JspServletWrapper.service(JspServletWrapper.java:398)
		at org.apache.jasper.servlet.JspServlet.serviceJspFile(JspServlet.java:383)
		at org.apache.jasper.servlet.JspServlet.service(JspServlet.java:331)
		at javax.servlet.http.HttpServlet.service(HttpServlet.java:582)
		at org.apache.catalina.core.ApplicationFilterChain.internalDoFilter(ApplicationFilterChain.java:212)
		at org.apache.catalina.core.ApplicationFilterChain.doFilter(ApplicationFilterChain.java:156)
		at org.apache.tomcat.websocket.server.WsFilter.doFilter(WsFilter.java:52)
		at org.apache.catalina.core.ApplicationFilterChain.internalDoFilter(ApplicationFilterChain.java:181)
		at org.apache.catalina.core.ApplicationFilterChain.doFilter(ApplicationFilterChain.java:156)
		at org.apache.catalina.core.StandardWrapperValve.invoke(StandardWrapperValve.java:167)
		at org.apache.catalina.core.StandardContextValve.invoke(StandardContextValve.java:90)
		at org.apache.catalina.authenticator.AuthenticatorBase.invoke(AuthenticatorBase.java:494)
		at org.apache.catalina.core.StandardHostValve.invoke(StandardHostValve.java:130)
		at org.apache.catalina.valves.ErrorReportValve.invoke(ErrorReportValve.java:93)
		at org.apache.catalina.valves.AbstractAccessLogValve.invoke(AbstractAccessLogValve.java:682)
		at org.apache.catalina.core.StandardEngineValve.invoke(StandardEngineValve.java:74)
		at org.apache.catalina.connector.CoyoteAdapter.service(CoyoteAdapter.java:343)
		at org.apache.coyote.http11.Http11Processor.service(Http11Processor.java:617)
		at org.apache.coyote.AbstractProcessorLight.process(AbstractProcessorLight.java:63)
		at org.apache.coyote.AbstractProtocol$ConnectionHandler.process(AbstractProtocol.java:932)
		at org.apache.tomcat.util.net.NioEndpoint$SocketProcessor.doRun(NioEndpoint.java:1695)
		at org.apache.tomcat.util.net.SocketProcessorBase.run(SocketProcessorBase.java:49)
		at org.apache.tomcat.util.threads.ThreadPoolExecutor.runWorker(ThreadPoolExecutor.java:1191)
		at org.apache.tomcat.util.threads.ThreadPoolExecutor$Worker.run(ThreadPoolExecutor.java:659)
		at org.apache.tomcat.util.threads.TaskThread$WrappingRunnable.run(TaskThread.java:61)
		at java.base/java.lang.Thread.run(Thread.java:1623)
29-Mar-2023 00:03:39.525 SEVERE [http-nio-8000-exec-9] org.apache.catalina.core.StandardWrapperValve.invoke 경로 []의 컨텍스트 내의 서블릿 [jsp]을(를) 위한 Servlet.service() 호출이, 근본 원인(root cause)과 함께, 예외 [JSP를 위한 클래스를 컴파일할 수 없습니다.: 

JSP 파일 [/board.jsp]의 [11] 행에서 오류가 발생했습니다.
Type mismatch: cannot convert from Object to boolean
8:     <div class="row">
9:               <div class="col">
10:                   <% 
11:                   if(session.getAttribute("userID")){
12:                     out.println("<a href=\"write.jsp\" role=\"button\" class=\"btn btn-primary\">글쓰기</a>");
13:                   }else{
14:                     out.println("<p>로그인을 해야 글작성이 가능합니다.</p>");


Stacktrace:]을(를) 발생시켰습니다.
	org.apache.jasper.JasperException: JSP를 위한 클래스를 컴파일할 수 없습니다.: 

JSP 파일 [/board.jsp]의 [11] 행에서 오류가 발생했습니다.
Type mismatch: cannot convert from Object to boolean
8:     <div class="row">
9:               <div class="col">
10:                   <% 
11:                   if(session.getAttribute("userID")){
12:                     out.println("<a href=\"write.jsp\" role=\"button\" class=\"btn btn-primary\">글쓰기</a>");
13:                   }else{
14:                     out.println("<p>로그인을 해야 글작성이 가능합니다.</p>");


Stacktrace:
		at org.apache.jasper.compiler.DefaultErrorHandler.javacError(DefaultErrorHandler.java:102)
		at org.apache.jasper.compiler.ErrorDispatcher.javacError(ErrorDispatcher.java:213)
		at org.apache.jasper.compiler.JDTCompiler.generateClass(JDTCompiler.java:600)
		at org.apache.jasper.compiler.Compiler.compile(Compiler.java:381)
		at org.apache.jasper.compiler.Compiler.compile(Compiler.java:351)
		at org.apache.jasper.compiler.Compiler.compile(Compiler.java:335)
		at org.apache.jasper.JspCompilationContext.compile(JspCompilationContext.java:597)
		at org.apache.jasper.servlet.JspServletWrapper.service(JspServletWrapper.java:398)
		at org.apache.jasper.servlet.JspServlet.serviceJspFile(JspServlet.java:383)
		at org.apache.jasper.servlet.JspServlet.service(JspServlet.java:331)
		at javax.servlet.http.HttpServlet.service(HttpServlet.java:582)
		at org.apache.catalina.core.ApplicationFilterChain.internalDoFilter(ApplicationFilterChain.java:212)
		at org.apache.catalina.core.ApplicationFilterChain.doFilter(ApplicationFilterChain.java:156)
		at org.apache.tomcat.websocket.server.WsFilter.doFilter(WsFilter.java:52)
		at org.apache.catalina.core.ApplicationFilterChain.internalDoFilter(ApplicationFilterChain.java:181)
		at org.apache.catalina.core.ApplicationFilterChain.doFilter(ApplicationFilterChain.java:156)
		at org.apache.catalina.core.StandardWrapperValve.invoke(StandardWrapperValve.java:167)
		at org.apache.catalina.core.StandardContextValve.invoke(StandardContextValve.java:90)
		at org.apache.catalina.authenticator.AuthenticatorBase.invoke(AuthenticatorBase.java:494)
		at org.apache.catalina.core.StandardHostValve.invoke(StandardHostValve.java:130)
		at org.apache.catalina.valves.ErrorReportValve.invoke(ErrorReportValve.java:93)
		at org.apache.catalina.valves.AbstractAccessLogValve.invoke(AbstractAccessLogValve.java:682)
		at org.apache.catalina.core.StandardEngineValve.invoke(StandardEngineValve.java:74)
		at org.apache.catalina.connector.CoyoteAdapter.service(CoyoteAdapter.java:343)
		at org.apache.coyote.http11.Http11Processor.service(Http11Processor.java:617)
		at org.apache.coyote.AbstractProcessorLight.process(AbstractProcessorLight.java:63)
		at org.apache.coyote.AbstractProtocol$ConnectionHandler.process(AbstractProtocol.java:932)
		at org.apache.tomcat.util.net.NioEndpoint$SocketProcessor.doRun(NioEndpoint.java:1695)
		at org.apache.tomcat.util.net.SocketProcessorBase.run(SocketProcessorBase.java:49)
		at org.apache.tomcat.util.threads.ThreadPoolExecutor.runWorker(ThreadPoolExecutor.java:1191)
		at org.apache.tomcat.util.threads.ThreadPoolExecutor$Worker.run(ThreadPoolExecutor.java:659)
		at org.apache.tomcat.util.threads.TaskThread$WrappingRunnable.run(TaskThread.java:61)
		at java.base/java.lang.Thread.run(Thread.java:1623)
